Using pre-set license
Built from '2021.3/release' branch; Version is '2021.3.12f1 (8af3c3e441b1) revision 9106371'; Using compiler version '192829333'; Build Type 'Release'
OS: 'Windows 10  (10.0.19045) 64bit Core' Language: 'en' Physical Memory: 16253 MB
BatchMode: 1, IsHumanControllingUs: 0, StartBugReporterOnCrash: 0, Is64bit: 1, IsPro: 1

COMMAND LINE ARGUMENTS:
C:\Program Files\Unity\Hub\Editor\2021.3.12f1\Editor\Unity.exe
-adb2
-batchMode
-noUpm
-name
AssetImportWorker15
-projectPath
D:/KULYEAH/5/GAME DESIGN/[PROJECT]/DESGA-PROJ
-logFile
Logs/AssetImportWorker15.log
-srvPort
56072
Successfully changed project path to: D:/KULYEAH/5/GAME DESIGN/[PROJECT]/DESGA-PROJ
D:/KULYEAH/5/GAME DESIGN/[PROJECT]/DESGA-PROJ
[UnityMemory] Configuration Parameters - Can be set up in boot.config
    "memorysetup-bucket-allocator-granularity=16"
    "memorysetup-bucket-allocator-bucket-count=8"
    "memorysetup-bucket-allocator-block-size=33554432"
    "memorysetup-bucket-allocator-block-count=8"
    "memorysetup-main-allocator-block-size=16777216"
    "memorysetup-thread-allocator-block-size=16777216"
    "memorysetup-gfx-main-allocator-block-size=16777216"
    "memorysetup-gfx-thread-allocator-block-size=16777216"
    "memorysetup-cache-allocator-block-size=4194304"
    "memorysetup-typetree-allocator-block-size=2097152"
    "memorysetup-profiler-bucket-allocator-granularity=16"
    "memorysetup-profiler-bucket-allocator-bucket-count=8"
    "memorysetup-profiler-bucket-allocator-block-size=33554432"
    "memorysetup-profiler-bucket-allocator-block-count=8"
    "memorysetup-profiler-allocator-block-size=16777216"
    "memorysetup-profiler-editor-allocator-block-size=1048576"
    "memorysetup-temp-allocator-size-main=16777216"
    "memorysetup-job-temp-allocator-block-size=2097152"
    "memorysetup-job-temp-allocator-block-size-background=1048576"
    "memorysetup-job-temp-allocator-reduction-small-platforms=262144"
    "memorysetup-temp-allocator-size-background-worker=32768"
    "memorysetup-temp-allocator-size-job-worker=262144"
    "memorysetup-temp-allocator-size-preload-manager=33554432"
    "memorysetup-temp-allocator-size-nav-mesh-worker=65536"
    "memorysetup-temp-allocator-size-audio-worker=65536"
    "memorysetup-temp-allocator-size-cloud-worker=32768"
    "memorysetup-temp-allocator-size-gi-baking-worker=262144"
    "memorysetup-temp-allocator-size-gfx=262144"
Refreshing native plugins compatible for Editor in 97.17 ms, found 3 plugins.
Preloading 0 native plugins for Editor in 0.00 ms.
Initialize engine version: 2021.3.12f1 (8af3c3e441b1)
[Subsystems] Discovering subsystems at path C:/Program Files/Unity/Hub/Editor/2021.3.12f1/Editor/Data/Resources/UnitySubsystems
[Subsystems] Discovering subsystems at path D:/KULYEAH/5/GAME DESIGN/[PROJECT]/DESGA-PROJ/Assets
GfxDevice: creating device client; threaded=0; jobified=0
Direct3D:
    Version:  Direct3D 11.0 [level 11.1]
    Renderer: NVIDIA GeForce GTX 1650 Ti (ID=0x1f95)
    Vendor:   NVIDIA
    VRAM:     3949 MB
    Driver:   31.0.15.2756
Initialize mono
Mono path[0] = 'C:/Program Files/Unity/Hub/Editor/2021.3.12f1/Editor/Data/Managed'
Mono path[1] = 'C:/Program Files/Unity/Hub/Editor/2021.3.12f1/Editor/Data/MonoBleedingEdge/lib/mono/unityjit-win32'
Mono config path = 'C:/Program Files/Unity/Hub/Editor/2021.3.12f1/Editor/Data/MonoBleedingEdge/etc'
Using monoOptions --debugger-agent=transport=dt_socket,embedding=1,server=y,suspend=n,address=127.0.0.1:56472
Begin MonoManager ReloadAssembly
Registering precompiled unity dll's ...
Register platform support module: C:/Program Files/Unity/Hub/Editor/2021.3.12f1/Editor/Data/PlaybackEngines/WebGLSupport/UnityEditor.WebGL.Extensions.dll
Register platform support module: C:/Program Files/Unity/Hub/Editor/2021.3.12f1/Editor/Data/PlaybackEngines/AndroidPlayer/UnityEditor.Android.Extensions.dll
Register platform support module: C:/Program Files/Unity/Hub/Editor/2021.3.12f1/Editor/Data/PlaybackEngines/WindowsStandaloneSupport/UnityEditor.WindowsStandalone.Extensions.dll
Registered in 0.008268 seconds.
Native extension for WindowsStandalone target not found
Native extension for Android target not found
Native extension for WebGL target not found
Refreshing native plugins compatible for Editor in 88.90 ms, found 3 plugins.
Preloading 0 native plugins for Editor in 0.00 ms.
Mono: successfully reloaded assembly
- Completed reload, in  0.667 seconds
Domain Reload Profiling:
	ReloadAssembly (667ms)
		BeginReloadAssembly (73ms)
			ExecutionOrderSort (0ms)
			DisableScriptedObjects (0ms)
			BackupInstance (0ms)
			ReleaseScriptingObjects (0ms)
			CreateAndSetChildDomain (1ms)
		EndReloadAssembly (480ms)
			LoadAssemblies (72ms)
			RebuildTransferFunctionScriptingTraits (0ms)
			SetupTypeCache (110ms)
			ReleaseScriptCaches (0ms)
			RebuildScriptCaches (29ms)
			SetupLoadedEditorAssemblies (289ms)
				LogAssemblyErrors (0ms)
				InitializePlatformSupportModulesInManaged (58ms)
				SetLoadedEditorAssemblies (0ms)
				RefreshPlugins (89ms)
				BeforeProcessingInitializeOnLoad (4ms)
				ProcessInitializeOnLoadAttributes (95ms)
				ProcessInitializeOnLoadMethodAttributes (44ms)
				AfterProcessingInitializeOnLoad (0ms)
				EditorAssembliesLoaded (0ms)
			ExecutionOrderSort2 (0ms)
			AwakeInstancesAfterBackupRestoration (0ms)
Platform modules already initialized, skipping
Registering precompiled user dll's ...
Registered in 0.004440 seconds.
Begin MonoManager ReloadAssembly
Symbol file LoadedFromMemory doesn't match image D:\KULYEAH\5\GAME DESIGN\[PROJECT]\DESGA-PROJ\Library\PackageCache\com.unity.visualscripting@1.7.8\Editor\VisualScripting.Core\Dependencies\YamlDotNet\Unity.VisualScripting.YamlDotNet.dll
Symbol file LoadedFromMemory doesn't match image D:\KULYEAH\5\GAME DESIGN\[PROJECT]\DESGA-PROJ\Library\PackageCache\com.unity.visualscripting@1.7.8\Editor\VisualScripting.Core\Dependencies\DotNetZip\Unity.VisualScripting.IonicZip.dll
Native extension for WindowsStandalone target not found
Native extension for Android target not found
Native extension for WebGL target not found
Refreshing native plugins compatible for Editor in 0.79 ms, found 3 plugins.
Preloading 0 native plugins for Editor in 0.00 ms.
Mono: successfully reloaded assembly
- Completed reload, in  1.128 seconds
Domain Reload Profiling:
	ReloadAssembly (1128ms)
		BeginReloadAssembly (213ms)
			ExecutionOrderSort (0ms)
			DisableScriptedObjects (5ms)
			BackupInstance (0ms)
			ReleaseScriptingObjects (0ms)
			CreateAndSetChildDomain (126ms)
		EndReloadAssembly (799ms)
			LoadAssemblies (76ms)
			RebuildTransferFunctionScriptingTraits (0ms)
			SetupTypeCache (263ms)
			ReleaseScriptCaches (1ms)
			RebuildScriptCaches (51ms)
			SetupLoadedEditorAssemblies (374ms)
				LogAssemblyErrors (0ms)
				InitializePlatformSupportModulesInManaged (17ms)
				SetLoadedEditorAssemblies (0ms)
				RefreshPlugins (1ms)
				BeforeProcessingInitializeOnLoad (92ms)
				ProcessInitializeOnLoadAttributes (229ms)
				ProcessInitializeOnLoadMethodAttributes (27ms)
				AfterProcessingInitializeOnLoad (7ms)
				EditorAssembliesLoaded (0ms)
			ExecutionOrderSort2 (0ms)
			AwakeInstancesAfterBackupRestoration (6ms)
Platform modules already initialized, skipping
========================================================================
Worker process is ready to serve import requests
Launched and connected shader compiler UnityShaderCompiler.exe after 0.05 seconds
Refreshing native plugins compatible for Editor in 0.77 ms, found 3 plugins.
Preloading 0 native plugins for Editor in 0.00 ms.
Unloading 3345 Unused Serialized files (Serialized files now loaded: 0)
Unloading 27 unused Assets / (113.4 KB). Loaded Objects now: 3822.
Memory consumption went from 130.5 MB to 130.4 MB.
Total: 3.781500 ms (FindLiveObjects: 0.457600 ms CreateObjectMapping: 0.357800 ms MarkObjects: 2.838700 ms  DeleteObjects: 0.125500 ms)

AssetImportParameters requested are different than current active one (requested -> active):
  custom:video-decoder-ogg-theora: a1e56fd34408186e4bbccfd4996cb3dc -> 
  custom:container-muxer-webm: aa71ff27fc2769a1b78a27578f13a17b -> 
  custom:container-demuxer-webm: 4f35f7cbe854078d1ac9338744f61a02 -> 
  custom:video-encoder-webm-vp8: eb34c28f22e8b96e1ab97ce403110664 -> 
  custom:audio-encoder-webm-vorbis: bf7c407c2cedff20999df2af8eb42d56 -> 
  custom:framework-win-MediaFoundation: 216162199b28c13a410421893ffa2e32 -> 
  custom:container-demuxer-ogg: 62fdf1f143b41e24485cea50d1cbac27 -> 
  custom:video-decoder-webm-vp8: 9c59270c3fd7afecdb556c50c9e8de78 -> 
  custom:audio-decoder-ogg-vorbis: bf7c407c2cedff20999df2af8eb42d56 -> 
========================================================================
Received Import Request.
  Time since last request: 170915.897259 seconds.
  path: Assets/Environments/3D Simple Building/Demo Scene B/LightingData.asset
  artifactKey: Guid(b02d104d8dd8aea40895e03140cf191f) Importer(815301076,1909f56bfc062723c751e8b465ee728b)
Start importing Assets/Environments/3D Simple Building/Demo Scene B/LightingData.asset using Guid(b02d104d8dd8aea40895e03140cf191f) Importer(815301076,1909f56bfc062723c751e8b465ee728b)  -> (artifact id: 'ee8d5ae1c4596fbf5d41a09ce40586c6') in 0.033760 seconds 
========================================================================
Received Prepare
Registering precompiled user dll's ...
Registered in 0.004484 seconds.
Begin MonoManager ReloadAssembly
Symbol file LoadedFromMemory doesn't match image D:\KULYEAH\5\GAME DESIGN\[PROJECT]\DESGA-PROJ\Library\PackageCache\com.unity.visualscripting@1.7.8\Editor\VisualScripting.Core\Dependencies\YamlDotNet\Unity.VisualScripting.YamlDotNet.dll
Symbol file LoadedFromMemory doesn't match image D:\KULYEAH\5\GAME DESIGN\[PROJECT]\DESGA-PROJ\Library\PackageCache\com.unity.visualscripting@1.7.8\Editor\VisualScripting.Core\Dependencies\DotNetZip\Unity.VisualScripting.IonicZip.dll
Native extension for WindowsStandalone target not found
Native extension for Android target not found
Native extension for WebGL target not found
Refreshing native plugins compatible for Editor in 1.24 ms, found 3 plugins.
Preloading 0 native plugins for Editor in 0.00 ms.
Mono: successfully reloaded assembly
- Completed reload, in  1.340 seconds
Domain Reload Profiling:
	ReloadAssembly (1341ms)
		BeginReloadAssembly (146ms)
			ExecutionOrderSort (0ms)
			DisableScriptedObjects (5ms)
			BackupInstance (0ms)
			ReleaseScriptingObjects (0ms)
			CreateAndSetChildDomain (42ms)
		EndReloadAssembly (1093ms)
			LoadAssemblies (93ms)
			RebuildTransferFunctionScriptingTraits (0ms)
			SetupTypeCache (385ms)
			ReleaseScriptCaches (2ms)
			RebuildScriptCaches (74ms)
			SetupLoadedEditorAssemblies (452ms)
				LogAssemblyErrors (0ms)
				InitializePlatformSupportModulesInManaged (38ms)
				SetLoadedEditorAssemblies (1ms)
				RefreshPlugins (1ms)
				BeforeProcessingInitializeOnLoad (91ms)
				ProcessInitializeOnLoadAttributes (276ms)
				ProcessInitializeOnLoadMethodAttributes (35ms)
				AfterProcessingInitializeOnLoad (9ms)
				EditorAssembliesLoaded (0ms)
			ExecutionOrderSort2 (0ms)
			AwakeInstancesAfterBackupRestoration (13ms)
Platform modules already initialized, skipping
Refreshing native plugins compatible for Editor in 2.91 ms, found 3 plugins.
Preloading 0 native plugins for Editor in 0.00 ms.
Unloading 3340 Unused Serialized files (Serialized files now loaded: 0)
Unloading 20 unused Assets / (79.9 KB). Loaded Objects now: 3826.
Memory consumption went from 130.4 MB to 130.4 MB.
Total: 3.579200 ms (FindLiveObjects: 0.321900 ms CreateObjectMapping: 0.087700 ms MarkObjects: 3.005400 ms  DeleteObjects: 0.162800 ms)

AssetImportParameters requested are different than current active one (requested -> active):
  custom:video-decoder-ogg-theora: a1e56fd34408186e4bbccfd4996cb3dc -> 
  custom:container-muxer-webm: aa71ff27fc2769a1b78a27578f13a17b -> 
  custom:container-demuxer-webm: 4f35f7cbe854078d1ac9338744f61a02 -> 
  custom:video-encoder-webm-vp8: eb34c28f22e8b96e1ab97ce403110664 -> 
  custom:audio-encoder-webm-vorbis: bf7c407c2cedff20999df2af8eb42d56 -> 
  custom:framework-win-MediaFoundation: 216162199b28c13a410421893ffa2e32 -> 
  custom:container-demuxer-ogg: 62fdf1f143b41e24485cea50d1cbac27 -> 
  custom:video-decoder-webm-vp8: 9c59270c3fd7afecdb556c50c9e8de78 -> 
  custom:audio-decoder-ogg-vorbis: bf7c407c2cedff20999df2af8eb42d56 -> 
========================================================================
Received Prepare
Registering precompiled user dll's ...
Registered in 0.003597 seconds.
Begin MonoManager ReloadAssembly
Symbol file LoadedFromMemory doesn't match image D:\KULYEAH\5\GAME DESIGN\[PROJECT]\DESGA-PROJ\Library\PackageCache\com.unity.visualscripting@1.7.8\Editor\VisualScripting.Core\Dependencies\YamlDotNet\Unity.VisualScripting.YamlDotNet.dll
Symbol file LoadedFromMemory doesn't match image D:\KULYEAH\5\GAME DESIGN\[PROJECT]\DESGA-PROJ\Library\PackageCache\com.unity.visualscripting@1.7.8\Editor\VisualScripting.Core\Dependencies\DotNetZip\Unity.VisualScripting.IonicZip.dll
Native extension for WindowsStandalone target not found
Native extension for Android target not found
Native extension for WebGL target not found
Refreshing native plugins compatible for Editor in 1.59 ms, found 3 plugins.
Preloading 0 native plugins for Editor in 0.00 ms.
Mono: successfully reloaded assembly
- Completed reload, in  1.283 seconds
Domain Reload Profiling:
	ReloadAssembly (1284ms)
		BeginReloadAssembly (155ms)
			ExecutionOrderSort (0ms)
			DisableScriptedObjects (9ms)
			BackupInstance (0ms)
			ReleaseScriptingObjects (0ms)
			CreateAndSetChildDomain (37ms)
		EndReloadAssembly (1023ms)
			LoadAssemblies (103ms)
			RebuildTransferFunctionScriptingTraits (0ms)
			SetupTypeCache (325ms)
			ReleaseScriptCaches (2ms)
			RebuildScriptCaches (63ms)
			SetupLoadedEditorAssemblies (471ms)
				LogAssemblyErrors (0ms)
				InitializePlatformSupportModulesInManaged (39ms)
				SetLoadedEditorAssemblies (1ms)
				RefreshPlugins (2ms)
				BeforeProcessingInitializeOnLoad (89ms)
				ProcessInitializeOnLoadAttributes (293ms)
				ProcessInitializeOnLoadMethodAttributes (39ms)
				AfterProcessingInitializeOnLoad (8ms)
				EditorAssembliesLoaded (0ms)
			ExecutionOrderSort2 (0ms)
			AwakeInstancesAfterBackupRestoration (8ms)
Platform modules already initialized, skipping
Refreshing native plugins compatible for Editor in 2.35 ms, found 3 plugins.
Preloading 0 native plugins for Editor in 0.00 ms.
Unloading 3340 Unused Serialized files (Serialized files now loaded: 0)
Unloading 20 unused Assets / (80.0 KB). Loaded Objects now: 3829.
Memory consumption went from 130.4 MB to 130.4 MB.
Total: 4.577800 ms (FindLiveObjects: 0.410200 ms CreateObjectMapping: 0.094300 ms MarkObjects: 3.946600 ms  DeleteObjects: 0.125300 ms)

AssetImportParameters requested are different than current active one (requested -> active):
  custom:video-decoder-ogg-theora: a1e56fd34408186e4bbccfd4996cb3dc -> 
  custom:container-muxer-webm: aa71ff27fc2769a1b78a27578f13a17b -> 
  custom:container-demuxer-webm: 4f35f7cbe854078d1ac9338744f61a02 -> 
  custom:video-encoder-webm-vp8: eb34c28f22e8b96e1ab97ce403110664 -> 
  custom:audio-encoder-webm-vorbis: bf7c407c2cedff20999df2af8eb42d56 -> 
  custom:framework-win-MediaFoundation: 216162199b28c13a410421893ffa2e32 -> 
  custom:container-demuxer-ogg: 62fdf1f143b41e24485cea50d1cbac27 -> 
  custom:video-decoder-webm-vp8: 9c59270c3fd7afecdb556c50c9e8de78 -> 
  custom:audio-decoder-ogg-vorbis: bf7c407c2cedff20999df2af8eb42d56 -> 
========================================================================
Received Prepare
Registering precompiled user dll's ...
Registered in 0.004534 seconds.
Begin MonoManager ReloadAssembly
Symbol file LoadedFromMemory doesn't match image D:\KULYEAH\5\GAME DESIGN\[PROJECT]\DESGA-PROJ\Library\PackageCache\com.unity.visualscripting@1.7.8\Editor\VisualScripting.Core\Dependencies\YamlDotNet\Unity.VisualScripting.YamlDotNet.dll
Symbol file LoadedFromMemory doesn't match image D:\KULYEAH\5\GAME DESIGN\[PROJECT]\DESGA-PROJ\Library\PackageCache\com.unity.visualscripting@1.7.8\Editor\VisualScripting.Core\Dependencies\DotNetZip\Unity.VisualScripting.IonicZip.dll
Native extension for WindowsStandalone target not found
Native extension for Android target not found
Native extension for WebGL target not found
Refreshing native plugins compatible for Editor in 1.54 ms, found 3 plugins.
Preloading 0 native plugins for Editor in 0.00 ms.
Mono: successfully reloaded assembly
- Completed reload, in  1.294 seconds
Domain Reload Profiling:
	ReloadAssembly (1295ms)
		BeginReloadAssembly (156ms)
			ExecutionOrderSort (0ms)
			DisableScriptedObjects (6ms)
			BackupInstance (0ms)
			ReleaseScriptingObjects (0ms)
			CreateAndSetChildDomain (39ms)
		EndReloadAssembly (1027ms)
			LoadAssemblies (108ms)
			RebuildTransferFunctionScriptingTraits (0ms)
			SetupTypeCache (347ms)
			ReleaseScriptCaches (1ms)
			RebuildScriptCaches (54ms)
			SetupLoadedEditorAssemblies (470ms)
				LogAssemblyErrors (0ms)
				InitializePlatformSupportModulesInManaged (45ms)
				SetLoadedEditorAssemblies (1ms)
				RefreshPlugins (2ms)
				BeforeProcessingInitializeOnLoad (89ms)
				ProcessInitializeOnLoadAttributes (277ms)
				ProcessInitializeOnLoadMethodAttributes (43ms)
				AfterProcessingInitializeOnLoad (12ms)
				EditorAssembliesLoaded (0ms)
			ExecutionOrderSort2 (0ms)
			AwakeInstancesAfterBackupRestoration (9ms)
Platform modules already initialized, skipping
Refreshing native plugins compatible for Editor in 2.23 ms, found 3 plugins.
Preloading 0 native plugins for Editor in 0.00 ms.
Unloading 3340 Unused Serialized files (Serialized files now loaded: 0)
Unloading 20 unused Assets / (80.1 KB). Loaded Objects now: 3832.
Memory consumption went from 130.5 MB to 130.4 MB.
Total: 6.203200 ms (FindLiveObjects: 0.624800 ms CreateObjectMapping: 0.304700 ms MarkObjects: 5.044000 ms  DeleteObjects: 0.228300 ms)

AssetImportParameters requested are different than current active one (requested -> active):
  custom:video-decoder-ogg-theora: a1e56fd34408186e4bbccfd4996cb3dc -> 
  custom:container-muxer-webm: aa71ff27fc2769a1b78a27578f13a17b -> 
  custom:container-demuxer-webm: 4f35f7cbe854078d1ac9338744f61a02 -> 
  custom:video-encoder-webm-vp8: eb34c28f22e8b96e1ab97ce403110664 -> 
  custom:audio-encoder-webm-vorbis: bf7c407c2cedff20999df2af8eb42d56 -> 
  custom:framework-win-MediaFoundation: 216162199b28c13a410421893ffa2e32 -> 
  custom:container-demuxer-ogg: 62fdf1f143b41e24485cea50d1cbac27 -> 
  custom:video-decoder-webm-vp8: 9c59270c3fd7afecdb556c50c9e8de78 -> 
  custom:audio-decoder-ogg-vorbis: bf7c407c2cedff20999df2af8eb42d56 -> 
========================================================================
Received Import Request.
  Time since last request: 1502.395473 seconds.
  path: Assets/Environments/BrokenVector/LowPolyFencePack/Materials/Brown Wood.mat
  artifactKey: Guid(1fc121be3f680634fbb8cab1fa2d47c8) Importer(815301076,1909f56bfc062723c751e8b465ee728b)
Start importing Assets/Environments/BrokenVector/LowPolyFencePack/Materials/Brown Wood.mat using Guid(1fc121be3f680634fbb8cab1fa2d47c8) Importer(815301076,1909f56bfc062723c751e8b465ee728b)  -> (artifact id: '29de5ac4f9236ad761b548967e425922') in 0.131508 seconds 
========================================================================
Received Import Request.
  Time since last request: 1.386041 seconds.
  path: Assets/Environments/BrokenVector/LowPolyFencePack/Models/Fence Type1 01.dae
  artifactKey: Guid(607fa0a0a8b6097479348b4480edc606) Importer(815301076,1909f56bfc062723c751e8b465ee728b)
Start importing Assets/Environments/BrokenVector/LowPolyFencePack/Models/Fence Type1 01.dae using Guid(607fa0a0a8b6097479348b4480edc606) Importer(815301076,1909f56bfc062723c751e8b465ee728b)  -> (artifact id: '72ff94be4c9d99bd34155f1d09fd1e04') in 0.131974 seconds 
========================================================================
Received Import Request.
  Time since last request: 0.000040 seconds.
  path: Assets/Environments/BrokenVector/LowPolyFencePack/Models/Fence Type2 03.dae
  artifactKey: Guid(d48bf2190ea9990478b126e5e2540a8d) Importer(815301076,1909f56bfc062723c751e8b465ee728b)
Start importing Assets/Environments/BrokenVector/LowPolyFencePack/Models/Fence Type2 03.dae using Guid(d48bf2190ea9990478b126e5e2540a8d) Importer(815301076,1909f56bfc062723c751e8b465ee728b)  -> (artifact id: 'e9ab18399b1e05fb473092994e855415') in 0.020251 seconds 
========================================================================
Received Import Request.
  Time since last request: 0.000041 seconds.
  path: Assets/Environments/BrokenVector/LowPolyFencePack/Models/Fence Type6 Small.dae
  artifactKey: Guid(32ece367df421af48acad3f16120520c) Importer(815301076,1909f56bfc062723c751e8b465ee728b)
Start importing Assets/Environments/BrokenVector/LowPolyFencePack/Models/Fence Type6 Small.dae using Guid(32ece367df421af48acad3f16120520c) Importer(815301076,1909f56bfc062723c751e8b465ee728b)  -> (artifact id: '7b4a29ab2f6edbf75e53fcef574a1a7e') in 0.019127 seconds 
========================================================================
Received Import Request.
  Time since last request: 0.000030 seconds.
  path: Assets/Environments/BrokenVector/LowPolyFencePack/Models/Fence Type3 01.dae
  artifactKey: Guid(7e1ddd08b1b2c354a8ad951245480569) Importer(815301076,1909f56bfc062723c751e8b465ee728b)
Start importing Assets/Environments/BrokenVector/LowPolyFencePack/Models/Fence Type3 01.dae using Guid(7e1ddd08b1b2c354a8ad951245480569) Importer(815301076,1909f56bfc062723c751e8b465ee728b)  -> (artifact id: '79886fafb0f62312c7cd1c1deb7637cb') in 0.018486 seconds 
========================================================================
Received Import Request.
  Time since last request: 0.000041 seconds.
  path: Assets/Environments/BrokenVector/LowPolyFencePack/Models/Fence Type2 02.dae
  artifactKey: Guid(e5af5116aa5f71b4fb5f5ffc3443447d) Importer(815301076,1909f56bfc062723c751e8b465ee728b)
Start importing Assets/Environments/BrokenVector/LowPolyFencePack/Models/Fence Type2 02.dae using Guid(e5af5116aa5f71b4fb5f5ffc3443447d) Importer(815301076,1909f56bfc062723c751e8b465ee728b)  -> (artifact id: 'b18e4b416eb1e18e2ace0808a97ba014') in 0.017557 seconds 
========================================================================
Received Import Request.
  Time since last request: 0.000031 seconds.
  path: Assets/Environments/BrokenVector/LowPolyFencePack/Models/Fence Type5 Big.dae
  artifactKey: Guid(1f40fa7399dd9aa4b93f77317682f7ed) Importer(815301076,1909f56bfc062723c751e8b465ee728b)
Start importing Assets/Environments/BrokenVector/LowPolyFencePack/Models/Fence Type5 Big.dae using Guid(1f40fa7399dd9aa4b93f77317682f7ed) Importer(815301076,1909f56bfc062723c751e8b465ee728b)  -> (artifact id: '2b229f258042c732d3f27ffdecb54f54') in 0.018560 seconds 
========================================================================
Received Import Request.
  Time since last request: 0.000029 seconds.
  path: Assets/Environments/BrokenVector/LowPolyFencePack/Models/Fence Type3 02.dae
  artifactKey: Guid(35aff7f9767a6ee429d8bdf31328705f) Importer(815301076,1909f56bfc062723c751e8b465ee728b)
Start importing Assets/Environments/BrokenVector/LowPolyFencePack/Models/Fence Type3 02.dae using Guid(35aff7f9767a6ee429d8bdf31328705f) Importer(815301076,1909f56bfc062723c751e8b465ee728b)  -> (artifact id: 'aa51729c674df08dba398e58add405f0') in 0.018472 seconds 
========================================================================
Received Import Request.
  Time since last request: 0.000039 seconds.
  path: Assets/Environments/BrokenVector/LowPolyFencePack/Models/Fence Type6 Big.dae
  artifactKey: Guid(528e1a5bd85e7dd4781f1fdd6a8cb01a) Importer(815301076,1909f56bfc062723c751e8b465ee728b)
Start importing Assets/Environments/BrokenVector/LowPolyFencePack/Models/Fence Type6 Big.dae using Guid(528e1a5bd85e7dd4781f1fdd6a8cb01a) Importer(815301076,1909f56bfc062723c751e8b465ee728b)  -> (artifact id: '90b8b50509dd72f184686d6be9bd527a') in 0.019702 seconds 
========================================================================
Received Import Request.
  Time since last request: 0.912818 seconds.
  path: Assets/Environments/BrokenVector/LowPolyFencePack/Prefabs/Fence Type1 01.prefab
  artifactKey: Guid(4cc487e002327cb43995ca1871bd142e) Importer(815301076,1909f56bfc062723c751e8b465ee728b)
Start importing Assets/Environments/BrokenVector/LowPolyFencePack/Prefabs/Fence Type1 01.prefab using Guid(4cc487e002327cb43995ca1871bd142e) Importer(815301076,1909f56bfc062723c751e8b465ee728b)  -> (artifact id: '9d72e204b0efc3ad583f23e3aaeee66d') in 0.013186 seconds 
========================================================================
Received Import Request.
  Time since last request: 0.000029 seconds.
  path: Assets/Environments/BrokenVector/LowPolyFencePack/Prefabs/Fence Type2 02.prefab
  artifactKey: Guid(c107d6218da3747479b38075e3042255) Importer(815301076,1909f56bfc062723c751e8b465ee728b)
Start importing Assets/Environments/BrokenVector/LowPolyFencePack/Prefabs/Fence Type2 02.prefab using Guid(c107d6218da3747479b38075e3042255) Importer(815301076,1909f56bfc062723c751e8b465ee728b)  -> (artifact id: 'c8cf15c0e8a0c0a7a09262219947a173') in 0.012294 seconds 
========================================================================
Received Import Request.
  Time since last request: 0.000031 seconds.
  path: Assets/Environments/BrokenVector/LowPolyFencePack/Prefabs/Fence Type2 03.prefab
  artifactKey: Guid(ab5e0beb1c36778479983f28b65d97dd) Importer(815301076,1909f56bfc062723c751e8b465ee728b)
Start importing Assets/Environments/BrokenVector/LowPolyFencePack/Prefabs/Fence Type2 03.prefab using Guid(ab5e0beb1c36778479983f28b65d97dd) Importer(815301076,1909f56bfc062723c751e8b465ee728b)  -> (artifact id: 'e6167aeb9a0f65bcbb7d826a71abeb63') in 0.014284 seconds 
========================================================================
Received Import Request.
  Time since last request: 0.000028 seconds.
  path: Assets/Environments/BrokenVector/LowPolyFencePack/Prefabs/Fence Type4 Big.prefab
  artifactKey: Guid(6c7e01809ee343847a660faeaa78d718) Importer(815301076,1909f56bfc062723c751e8b465ee728b)
Start importing Assets/Environments/BrokenVector/LowPolyFencePack/Prefabs/Fence Type4 Big.prefab using Guid(6c7e01809ee343847a660faeaa78d718) Importer(815301076,1909f56bfc062723c751e8b465ee728b)  -> (artifact id: '884d868642da70a56e00b5bbf5b1bd7f') in 0.013270 seconds 
========================================================================
Received Import Request.
  Time since last request: 0.000027 seconds.
  path: Assets/Environments/BrokenVector/LowPolyFencePack/Prefabs/Fence Type2 01.prefab
  artifactKey: Guid(b10237067370545479ead9bdac817d9c) Importer(815301076,1909f56bfc062723c751e8b465ee728b)
Start importing Assets/Environments/BrokenVector/LowPolyFencePack/Prefabs/Fence Type2 01.prefab using Guid(b10237067370545479ead9bdac817d9c) Importer(815301076,1909f56bfc062723c751e8b465ee728b)  -> (artifact id: '3db8fac84aacbf2b8eedfa4b6dd545d5') in 0.012692 seconds 
========================================================================
Received Import Request.
  Time since last request: 0.000025 seconds.
  path: Assets/Environments/BrokenVector/LowPolyFencePack/Prefabs/Fence Type3 02.prefab
  artifactKey: Guid(49e86d56904ce434e84ead31c131cfbc) Importer(815301076,1909f56bfc062723c751e8b465ee728b)
Start importing Assets/Environments/BrokenVector/LowPolyFencePack/Prefabs/Fence Type3 02.prefab using Guid(49e86d56904ce434e84ead31c131cfbc) Importer(815301076,1909f56bfc062723c751e8b465ee728b)  -> (artifact id: 'bbdc12cea3d15d9cb060515f42cb3edd') in 0.012900 seconds 
========================================================================
Received Import Request.
  Time since last request: 1.438022 seconds.
  path: Assets/Environments/BrokenVector/LowPolyFencePack/Prefabs/Animated
  artifactKey: Guid(51f1f5e6188c08f4bbaf9c01cd7233d5) Importer(815301076,1909f56bfc062723c751e8b465ee728b)
Start importing Assets/Environments/BrokenVector/LowPolyFencePack/Prefabs/Animated using Guid(51f1f5e6188c08f4bbaf9c01cd7233d5) Importer(815301076,1909f56bfc062723c751e8b465ee728b)  -> (artifact id: 'e5c40141ba02a445087c1ec7e9f26af5') in 0.007352 seconds 
========================================================================
Received Import Request.
  Time since last request: 0.058338 seconds.
  path: Assets/Environments/BrokenVector/LowPolyFencePack/Prefabs/Animated/Fence Type1 Door.prefab
  artifactKey: Guid(9c385ba4a2784df4e957601bf4fafac1) Importer(815301076,1909f56bfc062723c751e8b465ee728b)
Start importing Assets/Environments/BrokenVector/LowPolyFencePack/Prefabs/Animated/Fence Type1 Door.prefab using Guid(9c385ba4a2784df4e957601bf4fafac1) Importer(815301076,1909f56bfc062723c751e8b465ee728b)  -> (artifact id: '5f5fc56241a3ea9985a0587237947bab') in 0.034174 seconds 
Editor requested this worker to shutdown with reason: Scaling down because of idle timeout
AssetImportWorker is now disconnected from the server
Process exiting
Exiting without the bug reporter. Application will terminate with return code 0