Using pre-set license
Built from '2021.3/release' branch; Version is '2021.3.12f1 (8af3c3e441b1) revision 9106371'; Using compiler version '192829333'; Build Type 'Release'
OS: 'Windows 10  (10.0.19045) 64bit Core' Language: 'en' Physical Memory: 16253 MB
BatchMode: 1, IsHumanControllingUs: 0, StartBugReporterOnCrash: 0, Is64bit: 1, IsPro: 1

COMMAND LINE ARGUMENTS:
C:\Program Files\Unity\Hub\Editor\2021.3.12f1\Editor\Unity.exe
-adb2
-batchMode
-noUpm
-name
AssetImportWorker17
-projectPath
D:/KULYEAH/5/GAME DESIGN/[PROJECT]/DESGA-PROJ
-logFile
Logs/AssetImportWorker17.log
-srvPort
56072
Successfully changed project path to: D:/KULYEAH/5/GAME DESIGN/[PROJECT]/DESGA-PROJ
D:/KULYEAH/5/GAME DESIGN/[PROJECT]/DESGA-PROJ
[UnityMemory] Configuration Parameters - Can be set up in boot.config
    "memorysetup-bucket-allocator-granularity=16"
    "memorysetup-bucket-allocator-bucket-count=8"
    "memorysetup-bucket-allocator-block-size=33554432"
    "memorysetup-bucket-allocator-block-count=8"
    "memorysetup-main-allocator-block-size=16777216"
    "memorysetup-thread-allocator-block-size=16777216"
    "memorysetup-gfx-main-allocator-block-size=16777216"
    "memorysetup-gfx-thread-allocator-block-size=16777216"
    "memorysetup-cache-allocator-block-size=4194304"
    "memorysetup-typetree-allocator-block-size=2097152"
    "memorysetup-profiler-bucket-allocator-granularity=16"
    "memorysetup-profiler-bucket-allocator-bucket-count=8"
    "memorysetup-profiler-bucket-allocator-block-size=33554432"
    "memorysetup-profiler-bucket-allocator-block-count=8"
    "memorysetup-profiler-allocator-block-size=16777216"
    "memorysetup-profiler-editor-allocator-block-size=1048576"
    "memorysetup-temp-allocator-size-main=16777216"
    "memorysetup-job-temp-allocator-block-size=2097152"
    "memorysetup-job-temp-allocator-block-size-background=1048576"
    "memorysetup-job-temp-allocator-reduction-small-platforms=262144"
    "memorysetup-temp-allocator-size-background-worker=32768"
    "memorysetup-temp-allocator-size-job-worker=262144"
    "memorysetup-temp-allocator-size-preload-manager=33554432"
    "memorysetup-temp-allocator-size-nav-mesh-worker=65536"
    "memorysetup-temp-allocator-size-audio-worker=65536"
    "memorysetup-temp-allocator-size-cloud-worker=32768"
    "memorysetup-temp-allocator-size-gi-baking-worker=262144"
    "memorysetup-temp-allocator-size-gfx=262144"
Refreshing native plugins compatible for Editor in 88.80 ms, found 3 plugins.
Preloading 0 native plugins for Editor in 0.00 ms.
Initialize engine version: 2021.3.12f1 (8af3c3e441b1)
[Subsystems] Discovering subsystems at path C:/Program Files/Unity/Hub/Editor/2021.3.12f1/Editor/Data/Resources/UnitySubsystems
[Subsystems] Discovering subsystems at path D:/KULYEAH/5/GAME DESIGN/[PROJECT]/DESGA-PROJ/Assets
GfxDevice: creating device client; threaded=0; jobified=0
Direct3D:
    Version:  Direct3D 11.0 [level 11.1]
    Renderer: NVIDIA GeForce GTX 1650 Ti (ID=0x1f95)
    Vendor:   NVIDIA
    VRAM:     3949 MB
    Driver:   31.0.15.2756
Initialize mono
Mono path[0] = 'C:/Program Files/Unity/Hub/Editor/2021.3.12f1/Editor/Data/Managed'
Mono path[1] = 'C:/Program Files/Unity/Hub/Editor/2021.3.12f1/Editor/Data/MonoBleedingEdge/lib/mono/unityjit-win32'
Mono config path = 'C:/Program Files/Unity/Hub/Editor/2021.3.12f1/Editor/Data/MonoBleedingEdge/etc'
Using monoOptions --debugger-agent=transport=dt_socket,embedding=1,server=y,suspend=n,address=127.0.0.1:56096
Begin MonoManager ReloadAssembly
Registering precompiled unity dll's ...
Register platform support module: C:/Program Files/Unity/Hub/Editor/2021.3.12f1/Editor/Data/PlaybackEngines/WebGLSupport/UnityEditor.WebGL.Extensions.dll
Register platform support module: C:/Program Files/Unity/Hub/Editor/2021.3.12f1/Editor/Data/PlaybackEngines/AndroidPlayer/UnityEditor.Android.Extensions.dll
Register platform support module: C:/Program Files/Unity/Hub/Editor/2021.3.12f1/Editor/Data/PlaybackEngines/WindowsStandaloneSupport/UnityEditor.WindowsStandalone.Extensions.dll
Registered in 0.008461 seconds.
Native extension for WindowsStandalone target not found
Native extension for Android target not found
Native extension for WebGL target not found
Refreshing native plugins compatible for Editor in 107.85 ms, found 3 plugins.
Preloading 0 native plugins for Editor in 0.00 ms.
Mono: successfully reloaded assembly
- Completed reload, in  0.700 seconds
Domain Reload Profiling:
	ReloadAssembly (701ms)
		BeginReloadAssembly (74ms)
			ExecutionOrderSort (0ms)
			DisableScriptedObjects (0ms)
			BackupInstance (0ms)
			ReleaseScriptingObjects (0ms)
			CreateAndSetChildDomain (1ms)
		EndReloadAssembly (515ms)
			LoadAssemblies (72ms)
			RebuildTransferFunctionScriptingTraits (0ms)
			SetupTypeCache (108ms)
			ReleaseScriptCaches (0ms)
			RebuildScriptCaches (33ms)
			SetupLoadedEditorAssemblies (323ms)
				LogAssemblyErrors (0ms)
				InitializePlatformSupportModulesInManaged (64ms)
				SetLoadedEditorAssemblies (0ms)
				RefreshPlugins (108ms)
				BeforeProcessingInitializeOnLoad (1ms)
				ProcessInitializeOnLoadAttributes (101ms)
				ProcessInitializeOnLoadMethodAttributes (48ms)
				AfterProcessingInitializeOnLoad (0ms)
				EditorAssembliesLoaded (0ms)
			ExecutionOrderSort2 (0ms)
			AwakeInstancesAfterBackupRestoration (0ms)
Platform modules already initialized, skipping
Registering precompiled user dll's ...
Registered in 0.003644 seconds.
Begin MonoManager ReloadAssembly
Symbol file LoadedFromMemory doesn't match image D:\KULYEAH\5\GAME DESIGN\[PROJECT]\DESGA-PROJ\Library\PackageCache\com.unity.visualscripting@1.7.8\Editor\VisualScripting.Core\Dependencies\YamlDotNet\Unity.VisualScripting.YamlDotNet.dll
Symbol file LoadedFromMemory doesn't match image D:\KULYEAH\5\GAME DESIGN\[PROJECT]\DESGA-PROJ\Library\PackageCache\com.unity.visualscripting@1.7.8\Editor\VisualScripting.Core\Dependencies\DotNetZip\Unity.VisualScripting.IonicZip.dll
Native extension for WindowsStandalone target not found
Native extension for Android target not found
Native extension for WebGL target not found
Refreshing native plugins compatible for Editor in 0.85 ms, found 3 plugins.
Preloading 0 native plugins for Editor in 0.00 ms.
Mono: successfully reloaded assembly
- Completed reload, in  1.189 seconds
Domain Reload Profiling:
	ReloadAssembly (1190ms)
		BeginReloadAssembly (231ms)
			ExecutionOrderSort (0ms)
			DisableScriptedObjects (6ms)
			BackupInstance (0ms)
			ReleaseScriptingObjects (0ms)
			CreateAndSetChildDomain (140ms)
		EndReloadAssembly (836ms)
			LoadAssemblies (83ms)
			RebuildTransferFunctionScriptingTraits (0ms)
			SetupTypeCache (278ms)
			ReleaseScriptCaches (1ms)
			RebuildScriptCaches (52ms)
			SetupLoadedEditorAssemblies (387ms)
				LogAssemblyErrors (0ms)
				InitializePlatformSupportModulesInManaged (18ms)
				SetLoadedEditorAssemblies (0ms)
				RefreshPlugins (1ms)
				BeforeProcessingInitializeOnLoad (87ms)
				ProcessInitializeOnLoadAttributes (241ms)
				ProcessInitializeOnLoadMethodAttributes (33ms)
				AfterProcessingInitializeOnLoad (7ms)
				EditorAssembliesLoaded (0ms)
			ExecutionOrderSort2 (0ms)
			AwakeInstancesAfterBackupRestoration (7ms)
Platform modules already initialized, skipping
========================================================================
Worker process is ready to serve import requests
Launched and connected shader compiler UnityShaderCompiler.exe after 0.05 seconds
Refreshing native plugins compatible for Editor in 0.73 ms, found 3 plugins.
Preloading 0 native plugins for Editor in 0.00 ms.
Unloading 3345 Unused Serialized files (Serialized files now loaded: 0)
Unloading 27 unused Assets / (113.4 KB). Loaded Objects now: 3822.
Memory consumption went from 130.5 MB to 130.4 MB.
Total: 3.753400 ms (FindLiveObjects: 0.523900 ms CreateObjectMapping: 0.210900 ms MarkObjects: 2.889800 ms  DeleteObjects: 0.126600 ms)

AssetImportParameters requested are different than current active one (requested -> active):
  custom:video-decoder-ogg-theora: a1e56fd34408186e4bbccfd4996cb3dc -> 
  custom:container-muxer-webm: aa71ff27fc2769a1b78a27578f13a17b -> 
  custom:container-demuxer-webm: 4f35f7cbe854078d1ac9338744f61a02 -> 
  custom:video-encoder-webm-vp8: eb34c28f22e8b96e1ab97ce403110664 -> 
  custom:audio-encoder-webm-vorbis: bf7c407c2cedff20999df2af8eb42d56 -> 
  custom:framework-win-MediaFoundation: 216162199b28c13a410421893ffa2e32 -> 
  custom:container-demuxer-ogg: 62fdf1f143b41e24485cea50d1cbac27 -> 
  custom:video-decoder-webm-vp8: 9c59270c3fd7afecdb556c50c9e8de78 -> 
  custom:audio-decoder-ogg-vorbis: bf7c407c2cedff20999df2af8eb42d56 -> 
========================================================================
Received Prepare
Registering precompiled user dll's ...
Registered in 0.003639 seconds.
Begin MonoManager ReloadAssembly
Symbol file LoadedFromMemory doesn't match image D:\KULYEAH\5\GAME DESIGN\[PROJECT]\DESGA-PROJ\Library\PackageCache\com.unity.visualscripting@1.7.8\Editor\VisualScripting.Core\Dependencies\YamlDotNet\Unity.VisualScripting.YamlDotNet.dll
Symbol file LoadedFromMemory doesn't match image D:\KULYEAH\5\GAME DESIGN\[PROJECT]\DESGA-PROJ\Library\PackageCache\com.unity.visualscripting@1.7.8\Editor\VisualScripting.Core\Dependencies\DotNetZip\Unity.VisualScripting.IonicZip.dll
Native extension for WindowsStandalone target not found
Native extension for Android target not found
Native extension for WebGL target not found
Refreshing native plugins compatible for Editor in 1.12 ms, found 3 plugins.
Preloading 0 native plugins for Editor in 0.00 ms.
Mono: successfully reloaded assembly
- Completed reload, in  1.357 seconds
Domain Reload Profiling:
	ReloadAssembly (1358ms)
		BeginReloadAssembly (155ms)
			ExecutionOrderSort (0ms)
			DisableScriptedObjects (8ms)
			BackupInstance (0ms)
			ReleaseScriptingObjects (0ms)
			CreateAndSetChildDomain (40ms)
		EndReloadAssembly (1087ms)
			LoadAssemblies (106ms)
			RebuildTransferFunctionScriptingTraits (0ms)
			SetupTypeCache (395ms)
			ReleaseScriptCaches (2ms)
			RebuildScriptCaches (64ms)
			SetupLoadedEditorAssemblies (458ms)
				LogAssemblyErrors (0ms)
				InitializePlatformSupportModulesInManaged (33ms)
				SetLoadedEditorAssemblies (1ms)
				RefreshPlugins (1ms)
				BeforeProcessingInitializeOnLoad (85ms)
				ProcessInitializeOnLoadAttributes (288ms)
				ProcessInitializeOnLoadMethodAttributes (39ms)
				AfterProcessingInitializeOnLoad (11ms)
				EditorAssembliesLoaded (0ms)
			ExecutionOrderSort2 (0ms)
			AwakeInstancesAfterBackupRestoration (9ms)
Platform modules already initialized, skipping
Refreshing native plugins compatible for Editor in 2.47 ms, found 3 plugins.
Preloading 0 native plugins for Editor in 0.00 ms.
Unloading 3340 Unused Serialized files (Serialized files now loaded: 0)
Unloading 20 unused Assets / (79.9 KB). Loaded Objects now: 3825.
Memory consumption went from 130.4 MB to 130.3 MB.
Total: 4.373700 ms (FindLiveObjects: 0.345300 ms CreateObjectMapping: 0.091300 ms MarkObjects: 3.787200 ms  DeleteObjects: 0.148400 ms)

AssetImportParameters requested are different than current active one (requested -> active):
  custom:video-decoder-ogg-theora: a1e56fd34408186e4bbccfd4996cb3dc -> 
  custom:container-muxer-webm: aa71ff27fc2769a1b78a27578f13a17b -> 
  custom:container-demuxer-webm: 4f35f7cbe854078d1ac9338744f61a02 -> 
  custom:video-encoder-webm-vp8: eb34c28f22e8b96e1ab97ce403110664 -> 
  custom:audio-encoder-webm-vorbis: bf7c407c2cedff20999df2af8eb42d56 -> 
  custom:framework-win-MediaFoundation: 216162199b28c13a410421893ffa2e32 -> 
  custom:container-demuxer-ogg: 62fdf1f143b41e24485cea50d1cbac27 -> 
  custom:video-decoder-webm-vp8: 9c59270c3fd7afecdb556c50c9e8de78 -> 
  custom:audio-decoder-ogg-vorbis: bf7c407c2cedff20999df2af8eb42d56 -> 
========================================================================
Received Prepare
Registering precompiled user dll's ...
Registered in 0.004344 seconds.
Begin MonoManager ReloadAssembly
Symbol file LoadedFromMemory doesn't match image D:\KULYEAH\5\GAME DESIGN\[PROJECT]\DESGA-PROJ\Library\PackageCache\com.unity.visualscripting@1.7.8\Editor\VisualScripting.Core\Dependencies\YamlDotNet\Unity.VisualScripting.YamlDotNet.dll
Symbol file LoadedFromMemory doesn't match image D:\KULYEAH\5\GAME DESIGN\[PROJECT]\DESGA-PROJ\Library\PackageCache\com.unity.visualscripting@1.7.8\Editor\VisualScripting.Core\Dependencies\DotNetZip\Unity.VisualScripting.IonicZip.dll
Native extension for WindowsStandalone target not found
Native extension for Android target not found
Native extension for WebGL target not found
Refreshing native plugins compatible for Editor in 1.09 ms, found 3 plugins.
Preloading 0 native plugins for Editor in 0.00 ms.
Mono: successfully reloaded assembly
- Completed reload, in  1.298 seconds
Domain Reload Profiling:
	ReloadAssembly (1299ms)
		BeginReloadAssembly (151ms)
			ExecutionOrderSort (0ms)
			DisableScriptedObjects (5ms)
			BackupInstance (0ms)
			ReleaseScriptingObjects (0ms)
			CreateAndSetChildDomain (40ms)
		EndReloadAssembly (1022ms)
			LoadAssemblies (106ms)
			RebuildTransferFunctionScriptingTraits (0ms)
			SetupTypeCache (348ms)
			ReleaseScriptCaches (2ms)
			RebuildScriptCaches (63ms)
			SetupLoadedEditorAssemblies (457ms)
				LogAssemblyErrors (0ms)
				InitializePlatformSupportModulesInManaged (32ms)
				SetLoadedEditorAssemblies (1ms)
				RefreshPlugins (1ms)
				BeforeProcessingInitializeOnLoad (86ms)
				ProcessInitializeOnLoadAttributes (290ms)
				ProcessInitializeOnLoadMethodAttributes (37ms)
				AfterProcessingInitializeOnLoad (10ms)
				EditorAssembliesLoaded (0ms)
			ExecutionOrderSort2 (0ms)
			AwakeInstancesAfterBackupRestoration (7ms)
Platform modules already initialized, skipping
Refreshing native plugins compatible for Editor in 2.25 ms, found 3 plugins.
Preloading 0 native plugins for Editor in 0.00 ms.
Unloading 3340 Unused Serialized files (Serialized files now loaded: 0)
Unloading 20 unused Assets / (80.0 KB). Loaded Objects now: 3828.
Memory consumption went from 130.4 MB to 130.3 MB.
Total: 3.922800 ms (FindLiveObjects: 0.420900 ms CreateObjectMapping: 0.147600 ms MarkObjects: 3.220300 ms  DeleteObjects: 0.132400 ms)

AssetImportParameters requested are different than current active one (requested -> active):
  custom:video-decoder-ogg-theora: a1e56fd34408186e4bbccfd4996cb3dc -> 
  custom:container-muxer-webm: aa71ff27fc2769a1b78a27578f13a17b -> 
  custom:container-demuxer-webm: 4f35f7cbe854078d1ac9338744f61a02 -> 
  custom:video-encoder-webm-vp8: eb34c28f22e8b96e1ab97ce403110664 -> 
  custom:audio-encoder-webm-vorbis: bf7c407c2cedff20999df2af8eb42d56 -> 
  custom:framework-win-MediaFoundation: 216162199b28c13a410421893ffa2e32 -> 
  custom:container-demuxer-ogg: 62fdf1f143b41e24485cea50d1cbac27 -> 
  custom:video-decoder-webm-vp8: 9c59270c3fd7afecdb556c50c9e8de78 -> 
  custom:audio-decoder-ogg-vorbis: bf7c407c2cedff20999df2af8eb42d56 -> 
========================================================================
Received Prepare
Registering precompiled user dll's ...
Registered in 0.003334 seconds.
Begin MonoManager ReloadAssembly
Symbol file LoadedFromMemory doesn't match image D:\KULYEAH\5\GAME DESIGN\[PROJECT]\DESGA-PROJ\Library\PackageCache\com.unity.visualscripting@1.7.8\Editor\VisualScripting.Core\Dependencies\YamlDotNet\Unity.VisualScripting.YamlDotNet.dll
Symbol file LoadedFromMemory doesn't match image D:\KULYEAH\5\GAME DESIGN\[PROJECT]\DESGA-PROJ\Library\PackageCache\com.unity.visualscripting@1.7.8\Editor\VisualScripting.Core\Dependencies\DotNetZip\Unity.VisualScripting.IonicZip.dll
Native extension for WindowsStandalone target not found
Native extension for Android target not found
Native extension for WebGL target not found
Refreshing native plugins compatible for Editor in 1.38 ms, found 3 plugins.
Preloading 0 native plugins for Editor in 0.00 ms.
Mono: successfully reloaded assembly
- Completed reload, in  1.203 seconds
Domain Reload Profiling:
	ReloadAssembly (1204ms)
		BeginReloadAssembly (142ms)
			ExecutionOrderSort (0ms)
			DisableScriptedObjects (7ms)
			BackupInstance (0ms)
			ReleaseScriptingObjects (0ms)
			CreateAndSetChildDomain (37ms)
		EndReloadAssembly (958ms)
			LoadAssemblies (88ms)
			RebuildTransferFunctionScriptingTraits (0ms)
			SetupTypeCache (309ms)
			ReleaseScriptCaches (2ms)
			RebuildScriptCaches (61ms)
			SetupLoadedEditorAssemblies (425ms)
				LogAssemblyErrors (0ms)
				InitializePlatformSupportModulesInManaged (38ms)
				SetLoadedEditorAssemblies (1ms)
				RefreshPlugins (2ms)
				BeforeProcessingInitializeOnLoad (77ms)
				ProcessInitializeOnLoadAttributes (266ms)
				ProcessInitializeOnLoadMethodAttributes (33ms)
				AfterProcessingInitializeOnLoad (9ms)
				EditorAssembliesLoaded (0ms)
			ExecutionOrderSort2 (0ms)
			AwakeInstancesAfterBackupRestoration (7ms)
Platform modules already initialized, skipping
Refreshing native plugins compatible for Editor in 2.21 ms, found 3 plugins.
Preloading 0 native plugins for Editor in 0.00 ms.
Unloading 3340 Unused Serialized files (Serialized files now loaded: 0)
Unloading 20 unused Assets / (79.9 KB). Loaded Objects now: 3831.
Memory consumption went from 130.4 MB to 130.3 MB.
Total: 3.973000 ms (FindLiveObjects: 0.546600 ms CreateObjectMapping: 0.159600 ms MarkObjects: 3.137500 ms  DeleteObjects: 0.127600 ms)

AssetImportParameters requested are different than current active one (requested -> active):
  custom:video-decoder-ogg-theora: a1e56fd34408186e4bbccfd4996cb3dc -> 
  custom:container-muxer-webm: aa71ff27fc2769a1b78a27578f13a17b -> 
  custom:container-demuxer-webm: 4f35f7cbe854078d1ac9338744f61a02 -> 
  custom:video-encoder-webm-vp8: eb34c28f22e8b96e1ab97ce403110664 -> 
  custom:audio-encoder-webm-vorbis: bf7c407c2cedff20999df2af8eb42d56 -> 
  custom:framework-win-MediaFoundation: 216162199b28c13a410421893ffa2e32 -> 
  custom:container-demuxer-ogg: 62fdf1f143b41e24485cea50d1cbac27 -> 
  custom:video-decoder-webm-vp8: 9c59270c3fd7afecdb556c50c9e8de78 -> 
  custom:audio-decoder-ogg-vorbis: bf7c407c2cedff20999df2af8eb42d56 -> 
========================================================================
Received Import Request.
  Time since last request: 173052.700279 seconds.
  path: Assets/Environments/Low_Poly_Cute_Bakery_Building/Environment/Model
  artifactKey: Guid(561d47cfaf155124dbd384c632aaf948) Importer(815301076,1909f56bfc062723c751e8b465ee728b)
Start importing Assets/Environments/Low_Poly_Cute_Bakery_Building/Environment/Model using Guid(561d47cfaf155124dbd384c632aaf948) Importer(815301076,1909f56bfc062723c751e8b465ee728b)  -> (artifact id: '93a8267b00c1c201507899b01630a315') in 0.011852 seconds 
========================================================================
Received Import Request.
  Time since last request: 0.021581 seconds.
  path: Assets/Environments/Low_Poly_Cute_Bakery_Building/Environment/Model/Bakery_01.fbx
  artifactKey: Guid(4f7c03f958cb5f7418b98c6fecfb0ea5) Importer(815301076,1909f56bfc062723c751e8b465ee728b)
Start importing Assets/Environments/Low_Poly_Cute_Bakery_Building/Environment/Model/Bakery_01.fbx using Guid(4f7c03f958cb5f7418b98c6fecfb0ea5) Importer(815301076,1909f56bfc062723c751e8b465ee728b)  -> (artifact id: 'df1ca1cfde109764cd452f9cb30db3c4') in 0.626854 seconds 
========================================================================
Received Import Request.
  Time since last request: 0.000087 seconds.
  path: Assets/Environments/Low_Poly_Cute_Bakery_Building/Environment/Model/Building_01.fbx
  artifactKey: Guid(4e055de691b22e64babedae7b4399c5e) Importer(815301076,1909f56bfc062723c751e8b465ee728b)
Start importing Assets/Environments/Low_Poly_Cute_Bakery_Building/Environment/Model/Building_01.fbx using Guid(4e055de691b22e64babedae7b4399c5e) Importer(815301076,1909f56bfc062723c751e8b465ee728b)  -> (artifact id: '56602a2f8152a582d86d967b14884eb0') in 0.096577 seconds 
========================================================================
Received Import Request.
  Time since last request: 0.000048 seconds.
  path: Assets/Environments/Low_Poly_Cute_Bakery_Building/Environment/Model/Building_02.fbx
  artifactKey: Guid(aa057ec7c97ff3b41a7abefb6e578da1) Importer(815301076,1909f56bfc062723c751e8b465ee728b)
Start importing Assets/Environments/Low_Poly_Cute_Bakery_Building/Environment/Model/Building_02.fbx using Guid(aa057ec7c97ff3b41a7abefb6e578da1) Importer(815301076,1909f56bfc062723c751e8b465ee728b)  -> (artifact id: '06033cd7990b4b3959b87cdcfc769c03') in 0.094672 seconds 
========================================================================
Received Import Request.
  Time since last request: 0.000029 seconds.
  path: Assets/Environments/Low_Poly_Cute_Bakery_Building/Environment/Model/Building_03.fbx
  artifactKey: Guid(c9e91a05441c8c54ab1c8e6b84aafe97) Importer(815301076,1909f56bfc062723c751e8b465ee728b)
Start importing Assets/Environments/Low_Poly_Cute_Bakery_Building/Environment/Model/Building_03.fbx using Guid(c9e91a05441c8c54ab1c8e6b84aafe97) Importer(815301076,1909f56bfc062723c751e8b465ee728b)  -> (artifact id: '57037f1aeabd1b2d1afeec60275de998') in 0.173375 seconds 
========================================================================
Received Import Request.
  Time since last request: 0.000034 seconds.
  path: Assets/Environments/Low_Poly_Cute_Bakery_Building/Environment/Model/Tree_02.fbx
  artifactKey: Guid(0b3b8e09c63eb324c9a4056f5cd31455) Importer(815301076,1909f56bfc062723c751e8b465ee728b)
Start importing Assets/Environments/Low_Poly_Cute_Bakery_Building/Environment/Model/Tree_02.fbx using Guid(0b3b8e09c63eb324c9a4056f5cd31455) Importer(815301076,1909f56bfc062723c751e8b465ee728b)  -> (artifact id: '44bfbb49f26a016077891c16e4dd61c1') in 0.137854 seconds 
========================================================================
Received Import Request.
  Time since last request: 0.000044 seconds.
  path: Assets/Environments/Low_Poly_Cute_Bakery_Building/Environment/Model/Ground.fbx
  artifactKey: Guid(5bd2d37685292de4f986693758670d43) Importer(815301076,1909f56bfc062723c751e8b465ee728b)
Start importing Assets/Environments/Low_Poly_Cute_Bakery_Building/Environment/Model/Ground.fbx using Guid(5bd2d37685292de4f986693758670d43) Importer(815301076,1909f56bfc062723c751e8b465ee728b)  -> (artifact id: '22cb625a521d2b239aae94308b37aa45') in 0.281477 seconds 
========================================================================
Received Import Request.
  Time since last request: 0.000041 seconds.
  path: Assets/Environments/Low_Poly_Cute_Bakery_Building/Environment/Model/Plant_02.fbx
  artifactKey: Guid(0bb16bf882a2084439bd40778a90ad5e) Importer(815301076,1909f56bfc062723c751e8b465ee728b)
Start importing Assets/Environments/Low_Poly_Cute_Bakery_Building/Environment/Model/Plant_02.fbx using Guid(0bb16bf882a2084439bd40778a90ad5e) Importer(815301076,1909f56bfc062723c751e8b465ee728b)  -> (artifact id: 'a2f14771f003cbdea279a1c8a0d2b44d') in 0.106405 seconds 
========================================================================
Received Import Request.
  Time since last request: 0.000040 seconds.
  path: Assets/Environments/Low_Poly_Cute_Bakery_Building/Environment/Model/Window_Plant_01.fbx
  artifactKey: Guid(8fbf525b9b0c6674eb69d48275fa6382) Importer(815301076,1909f56bfc062723c751e8b465ee728b)
Start importing Assets/Environments/Low_Poly_Cute_Bakery_Building/Environment/Model/Window_Plant_01.fbx using Guid(8fbf525b9b0c6674eb69d48275fa6382) Importer(815301076,1909f56bfc062723c751e8b465ee728b)  -> (artifact id: 'cdc40c96580eed8f1145af90468f7ab6') in 0.120096 seconds 
========================================================================
Received Import Request.
  Time since last request: 0.000033 seconds.
  path: Assets/Environments/Low_Poly_Cute_Bakery_Building/Environment/Model/Rock_01.fbx
  artifactKey: Guid(ab1a42b2a5fbdf54a98659052dd92954) Importer(815301076,1909f56bfc062723c751e8b465ee728b)
Start importing Assets/Environments/Low_Poly_Cute_Bakery_Building/Environment/Model/Rock_01.fbx using Guid(ab1a42b2a5fbdf54a98659052dd92954) Importer(815301076,1909f56bfc062723c751e8b465ee728b)  -> (artifact id: '4ecd23425d14ec1c61d28ffc89d33c74') in 0.101379 seconds 
========================================================================
Received Import Request.
  Time since last request: 0.000052 seconds.
  path: Assets/Environments/Low_Poly_Cute_Bakery_Building/Environment/Model/Tree_03.fbx
  artifactKey: Guid(262faa07adc2f2341bc8271efad233bc) Importer(815301076,1909f56bfc062723c751e8b465ee728b)
Start importing Assets/Environments/Low_Poly_Cute_Bakery_Building/Environment/Model/Tree_03.fbx using Guid(262faa07adc2f2341bc8271efad233bc) Importer(815301076,1909f56bfc062723c751e8b465ee728b)  -> (artifact id: '1e318c9b77dbebb103a6bef1c11419da') in 0.141665 seconds 
========================================================================
Received Import Request.
  Time since last request: 0.000059 seconds.
  path: Assets/Environments/Low_Poly_Cute_Bakery_Building/Environment/Model/Brand_Board_02.fbx
  artifactKey: Guid(b2c2c4a96b86a784e9160d56e12efa14) Importer(815301076,1909f56bfc062723c751e8b465ee728b)
Start importing Assets/Environments/Low_Poly_Cute_Bakery_Building/Environment/Model/Brand_Board_02.fbx using Guid(b2c2c4a96b86a784e9160d56e12efa14) Importer(815301076,1909f56bfc062723c751e8b465ee728b)  -> (artifact id: 'c93e81bf173558e825bcebda63e39ceb') in 0.139623 seconds 
========================================================================
Received Import Request.
  Time since last request: 0.000056 seconds.
  path: Assets/Environments/Low_Poly_Cute_Bakery_Building/Environment/Model/Window_Plant_02.fbx
  artifactKey: Guid(99f9711b890f3fa4c9ba6efd952d17f1) Importer(815301076,1909f56bfc062723c751e8b465ee728b)
Start importing Assets/Environments/Low_Poly_Cute_Bakery_Building/Environment/Model/Window_Plant_02.fbx using Guid(99f9711b890f3fa4c9ba6efd952d17f1) Importer(815301076,1909f56bfc062723c751e8b465ee728b)  -> (artifact id: '2be1f2effc5a5f275a0ccb9953952309') in 0.127443 seconds 
========================================================================
Received Import Request.
  Time since last request: 0.000045 seconds.
  path: Assets/Environments/Low_Poly_Cute_Bakery_Building/Environment/Model/Rock_02.fbx
  artifactKey: Guid(383e4696d213da64090f7060055536d6) Importer(815301076,1909f56bfc062723c751e8b465ee728b)
Start importing Assets/Environments/Low_Poly_Cute_Bakery_Building/Environment/Model/Rock_02.fbx using Guid(383e4696d213da64090f7060055536d6) Importer(815301076,1909f56bfc062723c751e8b465ee728b)  -> (artifact id: 'e36857a7acd6d4c51d27b2e494eb6834') in 0.110414 seconds 
========================================================================
Received Import Request.
  Time since last request: 0.000074 seconds.
  path: Assets/Environments/Low_Poly_Cute_Bakery_Building/Environment/Model/Umbrella.fbx
  artifactKey: Guid(b09ac8043c237f947b0fdc80f0275b73) Importer(815301076,1909f56bfc062723c751e8b465ee728b)
Start importing Assets/Environments/Low_Poly_Cute_Bakery_Building/Environment/Model/Umbrella.fbx using Guid(b09ac8043c237f947b0fdc80f0275b73) Importer(815301076,1909f56bfc062723c751e8b465ee728b)  -> (artifact id: 'c8d4cadb2ea29d247fc61821e5432dcd') in 0.106319 seconds 
========================================================================
Received Import Request.
  Time since last request: 0.000034 seconds.
  path: Assets/Environments/Low_Poly_Cute_Bakery_Building/Environment/Model/Chair_03.fbx
  artifactKey: Guid(d0f488dac71781947a3b8163b5d5e40c) Importer(815301076,1909f56bfc062723c751e8b465ee728b)
Start importing Assets/Environments/Low_Poly_Cute_Bakery_Building/Environment/Model/Chair_03.fbx using Guid(d0f488dac71781947a3b8163b5d5e40c) Importer(815301076,1909f56bfc062723c751e8b465ee728b)  -> (artifact id: 'bfb7c0af47b69e1670305f2cd9d8c6ff') in 0.098328 seconds 
========================================================================
Received Import Request.
  Time since last request: 0.000029 seconds.
  path: Assets/Environments/Low_Poly_Cute_Bakery_Building/Environment/Model/Chair_02.fbx
  artifactKey: Guid(37b2d18c4f3443c4a8b0817436b8864f) Importer(815301076,1909f56bfc062723c751e8b465ee728b)
Start importing Assets/Environments/Low_Poly_Cute_Bakery_Building/Environment/Model/Chair_02.fbx using Guid(37b2d18c4f3443c4a8b0817436b8864f) Importer(815301076,1909f56bfc062723c751e8b465ee728b)  -> (artifact id: '710b7290df5a8cdce95dd9511ba0b269') in 0.122341 seconds 
Editor requested this worker to shutdown with reason: Scaling down because of idle timeout
AssetImportWorker is now disconnected from the server
Process exiting
Exiting without the bug reporter. Application will terminate with return code 0