Using pre-set license
Built from '2021.3/release' branch; Version is '2021.3.12f1 (8af3c3e441b1) revision 9106371'; Using compiler version '192829333'; Build Type 'Release'
OS: 'Windows 10  (10.0.19045) 64bit Core' Language: 'en' Physical Memory: 16253 MB
BatchMode: 1, IsHumanControllingUs: 0, StartBugReporterOnCrash: 0, Is64bit: 1, IsPro: 1

COMMAND LINE ARGUMENTS:
C:\Program Files\Unity\Hub\Editor\2021.3.12f1\Editor\Unity.exe
-adb2
-batchMode
-noUpm
-name
AssetImportWorker12
-projectPath
D:/KULYEAH/5/GAME DESIGN/[PROJECT]/DESGA-PROJ
-logFile
Logs/AssetImportWorker12.log
-srvPort
56072
Successfully changed project path to: D:/KULYEAH/5/GAME DESIGN/[PROJECT]/DESGA-PROJ
D:/KULYEAH/5/GAME DESIGN/[PROJECT]/DESGA-PROJ
[UnityMemory] Configuration Parameters - Can be set up in boot.config
    "memorysetup-bucket-allocator-granularity=16"
    "memorysetup-bucket-allocator-bucket-count=8"
    "memorysetup-bucket-allocator-block-size=33554432"
    "memorysetup-bucket-allocator-block-count=8"
    "memorysetup-main-allocator-block-size=16777216"
    "memorysetup-thread-allocator-block-size=16777216"
    "memorysetup-gfx-main-allocator-block-size=16777216"
    "memorysetup-gfx-thread-allocator-block-size=16777216"
    "memorysetup-cache-allocator-block-size=4194304"
    "memorysetup-typetree-allocator-block-size=2097152"
    "memorysetup-profiler-bucket-allocator-granularity=16"
    "memorysetup-profiler-bucket-allocator-bucket-count=8"
    "memorysetup-profiler-bucket-allocator-block-size=33554432"
    "memorysetup-profiler-bucket-allocator-block-count=8"
    "memorysetup-profiler-allocator-block-size=16777216"
    "memorysetup-profiler-editor-allocator-block-size=1048576"
    "memorysetup-temp-allocator-size-main=16777216"
    "memorysetup-job-temp-allocator-block-size=2097152"
    "memorysetup-job-temp-allocator-block-size-background=1048576"
    "memorysetup-job-temp-allocator-reduction-small-platforms=262144"
    "memorysetup-temp-allocator-size-background-worker=32768"
    "memorysetup-temp-allocator-size-job-worker=262144"
    "memorysetup-temp-allocator-size-preload-manager=33554432"
    "memorysetup-temp-allocator-size-nav-mesh-worker=65536"
    "memorysetup-temp-allocator-size-audio-worker=65536"
    "memorysetup-temp-allocator-size-cloud-worker=32768"
    "memorysetup-temp-allocator-size-gi-baking-worker=262144"
    "memorysetup-temp-allocator-size-gfx=262144"
Refreshing native plugins compatible for Editor in 87.36 ms, found 3 plugins.
Preloading 0 native plugins for Editor in 0.00 ms.
Initialize engine version: 2021.3.12f1 (8af3c3e441b1)
[Subsystems] Discovering subsystems at path C:/Program Files/Unity/Hub/Editor/2021.3.12f1/Editor/Data/Resources/UnitySubsystems
[Subsystems] Discovering subsystems at path D:/KULYEAH/5/GAME DESIGN/[PROJECT]/DESGA-PROJ/Assets
GfxDevice: creating device client; threaded=0; jobified=0
Direct3D:
    Version:  Direct3D 11.0 [level 11.1]
    Renderer: NVIDIA GeForce GTX 1650 Ti (ID=0x1f95)
    Vendor:   NVIDIA
    VRAM:     3949 MB
    Driver:   31.0.15.2756
Initialize mono
Mono path[0] = 'C:/Program Files/Unity/Hub/Editor/2021.3.12f1/Editor/Data/Managed'
Mono path[1] = 'C:/Program Files/Unity/Hub/Editor/2021.3.12f1/Editor/Data/MonoBleedingEdge/lib/mono/unityjit-win32'
Mono config path = 'C:/Program Files/Unity/Hub/Editor/2021.3.12f1/Editor/Data/MonoBleedingEdge/etc'
Using monoOptions --debugger-agent=transport=dt_socket,embedding=1,server=y,suspend=n,address=127.0.0.1:56552
Begin MonoManager ReloadAssembly
Registering precompiled unity dll's ...
Register platform support module: C:/Program Files/Unity/Hub/Editor/2021.3.12f1/Editor/Data/PlaybackEngines/WebGLSupport/UnityEditor.WebGL.Extensions.dll
Register platform support module: C:/Program Files/Unity/Hub/Editor/2021.3.12f1/Editor/Data/PlaybackEngines/AndroidPlayer/UnityEditor.Android.Extensions.dll
Register platform support module: C:/Program Files/Unity/Hub/Editor/2021.3.12f1/Editor/Data/PlaybackEngines/WindowsStandaloneSupport/UnityEditor.WindowsStandalone.Extensions.dll
Registered in 0.014310 seconds.
Native extension for WindowsStandalone target not found
Native extension for Android target not found
Native extension for WebGL target not found
Refreshing native plugins compatible for Editor in 88.00 ms, found 3 plugins.
Preloading 0 native plugins for Editor in 0.00 ms.
Mono: successfully reloaded assembly
- Completed reload, in  0.701 seconds
Domain Reload Profiling:
	ReloadAssembly (702ms)
		BeginReloadAssembly (78ms)
			ExecutionOrderSort (0ms)
			DisableScriptedObjects (0ms)
			BackupInstance (0ms)
			ReleaseScriptingObjects (0ms)
			CreateAndSetChildDomain (1ms)
		EndReloadAssembly (500ms)
			LoadAssemblies (76ms)
			RebuildTransferFunctionScriptingTraits (0ms)
			SetupTypeCache (115ms)
			ReleaseScriptCaches (0ms)
			RebuildScriptCaches (32ms)
			SetupLoadedEditorAssemblies (301ms)
				LogAssemblyErrors (0ms)
				InitializePlatformSupportModulesInManaged (65ms)
				SetLoadedEditorAssemblies (0ms)
				RefreshPlugins (88ms)
				BeforeProcessingInitializeOnLoad (1ms)
				ProcessInitializeOnLoadAttributes (101ms)
				ProcessInitializeOnLoadMethodAttributes (45ms)
				AfterProcessingInitializeOnLoad (0ms)
				EditorAssembliesLoaded (0ms)
			ExecutionOrderSort2 (0ms)
			AwakeInstancesAfterBackupRestoration (0ms)
Platform modules already initialized, skipping
Registering precompiled user dll's ...
Registered in 0.003629 seconds.
Begin MonoManager ReloadAssembly
Symbol file LoadedFromMemory doesn't match image D:\KULYEAH\5\GAME DESIGN\[PROJECT]\DESGA-PROJ\Library\PackageCache\com.unity.visualscripting@1.7.8\Editor\VisualScripting.Core\Dependencies\YamlDotNet\Unity.VisualScripting.YamlDotNet.dll
Symbol file LoadedFromMemory doesn't match image D:\KULYEAH\5\GAME DESIGN\[PROJECT]\DESGA-PROJ\Library\PackageCache\com.unity.visualscripting@1.7.8\Editor\VisualScripting.Core\Dependencies\DotNetZip\Unity.VisualScripting.IonicZip.dll
Native extension for WindowsStandalone target not found
Native extension for Android target not found
Native extension for WebGL target not found
Refreshing native plugins compatible for Editor in 0.76 ms, found 3 plugins.
Preloading 0 native plugins for Editor in 0.00 ms.
Mono: successfully reloaded assembly
- Completed reload, in  1.230 seconds
Domain Reload Profiling:
	ReloadAssembly (1231ms)
		BeginReloadAssembly (223ms)
			ExecutionOrderSort (0ms)
			DisableScriptedObjects (6ms)
			BackupInstance (0ms)
			ReleaseScriptingObjects (0ms)
			CreateAndSetChildDomain (134ms)
		EndReloadAssembly (892ms)
			LoadAssemblies (82ms)
			RebuildTransferFunctionScriptingTraits (0ms)
			SetupTypeCache (266ms)
			ReleaseScriptCaches (1ms)
			RebuildScriptCaches (53ms)
			SetupLoadedEditorAssemblies (457ms)
				LogAssemblyErrors (0ms)
				InitializePlatformSupportModulesInManaged (17ms)
				SetLoadedEditorAssemblies (0ms)
				RefreshPlugins (1ms)
				BeforeProcessingInitializeOnLoad (86ms)
				ProcessInitializeOnLoadAttributes (312ms)
				ProcessInitializeOnLoadMethodAttributes (31ms)
				AfterProcessingInitializeOnLoad (10ms)
				EditorAssembliesLoaded (0ms)
			ExecutionOrderSort2 (0ms)
			AwakeInstancesAfterBackupRestoration (6ms)
Platform modules already initialized, skipping
========================================================================
Worker process is ready to serve import requests
Launched and connected shader compiler UnityShaderCompiler.exe after 0.08 seconds
Refreshing native plugins compatible for Editor in 0.75 ms, found 3 plugins.
Preloading 0 native plugins for Editor in 0.00 ms.
Unloading 3345 Unused Serialized files (Serialized files now loaded: 0)
Unloading 27 unused Assets / (113.4 KB). Loaded Objects now: 3822.
Memory consumption went from 130.5 MB to 130.4 MB.
Total: 3.661700 ms (FindLiveObjects: 0.458000 ms CreateObjectMapping: 0.231900 ms MarkObjects: 2.849400 ms  DeleteObjects: 0.120700 ms)

AssetImportParameters requested are different than current active one (requested -> active):
  custom:video-decoder-ogg-theora: a1e56fd34408186e4bbccfd4996cb3dc -> 
  custom:container-muxer-webm: aa71ff27fc2769a1b78a27578f13a17b -> 
  custom:container-demuxer-webm: 4f35f7cbe854078d1ac9338744f61a02 -> 
  custom:video-encoder-webm-vp8: eb34c28f22e8b96e1ab97ce403110664 -> 
  custom:audio-encoder-webm-vorbis: bf7c407c2cedff20999df2af8eb42d56 -> 
  custom:framework-win-MediaFoundation: 216162199b28c13a410421893ffa2e32 -> 
  custom:container-demuxer-ogg: 62fdf1f143b41e24485cea50d1cbac27 -> 
  custom:video-decoder-webm-vp8: 9c59270c3fd7afecdb556c50c9e8de78 -> 
  custom:audio-decoder-ogg-vorbis: bf7c407c2cedff20999df2af8eb42d56 -> 
========================================================================
Received Import Request.
  Time since last request: 169825.797497 seconds.
  path: Assets/BrokenVector
  artifactKey: Guid(2312dfcf54ffdd047868ae2bbc3dd486) Importer(815301076,1909f56bfc062723c751e8b465ee728b)
Start importing Assets/BrokenVector using Guid(2312dfcf54ffdd047868ae2bbc3dd486) Importer(815301076,1909f56bfc062723c751e8b465ee728b)  -> (artifact id: 'de5f57cb51ee364b39df53f06de7cd50') in 0.012238 seconds 
========================================================================
Received Import Request.
  Time since last request: 1.735404 seconds.
  path: Assets/makemakex
  artifactKey: Guid(c24d772e33ccca44eb8df5f204b6e918) Importer(815301076,1909f56bfc062723c751e8b465ee728b)
Start importing Assets/makemakex using Guid(c24d772e33ccca44eb8df5f204b6e918) Importer(815301076,1909f56bfc062723c751e8b465ee728b)  -> (artifact id: 'be2b254d2a4e1002829ee16d387c6407') in 0.006195 seconds 
========================================================================
Received Prepare
Registering precompiled user dll's ...
Registered in 0.003328 seconds.
Begin MonoManager ReloadAssembly
Symbol file LoadedFromMemory doesn't match image D:\KULYEAH\5\GAME DESIGN\[PROJECT]\DESGA-PROJ\Library\PackageCache\com.unity.visualscripting@1.7.8\Editor\VisualScripting.Core\Dependencies\YamlDotNet\Unity.VisualScripting.YamlDotNet.dll
Symbol file LoadedFromMemory doesn't match image D:\KULYEAH\5\GAME DESIGN\[PROJECT]\DESGA-PROJ\Library\PackageCache\com.unity.visualscripting@1.7.8\Editor\VisualScripting.Core\Dependencies\DotNetZip\Unity.VisualScripting.IonicZip.dll
Native extension for WindowsStandalone target not found
Native extension for Android target not found
Native extension for WebGL target not found
Refreshing native plugins compatible for Editor in 0.83 ms, found 3 plugins.
Preloading 0 native plugins for Editor in 0.00 ms.
Mono: successfully reloaded assembly
- Completed reload, in  1.125 seconds
Domain Reload Profiling:
	ReloadAssembly (1125ms)
		BeginReloadAssembly (151ms)
			ExecutionOrderSort (0ms)
			DisableScriptedObjects (6ms)
			BackupInstance (0ms)
			ReleaseScriptingObjects (0ms)
			CreateAndSetChildDomain (42ms)
		EndReloadAssembly (871ms)
			LoadAssemblies (98ms)
			RebuildTransferFunctionScriptingTraits (0ms)
			SetupTypeCache (346ms)
			ReleaseScriptCaches (1ms)
			RebuildScriptCaches (40ms)
			SetupLoadedEditorAssemblies (352ms)
				LogAssemblyErrors (0ms)
				InitializePlatformSupportModulesInManaged (27ms)
				SetLoadedEditorAssemblies (1ms)
				RefreshPlugins (1ms)
				BeforeProcessingInitializeOnLoad (77ms)
				ProcessInitializeOnLoadAttributes (211ms)
				ProcessInitializeOnLoadMethodAttributes (27ms)
				AfterProcessingInitializeOnLoad (8ms)
				EditorAssembliesLoaded (0ms)
			ExecutionOrderSort2 (0ms)
			AwakeInstancesAfterBackupRestoration (6ms)
Platform modules already initialized, skipping
Refreshing native plugins compatible for Editor in 2.33 ms, found 3 plugins.
Preloading 0 native plugins for Editor in 0.00 ms.
Unloading 3340 Unused Serialized files (Serialized files now loaded: 0)
Unloading 20 unused Assets / (80.1 KB). Loaded Objects now: 3825.
Memory consumption went from 130.4 MB to 130.4 MB.
Total: 4.023800 ms (FindLiveObjects: 0.354200 ms CreateObjectMapping: 0.085900 ms MarkObjects: 3.460600 ms  DeleteObjects: 0.121900 ms)

AssetImportParameters requested are different than current active one (requested -> active):
  custom:video-decoder-ogg-theora: a1e56fd34408186e4bbccfd4996cb3dc -> 
  custom:container-muxer-webm: aa71ff27fc2769a1b78a27578f13a17b -> 
  custom:container-demuxer-webm: 4f35f7cbe854078d1ac9338744f61a02 -> 
  custom:video-encoder-webm-vp8: eb34c28f22e8b96e1ab97ce403110664 -> 
  custom:audio-encoder-webm-vorbis: bf7c407c2cedff20999df2af8eb42d56 -> 
  custom:framework-win-MediaFoundation: 216162199b28c13a410421893ffa2e32 -> 
  custom:container-demuxer-ogg: 62fdf1f143b41e24485cea50d1cbac27 -> 
  custom:video-decoder-webm-vp8: 9c59270c3fd7afecdb556c50c9e8de78 -> 
  custom:audio-decoder-ogg-vorbis: bf7c407c2cedff20999df2af8eb42d56 -> 
========================================================================
Received Import Request.
  Time since last request: 28.136775 seconds.
  path: Assets/Scenes
  artifactKey: Guid(6ea315d0fd7389c41b19996891e99ae3) Importer(815301076,1909f56bfc062723c751e8b465ee728b)
Start importing Assets/Scenes using Guid(6ea315d0fd7389c41b19996891e99ae3) Importer(815301076,1909f56bfc062723c751e8b465ee728b)  -> (artifact id: 'b8193726cff86800c54781cdc6d54904') in 0.011165 seconds 
========================================================================
Received Import Request.
  Time since last request: 2.685808 seconds.
  path: Assets/Environments/makemakex/Low_Poly_Cute_Bakery_Building
  artifactKey: Guid(6e8f1538dc662414abb5aadaa661c827) Importer(815301076,1909f56bfc062723c751e8b465ee728b)
Start importing Assets/Environments/makemakex/Low_Poly_Cute_Bakery_Building using Guid(6e8f1538dc662414abb5aadaa661c827) Importer(815301076,1909f56bfc062723c751e8b465ee728b)  -> (artifact id: 'b28afa716e24bb71860a9988e8abe423') in 0.007629 seconds 
========================================================================
Received Import Request.
  Time since last request: 18.970093 seconds.
  path: Assets/Environments/BrokenVector/LowPolyFencePack
  artifactKey: Guid(4676b307259bbc947b4975643cad8fe3) Importer(815301076,1909f56bfc062723c751e8b465ee728b)
Start importing Assets/Environments/BrokenVector/LowPolyFencePack using Guid(4676b307259bbc947b4975643cad8fe3) Importer(815301076,1909f56bfc062723c751e8b465ee728b)  -> (artifact id: 'b9b52b175844834b5a8296f5f6429299') in 0.006330 seconds 
========================================================================
Received Import Request.
  Time since last request: 4.604550 seconds.
  path: Assets/Environments/BrokenVector/LowPolyFencePack/Models
  artifactKey: Guid(29d623a3fc8d4e04a8e1158958eb6f3e) Importer(815301076,1909f56bfc062723c751e8b465ee728b)
Start importing Assets/Environments/BrokenVector/LowPolyFencePack/Models using Guid(29d623a3fc8d4e04a8e1158958eb6f3e) Importer(815301076,1909f56bfc062723c751e8b465ee728b)  -> (artifact id: 'f8b36599189ba4e9aa6db7fdd2d89610') in 0.007751 seconds 
========================================================================
Received Import Request.
  Time since last request: 4.544194 seconds.
  path: Assets/Environments/BrokenVector/LowPolyCliffPack/Materials
  artifactKey: Guid(4ad07d4bd6db30c4e98ee5383bc0b888) Importer(815301076,1909f56bfc062723c751e8b465ee728b)
Start importing Assets/Environments/BrokenVector/LowPolyCliffPack/Materials using Guid(4ad07d4bd6db30c4e98ee5383bc0b888) Importer(815301076,1909f56bfc062723c751e8b465ee728b)  -> (artifact id: '9b1beef4dbd65b50f7078298d8b93373') in 0.005912 seconds 
========================================================================
Received Import Request.
  Time since last request: 0.024134 seconds.
  path: Assets/Environments/BrokenVector/LowPolyCliffPack/Materials/Grey.mat
  artifactKey: Guid(9257ea5dc1ccb084a84fbc8d7bde9717) Importer(815301076,1909f56bfc062723c751e8b465ee728b)
Start importing Assets/Environments/BrokenVector/LowPolyCliffPack/Materials/Grey.mat using Guid(9257ea5dc1ccb084a84fbc8d7bde9717) Importer(815301076,1909f56bfc062723c751e8b465ee728b)  -> (artifact id: 'cdecbd29352bdb8ca8e5ddf3858e157f') in 0.124206 seconds 
========================================================================
Received Import Request.
  Time since last request: 1.886448 seconds.
  path: Assets/Environments/BrokenVector/LowPolyCliffPack
  artifactKey: Guid(d4cfd44678391ce428f62e64ab326c09) Importer(815301076,1909f56bfc062723c751e8b465ee728b)
Start importing Assets/Environments/BrokenVector/LowPolyCliffPack using Guid(d4cfd44678391ce428f62e64ab326c09) Importer(815301076,1909f56bfc062723c751e8b465ee728b)  -> (artifact id: '69e86f214b029f97df5ddbd217e40ec7') in 0.006121 seconds 
========================================================================
Received Import Request.
  Time since last request: 0.504884 seconds.
  path: Assets/Environments/BrokenVector/LowPolyCliffPack/Prefabs
  artifactKey: Guid(9c70f800a2d2a534096a1774c3dd5b1e) Importer(815301076,1909f56bfc062723c751e8b465ee728b)
Start importing Assets/Environments/BrokenVector/LowPolyCliffPack/Prefabs using Guid(9c70f800a2d2a534096a1774c3dd5b1e) Importer(815301076,1909f56bfc062723c751e8b465ee728b)  -> (artifact id: 'c8911eb905c143143670490639060cbe') in 0.006157 seconds 
========================================================================
Received Import Request.
  Time since last request: 0.021670 seconds.
  path: Assets/Environments/BrokenVector/LowPolyCliffPack/Prefabs/Clifftile Concave.prefab
  artifactKey: Guid(0e9835138ad5dba4eba43667ec61532b) Importer(815301076,1909f56bfc062723c751e8b465ee728b)
Start importing Assets/Environments/BrokenVector/LowPolyCliffPack/Prefabs/Clifftile Concave.prefab using Guid(0e9835138ad5dba4eba43667ec61532b) Importer(815301076,1909f56bfc062723c751e8b465ee728b)  -> (artifact id: '2d0e51773f5f7ba97b51d4d35d789b94') in 0.034050 seconds 
========================================================================
Received Import Request.
  Time since last request: 0.000043 seconds.
  path: Assets/Environments/BrokenVector/LowPolyCliffPack/Prefabs/Rocktile Straight 2.prefab
  artifactKey: Guid(9447ff023d0aaf84f85f4d030320cd33) Importer(815301076,1909f56bfc062723c751e8b465ee728b)
Start importing Assets/Environments/BrokenVector/LowPolyCliffPack/Prefabs/Rocktile Straight 2.prefab using Guid(9447ff023d0aaf84f85f4d030320cd33) Importer(815301076,1909f56bfc062723c751e8b465ee728b)  -> (artifact id: 'b790e27bf5174b775034571972e93106') in 0.015216 seconds 
========================================================================
Received Import Request.
  Time since last request: 0.000051 seconds.
  path: Assets/Environments/BrokenVector/LowPolyCliffPack/Prefabs/Grasstile Convex.prefab
  artifactKey: Guid(769a9382f28132144be1d13e8384cfc4) Importer(815301076,1909f56bfc062723c751e8b465ee728b)
Start importing Assets/Environments/BrokenVector/LowPolyCliffPack/Prefabs/Grasstile Convex.prefab using Guid(769a9382f28132144be1d13e8384cfc4) Importer(815301076,1909f56bfc062723c751e8b465ee728b)  -> (artifact id: '6be8b3c7708cf284bb056bb147cffc69') in 0.018841 seconds 
========================================================================
Received Import Request.
  Time since last request: 0.000028 seconds.
  path: Assets/Environments/BrokenVector/LowPolyCliffPack/Prefabs/Rocktile Straight 1.prefab
  artifactKey: Guid(76e8f3483e59e9245a3d8a6ccbed01ac) Importer(815301076,1909f56bfc062723c751e8b465ee728b)
Start importing Assets/Environments/BrokenVector/LowPolyCliffPack/Prefabs/Rocktile Straight 1.prefab using Guid(76e8f3483e59e9245a3d8a6ccbed01ac) Importer(815301076,1909f56bfc062723c751e8b465ee728b)  -> (artifact id: 'f056cbc84b9fb859d5b7ff5ef741c871') in 0.015718 seconds 
========================================================================
Received Import Request.
  Time since last request: 0.000037 seconds.
  path: Assets/Environments/BrokenVector/LowPolyCliffPack/Prefabs/Clifftile Convex.prefab
  artifactKey: Guid(62e60247eb7840d418f372425884878d) Importer(815301076,1909f56bfc062723c751e8b465ee728b)
Start importing Assets/Environments/BrokenVector/LowPolyCliffPack/Prefabs/Clifftile Convex.prefab using Guid(62e60247eb7840d418f372425884878d) Importer(815301076,1909f56bfc062723c751e8b465ee728b)  -> (artifact id: '275c889d04b622f02ee7731585de050a') in 0.015276 seconds 
========================================================================
Received Import Request.
  Time since last request: 0.000050 seconds.
  path: Assets/Environments/BrokenVector/LowPolyCliffPack/Prefabs/Clifftile Pass 2.prefab
  artifactKey: Guid(d7be01913fd43c542a7c03fa290742fa) Importer(815301076,1909f56bfc062723c751e8b465ee728b)
Start importing Assets/Environments/BrokenVector/LowPolyCliffPack/Prefabs/Clifftile Pass 2.prefab using Guid(d7be01913fd43c542a7c03fa290742fa) Importer(815301076,1909f56bfc062723c751e8b465ee728b)  -> (artifact id: 'e2a0e36a0db3a7e0cd16c0457e08453e') in 0.015631 seconds 
========================================================================
Received Import Request.
  Time since last request: 0.000036 seconds.
  path: Assets/Environments/BrokenVector/LowPolyCliffPack/Prefabs/Clifftile Connector 2.prefab
  artifactKey: Guid(797710b9cddb52647aa5e2345461502f) Importer(815301076,1909f56bfc062723c751e8b465ee728b)
Start importing Assets/Environments/BrokenVector/LowPolyCliffPack/Prefabs/Clifftile Connector 2.prefab using Guid(797710b9cddb52647aa5e2345461502f) Importer(815301076,1909f56bfc062723c751e8b465ee728b)  -> (artifact id: '1545e38aeb349caf39b04529b390d192') in 0.013102 seconds 
========================================================================
Received Import Request.
  Time since last request: 0.000029 seconds.
  path: Assets/Environments/BrokenVector/LowPolyCliffPack/Prefabs/Rocktile Pass.prefab
  artifactKey: Guid(9d97c296676698f4c9eb639317cc0e8b) Importer(815301076,1909f56bfc062723c751e8b465ee728b)
Start importing Assets/Environments/BrokenVector/LowPolyCliffPack/Prefabs/Rocktile Pass.prefab using Guid(9d97c296676698f4c9eb639317cc0e8b) Importer(815301076,1909f56bfc062723c751e8b465ee728b)  -> (artifact id: '5830b2ed245a1032ec3332a4b7ed09bc') in 0.017060 seconds 
Editor requested this worker to shutdown with reason: Scaling down because of idle timeout
AssetImportWorker is now disconnected from the server
Process exiting
Exiting without the bug reporter. Application will terminate with return code 0