Using pre-set license
Built from '2021.3/release' branch; Version is '2021.3.12f1 (8af3c3e441b1) revision 9106371'; Using compiler version '192829333'; Build Type 'Release'
OS: 'Windows 10  (10.0.19045) 64bit Core' Language: 'en' Physical Memory: 16253 MB
BatchMode: 1, IsHumanControllingUs: 0, StartBugReporterOnCrash: 0, Is64bit: 1, IsPro: 1

COMMAND LINE ARGUMENTS:
C:\Program Files\Unity\Hub\Editor\2021.3.12f1\Editor\Unity.exe
-adb2
-batchMode
-noUpm
-name
AssetImportWorker9
-projectPath
D:/KULYEAH/5/GAME DESIGN/[PROJECT]/DESGA-PROJ
-logFile
Logs/AssetImportWorker9.log
-srvPort
56072
Successfully changed project path to: D:/KULYEAH/5/GAME DESIGN/[PROJECT]/DESGA-PROJ
D:/KULYEAH/5/GAME DESIGN/[PROJECT]/DESGA-PROJ
[UnityMemory] Configuration Parameters - Can be set up in boot.config
    "memorysetup-bucket-allocator-granularity=16"
    "memorysetup-bucket-allocator-bucket-count=8"
    "memorysetup-bucket-allocator-block-size=33554432"
    "memorysetup-bucket-allocator-block-count=8"
    "memorysetup-main-allocator-block-size=16777216"
    "memorysetup-thread-allocator-block-size=16777216"
    "memorysetup-gfx-main-allocator-block-size=16777216"
    "memorysetup-gfx-thread-allocator-block-size=16777216"
    "memorysetup-cache-allocator-block-size=4194304"
    "memorysetup-typetree-allocator-block-size=2097152"
    "memorysetup-profiler-bucket-allocator-granularity=16"
    "memorysetup-profiler-bucket-allocator-bucket-count=8"
    "memorysetup-profiler-bucket-allocator-block-size=33554432"
    "memorysetup-profiler-bucket-allocator-block-count=8"
    "memorysetup-profiler-allocator-block-size=16777216"
    "memorysetup-profiler-editor-allocator-block-size=1048576"
    "memorysetup-temp-allocator-size-main=16777216"
    "memorysetup-job-temp-allocator-block-size=2097152"
    "memorysetup-job-temp-allocator-block-size-background=1048576"
    "memorysetup-job-temp-allocator-reduction-small-platforms=262144"
    "memorysetup-temp-allocator-size-background-worker=32768"
    "memorysetup-temp-allocator-size-job-worker=262144"
    "memorysetup-temp-allocator-size-preload-manager=33554432"
    "memorysetup-temp-allocator-size-nav-mesh-worker=65536"
    "memorysetup-temp-allocator-size-audio-worker=65536"
    "memorysetup-temp-allocator-size-cloud-worker=32768"
    "memorysetup-temp-allocator-size-gi-baking-worker=262144"
    "memorysetup-temp-allocator-size-gfx=262144"
Refreshing native plugins compatible for Editor in 103.34 ms, found 3 plugins.
Preloading 0 native plugins for Editor in 0.00 ms.
Initialize engine version: 2021.3.12f1 (8af3c3e441b1)
[Subsystems] Discovering subsystems at path C:/Program Files/Unity/Hub/Editor/2021.3.12f1/Editor/Data/Resources/UnitySubsystems
[Subsystems] Discovering subsystems at path D:/KULYEAH/5/GAME DESIGN/[PROJECT]/DESGA-PROJ/Assets
GfxDevice: creating device client; threaded=0; jobified=0
Direct3D:
    Version:  Direct3D 11.0 [level 11.1]
    Renderer: NVIDIA GeForce GTX 1650 Ti (ID=0x1f95)
    Vendor:   NVIDIA
    VRAM:     3949 MB
    Driver:   31.0.15.2756
Initialize mono
Mono path[0] = 'C:/Program Files/Unity/Hub/Editor/2021.3.12f1/Editor/Data/Managed'
Mono path[1] = 'C:/Program Files/Unity/Hub/Editor/2021.3.12f1/Editor/Data/MonoBleedingEdge/lib/mono/unityjit-win32'
Mono config path = 'C:/Program Files/Unity/Hub/Editor/2021.3.12f1/Editor/Data/MonoBleedingEdge/etc'
Using monoOptions --debugger-agent=transport=dt_socket,embedding=1,server=y,suspend=n,address=127.0.0.1:56228
Begin MonoManager ReloadAssembly
Registering precompiled unity dll's ...
Register platform support module: C:/Program Files/Unity/Hub/Editor/2021.3.12f1/Editor/Data/PlaybackEngines/WebGLSupport/UnityEditor.WebGL.Extensions.dll
Register platform support module: C:/Program Files/Unity/Hub/Editor/2021.3.12f1/Editor/Data/PlaybackEngines/AndroidPlayer/UnityEditor.Android.Extensions.dll
Register platform support module: C:/Program Files/Unity/Hub/Editor/2021.3.12f1/Editor/Data/PlaybackEngines/WindowsStandaloneSupport/UnityEditor.WindowsStandalone.Extensions.dll
Registered in 0.008158 seconds.
Native extension for WindowsStandalone target not found
Native extension for Android target not found
Native extension for WebGL target not found
Refreshing native plugins compatible for Editor in 98.29 ms, found 3 plugins.
Preloading 0 native plugins for Editor in 0.00 ms.
Mono: successfully reloaded assembly
- Completed reload, in  0.753 seconds
Domain Reload Profiling:
	ReloadAssembly (753ms)
		BeginReloadAssembly (71ms)
			ExecutionOrderSort (0ms)
			DisableScriptedObjects (0ms)
			BackupInstance (0ms)
			ReleaseScriptingObjects (0ms)
			CreateAndSetChildDomain (1ms)
		EndReloadAssembly (571ms)
			LoadAssemblies (70ms)
			RebuildTransferFunctionScriptingTraits (0ms)
			SetupTypeCache (104ms)
			ReleaseScriptCaches (0ms)
			RebuildScriptCaches (29ms)
			SetupLoadedEditorAssemblies (383ms)
				LogAssemblyErrors (0ms)
				InitializePlatformSupportModulesInManaged (61ms)
				SetLoadedEditorAssemblies (0ms)
				RefreshPlugins (98ms)
				BeforeProcessingInitializeOnLoad (2ms)
				ProcessInitializeOnLoadAttributes (151ms)
				ProcessInitializeOnLoadMethodAttributes (70ms)
				AfterProcessingInitializeOnLoad (0ms)
				EditorAssembliesLoaded (0ms)
			ExecutionOrderSort2 (0ms)
			AwakeInstancesAfterBackupRestoration (0ms)
Platform modules already initialized, skipping
Registering precompiled user dll's ...
Registered in 0.005220 seconds.
Begin MonoManager ReloadAssembly
Symbol file LoadedFromMemory doesn't match image D:\KULYEAH\5\GAME DESIGN\[PROJECT]\DESGA-PROJ\Library\PackageCache\com.unity.visualscripting@1.7.8\Editor\VisualScripting.Core\Dependencies\YamlDotNet\Unity.VisualScripting.YamlDotNet.dll
Symbol file LoadedFromMemory doesn't match image D:\KULYEAH\5\GAME DESIGN\[PROJECT]\DESGA-PROJ\Library\PackageCache\com.unity.visualscripting@1.7.8\Editor\VisualScripting.Core\Dependencies\DotNetZip\Unity.VisualScripting.IonicZip.dll
Native extension for WindowsStandalone target not found
Native extension for Android target not found
Native extension for WebGL target not found
Refreshing native plugins compatible for Editor in 0.73 ms, found 3 plugins.
Preloading 0 native plugins for Editor in 0.00 ms.
Mono: successfully reloaded assembly
- Completed reload, in  1.128 seconds
Domain Reload Profiling:
	ReloadAssembly (1129ms)
		BeginReloadAssembly (218ms)
			ExecutionOrderSort (0ms)
			DisableScriptedObjects (5ms)
			BackupInstance (0ms)
			ReleaseScriptingObjects (0ms)
			CreateAndSetChildDomain (131ms)
		EndReloadAssembly (798ms)
			LoadAssemblies (75ms)
			RebuildTransferFunctionScriptingTraits (0ms)
			SetupTypeCache (261ms)
			ReleaseScriptCaches (1ms)
			RebuildScriptCaches (52ms)
			SetupLoadedEditorAssemblies (373ms)
				LogAssemblyErrors (0ms)
				InitializePlatformSupportModulesInManaged (16ms)
				SetLoadedEditorAssemblies (0ms)
				RefreshPlugins (1ms)
				BeforeProcessingInitializeOnLoad (91ms)
				ProcessInitializeOnLoadAttributes (230ms)
				ProcessInitializeOnLoadMethodAttributes (28ms)
				AfterProcessingInitializeOnLoad (7ms)
				EditorAssembliesLoaded (0ms)
			ExecutionOrderSort2 (0ms)
			AwakeInstancesAfterBackupRestoration (7ms)
Platform modules already initialized, skipping
========================================================================
Worker process is ready to serve import requests
Launched and connected shader compiler UnityShaderCompiler.exe after 0.05 seconds
Refreshing native plugins compatible for Editor in 0.89 ms, found 3 plugins.
Preloading 0 native plugins for Editor in 0.00 ms.
Unloading 3343 Unused Serialized files (Serialized files now loaded: 0)
Unloading 27 unused Assets / (113.5 KB). Loaded Objects now: 3820.
Memory consumption went from 130.5 MB to 130.3 MB.
Total: 3.253300 ms (FindLiveObjects: 0.325800 ms CreateObjectMapping: 0.087500 ms MarkObjects: 2.706000 ms  DeleteObjects: 0.132300 ms)

AssetImportParameters requested are different than current active one (requested -> active):
  custom:video-decoder-ogg-theora: a1e56fd34408186e4bbccfd4996cb3dc -> 
  custom:container-muxer-webm: aa71ff27fc2769a1b78a27578f13a17b -> 
  custom:container-demuxer-webm: 4f35f7cbe854078d1ac9338744f61a02 -> 
  custom:video-encoder-webm-vp8: eb34c28f22e8b96e1ab97ce403110664 -> 
  custom:audio-encoder-webm-vorbis: bf7c407c2cedff20999df2af8eb42d56 -> 
  custom:framework-win-MediaFoundation: 216162199b28c13a410421893ffa2e32 -> 
  custom:container-demuxer-ogg: 62fdf1f143b41e24485cea50d1cbac27 -> 
  custom:video-decoder-webm-vp8: 9c59270c3fd7afecdb556c50c9e8de78 -> 
  custom:audio-decoder-ogg-vorbis: bf7c407c2cedff20999df2af8eb42d56 -> 
========================================================================
Received Import Request.
  Time since last request: 149936.679334 seconds.
  path: Assets/Environments/SimpleNaturePack/Scenes/PostProcessing/Scene Settings Profile_SimpleNaturePack.asset
  artifactKey: Guid(be2f6ba0f396e164fab91dec24babd6f) Importer(815301076,1909f56bfc062723c751e8b465ee728b)
Start importing Assets/Environments/SimpleNaturePack/Scenes/PostProcessing/Scene Settings Profile_SimpleNaturePack.asset using Guid(be2f6ba0f396e164fab91dec24babd6f) Importer(815301076,1909f56bfc062723c751e8b465ee728b)  -> (artifact id: 'b9f735e846594d727c19021ab0424c85') in 0.027882 seconds 
========================================================================
Received Prepare
Registering precompiled user dll's ...
Registered in 0.005960 seconds.
Begin MonoManager ReloadAssembly
Symbol file LoadedFromMemory doesn't match image D:\KULYEAH\5\GAME DESIGN\[PROJECT]\DESGA-PROJ\Library\PackageCache\com.unity.visualscripting@1.7.8\Editor\VisualScripting.Core\Dependencies\YamlDotNet\Unity.VisualScripting.YamlDotNet.dll
Symbol file LoadedFromMemory doesn't match image D:\KULYEAH\5\GAME DESIGN\[PROJECT]\DESGA-PROJ\Library\PackageCache\com.unity.visualscripting@1.7.8\Editor\VisualScripting.Core\Dependencies\DotNetZip\Unity.VisualScripting.IonicZip.dll
Native extension for WindowsStandalone target not found
Native extension for Android target not found
Native extension for WebGL target not found
Refreshing native plugins compatible for Editor in 1.38 ms, found 3 plugins.
Preloading 0 native plugins for Editor in 0.00 ms.
Mono: successfully reloaded assembly
- Completed reload, in  1.205 seconds
Domain Reload Profiling:
	ReloadAssembly (1205ms)
		BeginReloadAssembly (142ms)
			ExecutionOrderSort (0ms)
			DisableScriptedObjects (5ms)
			BackupInstance (0ms)
			ReleaseScriptingObjects (0ms)
			CreateAndSetChildDomain (43ms)
		EndReloadAssembly (963ms)
			LoadAssemblies (83ms)
			RebuildTransferFunctionScriptingTraits (0ms)
			SetupTypeCache (308ms)
			ReleaseScriptCaches (1ms)
			RebuildScriptCaches (59ms)
			SetupLoadedEditorAssemblies (450ms)
				LogAssemblyErrors (0ms)
				InitializePlatformSupportModulesInManaged (28ms)
				SetLoadedEditorAssemblies (1ms)
				RefreshPlugins (1ms)
				BeforeProcessingInitializeOnLoad (94ms)
				ProcessInitializeOnLoadAttributes (281ms)
				ProcessInitializeOnLoadMethodAttributes (36ms)
				AfterProcessingInitializeOnLoad (8ms)
				EditorAssembliesLoaded (0ms)
			ExecutionOrderSort2 (0ms)
			AwakeInstancesAfterBackupRestoration (8ms)
Platform modules already initialized, skipping
Refreshing native plugins compatible for Editor in 1.99 ms, found 3 plugins.
Preloading 0 native plugins for Editor in 0.00 ms.
Unloading 3338 Unused Serialized files (Serialized files now loaded: 0)
Unloading 20 unused Assets / (79.9 KB). Loaded Objects now: 3824.
Memory consumption went from 130.4 MB to 130.3 MB.
Total: 3.016800 ms (FindLiveObjects: 0.331600 ms CreateObjectMapping: 0.077800 ms MarkObjects: 2.497200 ms  DeleteObjects: 0.108800 ms)

AssetImportParameters requested are different than current active one (requested -> active):
  custom:video-decoder-ogg-theora: a1e56fd34408186e4bbccfd4996cb3dc -> 
  custom:container-muxer-webm: aa71ff27fc2769a1b78a27578f13a17b -> 
  custom:container-demuxer-webm: 4f35f7cbe854078d1ac9338744f61a02 -> 
  custom:video-encoder-webm-vp8: eb34c28f22e8b96e1ab97ce403110664 -> 
  custom:audio-encoder-webm-vorbis: bf7c407c2cedff20999df2af8eb42d56 -> 
  custom:framework-win-MediaFoundation: 216162199b28c13a410421893ffa2e32 -> 
  custom:container-demuxer-ogg: 62fdf1f143b41e24485cea50d1cbac27 -> 
  custom:video-decoder-webm-vp8: 9c59270c3fd7afecdb556c50c9e8de78 -> 
  custom:audio-decoder-ogg-vorbis: bf7c407c2cedff20999df2af8eb42d56 -> 
========================================================================
Received Import Request.
  Time since last request: 18992.201149 seconds.
  path: Assets/Environments/SimpleNaturePack/Scenes/SimpleNaturePack_Demo.unity
  artifactKey: Guid(5e7af4bd95ac53a4cb784a9eedf8f6f9) Importer(815301076,1909f56bfc062723c751e8b465ee728b)
Start importing Assets/Environments/SimpleNaturePack/Scenes/SimpleNaturePack_Demo.unity using Guid(5e7af4bd95ac53a4cb784a9eedf8f6f9) Importer(815301076,1909f56bfc062723c751e8b465ee728b)  -> (artifact id: '7bbd748edb0c0151a1e122824f0a67a1') in 0.121580 seconds 
========================================================================
Received Import Request.
  Time since last request: 1.394775 seconds.
  path: Assets/Environments/SimpleNaturePack/Scenes/SimpleNaturePack_Overview.unity
  artifactKey: Guid(b818941d93326b949a3840a1d79ea88f) Importer(815301076,1909f56bfc062723c751e8b465ee728b)
Start importing Assets/Environments/SimpleNaturePack/Scenes/SimpleNaturePack_Overview.unity using Guid(b818941d93326b949a3840a1d79ea88f) Importer(815301076,1909f56bfc062723c751e8b465ee728b)  -> (artifact id: '880488ec5a0eb071345ebbd2ab4c48db') in 0.007123 seconds 
========================================================================
Received Import Request.
  Time since last request: 72.987708 seconds.
  path: Assets/Environments/Lowpoly_Holiday_House/Materials/Doors.mat
  artifactKey: Guid(6ebc307ca9474e7458c6a0230dda5bee) Importer(815301076,1909f56bfc062723c751e8b465ee728b)
Start importing Assets/Environments/Lowpoly_Holiday_House/Materials/Doors.mat using Guid(6ebc307ca9474e7458c6a0230dda5bee) Importer(815301076,1909f56bfc062723c751e8b465ee728b)  -> (artifact id: '5b80f15327323cd7cce1748416e09fe7') in 0.354199 seconds 
========================================================================
Received Import Request.
  Time since last request: 0.000035 seconds.
  path: Assets/Environments/Lowpoly_Holiday_House/Materials/Sidewalk.mat
  artifactKey: Guid(091f89352b49bb84e9a538d3f3bee4e0) Importer(815301076,1909f56bfc062723c751e8b465ee728b)
Start importing Assets/Environments/Lowpoly_Holiday_House/Materials/Sidewalk.mat using Guid(091f89352b49bb84e9a538d3f3bee4e0) Importer(815301076,1909f56bfc062723c751e8b465ee728b)  -> (artifact id: '0e84aab32c2a358250e4020af2cdc0ec') in 0.094947 seconds 
========================================================================
Received Import Request.
  Time since last request: 0.000047 seconds.
  path: Assets/Environments/Lowpoly_Holiday_House/Materials/Walls_2_3.mat
  artifactKey: Guid(39f16c90d754612448000e32be60b882) Importer(815301076,1909f56bfc062723c751e8b465ee728b)
Start importing Assets/Environments/Lowpoly_Holiday_House/Materials/Walls_2_3.mat using Guid(39f16c90d754612448000e32be60b882) Importer(815301076,1909f56bfc062723c751e8b465ee728b)  -> (artifact id: '4a96b9da6348ba50a73170e79d3ca0b7') in 0.075721 seconds 
========================================================================
Received Import Request.
  Time since last request: 0.000032 seconds.
  path: Assets/Environments/Lowpoly_Holiday_House/Materials/Wall_clumb.mat
  artifactKey: Guid(2a1402e85fa59f2419152624ff8723c6) Importer(815301076,1909f56bfc062723c751e8b465ee728b)
Start importing Assets/Environments/Lowpoly_Holiday_House/Materials/Wall_clumb.mat using Guid(2a1402e85fa59f2419152624ff8723c6) Importer(815301076,1909f56bfc062723c751e8b465ee728b)  -> (artifact id: 'c2039cd70f4adb8c5f813a01b82370fb') in 0.104316 seconds 
========================================================================
Received Import Request.
  Time since last request: 0.000026 seconds.
  path: Assets/Environments/Lowpoly_Holiday_House/Materials/Tile_1.mat
  artifactKey: Guid(c6cc76a5362a2b44c8cb3d0c21631ab4) Importer(815301076,1909f56bfc062723c751e8b465ee728b)
Start importing Assets/Environments/Lowpoly_Holiday_House/Materials/Tile_1.mat using Guid(c6cc76a5362a2b44c8cb3d0c21631ab4) Importer(815301076,1909f56bfc062723c751e8b465ee728b)  -> (artifact id: 'f655faa145a1c87d0c3484b43ad58f86') in 0.083572 seconds 
========================================================================
Received Import Request.
  Time since last request: 0.000044 seconds.
  path: Assets/Environments/Lowpoly_Holiday_House/Materials/Shutters.mat
  artifactKey: Guid(f2bc0ca930bdced4083ec2fc1cebb500) Importer(815301076,1909f56bfc062723c751e8b465ee728b)
Start importing Assets/Environments/Lowpoly_Holiday_House/Materials/Shutters.mat using Guid(f2bc0ca930bdced4083ec2fc1cebb500) Importer(815301076,1909f56bfc062723c751e8b465ee728b)  -> (artifact id: 'd40bd4bee04b32dbab5f242506afaa25') in 0.082880 seconds 
========================================================================
Received Import Request.
  Time since last request: 0.000042 seconds.
  path: Assets/Environments/Lowpoly_Holiday_House/Materials/Roof.mat
  artifactKey: Guid(ab62c78bc6a536d4999b20c2461d6b9e) Importer(815301076,1909f56bfc062723c751e8b465ee728b)
Start importing Assets/Environments/Lowpoly_Holiday_House/Materials/Roof.mat using Guid(ab62c78bc6a536d4999b20c2461d6b9e) Importer(815301076,1909f56bfc062723c751e8b465ee728b)  -> (artifact id: 'fcb7debdd96d6e2ee4b6c56c27f7110a') in 0.103496 seconds 
========================================================================
Received Import Request.
  Time since last request: 0.000028 seconds.
  path: Assets/Environments/Lowpoly_Holiday_House/Materials/Plinth_1.mat
  artifactKey: Guid(1849680c58c97504b8e8050cb08e0d2b) Importer(815301076,1909f56bfc062723c751e8b465ee728b)
Start importing Assets/Environments/Lowpoly_Holiday_House/Materials/Plinth_1.mat using Guid(1849680c58c97504b8e8050cb08e0d2b) Importer(815301076,1909f56bfc062723c751e8b465ee728b)  -> (artifact id: '77752b3dd5fbe155b2b81bae7746c6d9') in 0.101559 seconds 
========================================================================
Received Import Request.
  Time since last request: 171.794045 seconds.
  path: Assets/Environments/Buildings/Mobile/appliances_factory_mobile.fbx
  artifactKey: Guid(c26a65b944afdb74bac651e4d17610c1) Importer(815301076,1909f56bfc062723c751e8b465ee728b)
Start importing Assets/Environments/Buildings/Mobile/appliances_factory_mobile.fbx using Guid(c26a65b944afdb74bac651e4d17610c1) Importer(815301076,1909f56bfc062723c751e8b465ee728b)  -> (artifact id: '337bd8e85848861a4635aa03ef98d023') in 0.353550 seconds 
========================================================================
Received Import Request.
  Time since last request: 0.000029 seconds.
  path: Assets/Environments/Buildings/Mobile/house_2_v_23_mobile.fbx
  artifactKey: Guid(3ba2712ba0d89d54880972809b566720) Importer(815301076,1909f56bfc062723c751e8b465ee728b)
Start importing Assets/Environments/Buildings/Mobile/house_2_v_23_mobile.fbx using Guid(3ba2712ba0d89d54880972809b566720) Importer(815301076,1909f56bfc062723c751e8b465ee728b)  -> (artifact id: '418618c6f8f5be839bfba604ceaf0777') in 0.122638 seconds 
========================================================================
Received Import Request.
  Time since last request: 0.000041 seconds.
  path: Assets/Environments/Buildings/Mobile/house_2_mobile.fbx
  artifactKey: Guid(dc4a4978b5be1db4fb565cf7c8fb27fd) Importer(815301076,1909f56bfc062723c751e8b465ee728b)
Start importing Assets/Environments/Buildings/Mobile/house_2_mobile.fbx using Guid(dc4a4978b5be1db4fb565cf7c8fb27fd) Importer(815301076,1909f56bfc062723c751e8b465ee728b)  -> (artifact id: 'ffeeb75d04a9cb11fddfafe534fe3e71') in 0.128665 seconds 
========================================================================
Received Import Request.
  Time since last request: 0.000026 seconds.
  path: Assets/Environments/Buildings/Mobile/house_2_v_6_mobile.fbx
  artifactKey: Guid(a07aa3def4dbbb040b4557da67c80895) Importer(815301076,1909f56bfc062723c751e8b465ee728b)
Start importing Assets/Environments/Buildings/Mobile/house_2_v_6_mobile.fbx using Guid(a07aa3def4dbbb040b4557da67c80895) Importer(815301076,1909f56bfc062723c751e8b465ee728b)  -> (artifact id: 'c2d4a4bec15b6b1246d810dda43a9f3f') in 0.042281 seconds 
========================================================================
Received Import Request.
  Time since last request: 0.000021 seconds.
  path: Assets/Environments/Buildings/Mobile/electronic_store_mobile.fbx
  artifactKey: Guid(6be4e04bd9cc5904a9d055d1732cab64) Importer(815301076,1909f56bfc062723c751e8b465ee728b)
Start importing Assets/Environments/Buildings/Mobile/electronic_store_mobile.fbx using Guid(6be4e04bd9cc5904a9d055d1732cab64) Importer(815301076,1909f56bfc062723c751e8b465ee728b)  -> (artifact id: 'af0e86134241e9395f5d08801caa2ca8') in 0.060573 seconds 
========================================================================
Received Import Request.
  Time since last request: 0.000028 seconds.
  path: Assets/Environments/Buildings/Mobile/cinema_mobile.fbx
  artifactKey: Guid(bdff7604a06c3684aa875c29f2780d9a) Importer(815301076,1909f56bfc062723c751e8b465ee728b)
Start importing Assets/Environments/Buildings/Mobile/cinema_mobile.fbx using Guid(bdff7604a06c3684aa875c29f2780d9a) Importer(815301076,1909f56bfc062723c751e8b465ee728b)  -> (artifact id: 'da32c0b066c2bbcd63d6c3d2f6345a24') in 0.079282 seconds 
========================================================================
Received Import Request.
  Time since last request: 0.000038 seconds.
  path: Assets/Environments/Buildings/Mobile/car_factory_mobile.fbx
  artifactKey: Guid(7950ab09ad4da144199bfd21bf42548e) Importer(815301076,1909f56bfc062723c751e8b465ee728b)
Start importing Assets/Environments/Buildings/Mobile/car_factory_mobile.fbx using Guid(7950ab09ad4da144199bfd21bf42548e) Importer(815301076,1909f56bfc062723c751e8b465ee728b)  -> (artifact id: '7b585487301303be72ec20606846ec98') in 0.057611 seconds 
========================================================================
Received Import Request.
  Time since last request: 0.000025 seconds.
  path: Assets/Environments/Buildings/Mobile/house_2_v_15_mobile.fbx
  artifactKey: Guid(6c8a1de17559dc84780152ea3352a592) Importer(815301076,1909f56bfc062723c751e8b465ee728b)
Start importing Assets/Environments/Buildings/Mobile/house_2_v_15_mobile.fbx using Guid(6c8a1de17559dc84780152ea3352a592) Importer(815301076,1909f56bfc062723c751e8b465ee728b)  -> (artifact id: '55df714b426d8c37de9e294143ae789b') in 0.082298 seconds 
========================================================================
Received Import Request.
  Time since last request: 0.000040 seconds.
  path: Assets/Environments/Buildings/Mobile/house_2_v_16_mobile.fbx
  artifactKey: Guid(e74d085feae0ce741b172ece485c2b2e) Importer(815301076,1909f56bfc062723c751e8b465ee728b)
Start importing Assets/Environments/Buildings/Mobile/house_2_v_16_mobile.fbx using Guid(e74d085feae0ce741b172ece485c2b2e) Importer(815301076,1909f56bfc062723c751e8b465ee728b)  -> (artifact id: '433ce6227e037ceeafc6207b6e10aa1e') in 0.079030 seconds 
========================================================================
Received Import Request.
  Time since last request: 0.000033 seconds.
  path: Assets/Environments/Buildings/Mobile/bookstore_mobile.fbx
  artifactKey: Guid(60f9a207d6f743741be5b9734c4ac96d) Importer(815301076,1909f56bfc062723c751e8b465ee728b)
Start importing Assets/Environments/Buildings/Mobile/bookstore_mobile.fbx using Guid(60f9a207d6f743741be5b9734c4ac96d) Importer(815301076,1909f56bfc062723c751e8b465ee728b)  -> (artifact id: '77d4958f13607c433b29b8aac07bc205') in 0.068303 seconds 
========================================================================
Received Import Request.
  Time since last request: 0.000034 seconds.
  path: Assets/Environments/Buildings/Mobile/car_store_mobile.fbx
  artifactKey: Guid(4cb6a23ffcc58db4fb5bd808f1c81dfe) Importer(815301076,1909f56bfc062723c751e8b465ee728b)
Start importing Assets/Environments/Buildings/Mobile/car_store_mobile.fbx using Guid(4cb6a23ffcc58db4fb5bd808f1c81dfe) Importer(815301076,1909f56bfc062723c751e8b465ee728b)  -> (artifact id: '7ae269fce082f9edafa2017cb0e5b88c') in 0.045158 seconds 
========================================================================
Received Import Request.
  Time since last request: 0.000030 seconds.
  path: Assets/Environments/Buildings/Mobile/house_2_v_17_mobile.fbx
  artifactKey: Guid(02142bcc6b42dac45b37a333894fb75b) Importer(815301076,1909f56bfc062723c751e8b465ee728b)
Start importing Assets/Environments/Buildings/Mobile/house_2_v_17_mobile.fbx using Guid(02142bcc6b42dac45b37a333894fb75b) Importer(815301076,1909f56bfc062723c751e8b465ee728b)  -> (artifact id: '992fa6167b76b5340c29133bce8ab58c') in 0.047005 seconds 
========================================================================
Received Import Request.
  Time since last request: 0.000031 seconds.
  path: Assets/Environments/Buildings/Mobile/house_2_v_21_mobile.fbx
  artifactKey: Guid(fd7fab44162f9d64fbbf5feb9542e379) Importer(815301076,1909f56bfc062723c751e8b465ee728b)
Start importing Assets/Environments/Buildings/Mobile/house_2_v_21_mobile.fbx using Guid(fd7fab44162f9d64fbbf5feb9542e379) Importer(815301076,1909f56bfc062723c751e8b465ee728b)  -> (artifact id: 'b460fc2093a74f490dcbb1a17a1ac4e1') in 0.066486 seconds 
========================================================================
Received Import Request.
  Time since last request: 0.000032 seconds.
  path: Assets/Environments/Buildings/Mobile/house_2_v_26_mobile.fbx
  artifactKey: Guid(c1ddfa7b6a6739e43b7e19eeb4141215) Importer(815301076,1909f56bfc062723c751e8b465ee728b)
Start importing Assets/Environments/Buildings/Mobile/house_2_v_26_mobile.fbx using Guid(c1ddfa7b6a6739e43b7e19eeb4141215) Importer(815301076,1909f56bfc062723c751e8b465ee728b)  -> (artifact id: '1df50faea4cced8164f01281299227df') in 0.071496 seconds 
========================================================================
Received Import Request.
  Time since last request: 0.000039 seconds.
  path: Assets/Environments/Buildings/Mobile/city_hall_mobile.fbx
  artifactKey: Guid(465dec3254391844db549624ba0cf5be) Importer(815301076,1909f56bfc062723c751e8b465ee728b)
Start importing Assets/Environments/Buildings/Mobile/city_hall_mobile.fbx using Guid(465dec3254391844db549624ba0cf5be) Importer(815301076,1909f56bfc062723c751e8b465ee728b)  -> (artifact id: 'aa75ad451db26e708af20626f50db0d6') in 0.051119 seconds 
========================================================================
Received Import Request.
  Time since last request: 0.000045 seconds.
  path: Assets/Environments/Buildings/Mobile/chemical_store_mobile.fbx
  artifactKey: Guid(29c6a522a5ccf79409db87f7528e398d) Importer(815301076,1909f56bfc062723c751e8b465ee728b)
Start importing Assets/Environments/Buildings/Mobile/chemical_store_mobile.fbx using Guid(29c6a522a5ccf79409db87f7528e398d) Importer(815301076,1909f56bfc062723c751e8b465ee728b)  -> (artifact id: 'e5af61eaee3814255fa6b68141b708dc') in 0.060714 seconds 
========================================================================
Received Import Request.
  Time since last request: 0.000025 seconds.
  path: Assets/Environments/Buildings/Mobile/guard_mobile.fbx
  artifactKey: Guid(bfc99bbf4b91f1c49881150b23562811) Importer(815301076,1909f56bfc062723c751e8b465ee728b)
Start importing Assets/Environments/Buildings/Mobile/guard_mobile.fbx using Guid(bfc99bbf4b91f1c49881150b23562811) Importer(815301076,1909f56bfc062723c751e8b465ee728b)  -> (artifact id: 'a3a5a041c7955ab49a37426df8866171') in 0.061523 seconds 
========================================================================
Received Import Request.
  Time since last request: 0.000036 seconds.
  path: Assets/Environments/Buildings/Mobile/heavy_equipment_store_mobile.fbx
  artifactKey: Guid(2eeb6abac54285147aae0ebf736625ff) Importer(815301076,1909f56bfc062723c751e8b465ee728b)
Start importing Assets/Environments/Buildings/Mobile/heavy_equipment_store_mobile.fbx using Guid(2eeb6abac54285147aae0ebf736625ff) Importer(815301076,1909f56bfc062723c751e8b465ee728b)  -> (artifact id: '0fe0354130b8d9261f2c1cf53a3723f2') in 0.098120 seconds 
========================================================================
Received Import Request.
  Time since last request: 0.000051 seconds.
  path: Assets/Environments/Buildings/Mobile/house_2_v_4_mobile.fbx
  artifactKey: Guid(783888662cd697846832cd1f884f97ac) Importer(815301076,1909f56bfc062723c751e8b465ee728b)
Start importing Assets/Environments/Buildings/Mobile/house_2_v_4_mobile.fbx using Guid(783888662cd697846832cd1f884f97ac) Importer(815301076,1909f56bfc062723c751e8b465ee728b)  -> (artifact id: '631bec001975f44f2f70a3b8ca0c3643') in 0.052951 seconds 
========================================================================
Received Import Request.
  Time since last request: 0.000153 seconds.
  path: Assets/Environments/Buildings/Mobile/house_2_v_3_mobile.fbx
  artifactKey: Guid(466903dedd59e814ab0c5462ff7df8ac) Importer(815301076,1909f56bfc062723c751e8b465ee728b)
Start importing Assets/Environments/Buildings/Mobile/house_2_v_3_mobile.fbx using Guid(466903dedd59e814ab0c5462ff7df8ac) Importer(815301076,1909f56bfc062723c751e8b465ee728b)  -> (artifact id: 'd282a3029af12784d4a4aad184fb7a01') in 0.079424 seconds 
========================================================================
Received Import Request.
  Time since last request: 0.000021 seconds.
  path: Assets/Environments/Buildings/Mobile/house_2_v_2_mobile.fbx
  artifactKey: Guid(cd1f73dd4a18f034caf98b6a4096a443) Importer(815301076,1909f56bfc062723c751e8b465ee728b)
Start importing Assets/Environments/Buildings/Mobile/house_2_v_2_mobile.fbx using Guid(cd1f73dd4a18f034caf98b6a4096a443) Importer(815301076,1909f56bfc062723c751e8b465ee728b)  -> (artifact id: '6d8325935d55fdc99eb57cd2877e5945') in 0.056556 seconds 
========================================================================
Received Import Request.
  Time since last request: 0.000032 seconds.
  path: Assets/Environments/Buildings/Mobile/house_2_v_22_mobile.fbx
  artifactKey: Guid(b11d38b758dd9ab4281cc113b3a55f98) Importer(815301076,1909f56bfc062723c751e8b465ee728b)
Start importing Assets/Environments/Buildings/Mobile/house_2_v_22_mobile.fbx using Guid(b11d38b758dd9ab4281cc113b3a55f98) Importer(815301076,1909f56bfc062723c751e8b465ee728b)  -> (artifact id: '0e56b4433081c2ef7bd9e8789e8a7f2b') in 0.044031 seconds 
========================================================================
Received Import Request.
  Time since last request: 0.000027 seconds.
  path: Assets/Environments/Buildings/Mobile/house_2_v_8_mobile.fbx
  artifactKey: Guid(ef6229a1cd489b743ae1214237d371fd) Importer(815301076,1909f56bfc062723c751e8b465ee728b)
Start importing Assets/Environments/Buildings/Mobile/house_2_v_8_mobile.fbx using Guid(ef6229a1cd489b743ae1214237d371fd) Importer(815301076,1909f56bfc062723c751e8b465ee728b)  -> (artifact id: '7f47eb8aa754c35b928301790fa15d59') in 0.039891 seconds 
========================================================================
Received Import Request.
  Time since last request: 0.000069 seconds.
  path: Assets/Environments/Buildings/Mobile/house_2_v_29_mobile.fbx
  artifactKey: Guid(1e079a326b40b4849aabad9729e204b9) Importer(815301076,1909f56bfc062723c751e8b465ee728b)
Start importing Assets/Environments/Buildings/Mobile/house_2_v_29_mobile.fbx using Guid(1e079a326b40b4849aabad9729e204b9) Importer(815301076,1909f56bfc062723c751e8b465ee728b)  -> (artifact id: '74eef03b291303789d1bcc02bed7e59c') in 0.029837 seconds 
========================================================================
Received Import Request.
  Time since last request: 0.000049 seconds.
  path: Assets/Environments/Buildings/Mobile/house_2_v_20_mobile.fbx
  artifactKey: Guid(cdc3cd23445803041b6fdc18d012d160) Importer(815301076,1909f56bfc062723c751e8b465ee728b)
Start importing Assets/Environments/Buildings/Mobile/house_2_v_20_mobile.fbx using Guid(cdc3cd23445803041b6fdc18d012d160) Importer(815301076,1909f56bfc062723c751e8b465ee728b)  -> (artifact id: 'd1b62047f70fbd099a83787f3388c8cc') in 0.073600 seconds 
========================================================================
Received Import Request.
  Time since last request: 0.000032 seconds.
  path: Assets/Environments/Buildings/Mobile/house_2_v_24_mobile.fbx
  artifactKey: Guid(8a8bbfc562aa4a045874b04a8c477616) Importer(815301076,1909f56bfc062723c751e8b465ee728b)
Start importing Assets/Environments/Buildings/Mobile/house_2_v_24_mobile.fbx using Guid(8a8bbfc562aa4a045874b04a8c477616) Importer(815301076,1909f56bfc062723c751e8b465ee728b)  -> (artifact id: '26d3ea9a3d10879cb1ef1d05a54af8be') in 0.092439 seconds 
========================================================================
Received Import Request.
  Time since last request: 1.998114 seconds.
  path: Assets/Environments/Buildings/Mobile/house_2_v_30_mobile.fbx
  artifactKey: Guid(4f9f9a50738cf3b43b7646aef3d99951) Importer(815301076,1909f56bfc062723c751e8b465ee728b)
Start importing Assets/Environments/Buildings/Mobile/house_2_v_30_mobile.fbx using Guid(4f9f9a50738cf3b43b7646aef3d99951) Importer(815301076,1909f56bfc062723c751e8b465ee728b)  -> (artifact id: 'd5400e106147319e06a48e07a2bf6e30') in 0.076753 seconds 
========================================================================
Received Import Request.
  Time since last request: 0.000025 seconds.
  path: Assets/Environments/Buildings/Mobile/house_4_mobile.fbx
  artifactKey: Guid(8a707f396fcdb5b49b4fe30f7ec86bb2) Importer(815301076,1909f56bfc062723c751e8b465ee728b)
Start importing Assets/Environments/Buildings/Mobile/house_4_mobile.fbx using Guid(8a707f396fcdb5b49b4fe30f7ec86bb2) Importer(815301076,1909f56bfc062723c751e8b465ee728b)  -> (artifact id: '0133a2ee2f86cd4ca096d205a2b64e23') in 0.165552 seconds 
========================================================================
Received Import Request.
  Time since last request: 0.000035 seconds.
  path: Assets/Environments/Buildings/Mobile/house_5_mobile.fbx
  artifactKey: Guid(3c55721723f459842bed530039322d82) Importer(815301076,1909f56bfc062723c751e8b465ee728b)
Start importing Assets/Environments/Buildings/Mobile/house_5_mobile.fbx using Guid(3c55721723f459842bed530039322d82) Importer(815301076,1909f56bfc062723c751e8b465ee728b)  -> (artifact id: 'a064fad99871bcec433a8d9e44bece35') in 0.110234 seconds 
========================================================================
Received Import Request.
  Time since last request: 0.000027 seconds.
  path: Assets/Environments/Buildings/Mobile/pharmaceutical_factory_mobile.fbx
  artifactKey: Guid(5e301659520745a46a0c3fc4e790b356) Importer(815301076,1909f56bfc062723c751e8b465ee728b)
Start importing Assets/Environments/Buildings/Mobile/pharmaceutical_factory_mobile.fbx using Guid(5e301659520745a46a0c3fc4e790b356) Importer(815301076,1909f56bfc062723c751e8b465ee728b)  -> (artifact id: '30d4b83e559d88c8f018b114ba0819ca') in 0.116884 seconds 
========================================================================
Received Import Request.
  Time since last request: 0.000050 seconds.
  path: Assets/Environments/Buildings/Mobile/office_supply_store_mobile.fbx
  artifactKey: Guid(98fd85eb373b94a4da441e600fd0ad0e) Importer(815301076,1909f56bfc062723c751e8b465ee728b)
Start importing Assets/Environments/Buildings/Mobile/office_supply_store_mobile.fbx using Guid(98fd85eb373b94a4da441e600fd0ad0e) Importer(815301076,1909f56bfc062723c751e8b465ee728b)  -> (artifact id: '789353988edc52862c0d2ab0b97ac136') in 0.090069 seconds 
========================================================================
Received Import Request.
  Time since last request: 0.000039 seconds.
  path: Assets/Environments/Buildings/Mobile/sewing_mobile.fbx
  artifactKey: Guid(edf668debdf1f8e4084f4d7a2b14e0cf) Importer(815301076,1909f56bfc062723c751e8b465ee728b)
Start importing Assets/Environments/Buildings/Mobile/sewing_mobile.fbx using Guid(edf668debdf1f8e4084f4d7a2b14e0cf) Importer(815301076,1909f56bfc062723c751e8b465ee728b)  -> (artifact id: '34780d6be4ee3942afa1a32fe7678757') in 0.096316 seconds 
========================================================================
Received Import Request.
  Time since last request: 0.000032 seconds.
  path: Assets/Environments/Buildings/Mobile/school_mobile.fbx
  artifactKey: Guid(1424c86d9fae2cb40818ddb7ad0f6158) Importer(815301076,1909f56bfc062723c751e8b465ee728b)
Start importing Assets/Environments/Buildings/Mobile/school_mobile.fbx using Guid(1424c86d9fae2cb40818ddb7ad0f6158) Importer(815301076,1909f56bfc062723c751e8b465ee728b)  -> (artifact id: 'e3917d7ef6ff0e9d666c682418f0f22e') in 0.112760 seconds 
========================================================================
Received Import Request.
  Time since last request: 0.000039 seconds.
  path: Assets/Environments/Buildings/Mobile/industrial_shop_mobile.fbx
  artifactKey: Guid(d5ca6afe18d48884aa37e9fbc26c4dd1) Importer(815301076,1909f56bfc062723c751e8b465ee728b)
Start importing Assets/Environments/Buildings/Mobile/industrial_shop_mobile.fbx using Guid(d5ca6afe18d48884aa37e9fbc26c4dd1) Importer(815301076,1909f56bfc062723c751e8b465ee728b)  -> (artifact id: 'd6a726a16c246bea54708b52ab23a350') in 0.287861 seconds 
========================================================================
Received Import Request.
  Time since last request: 0.000035 seconds.
  path: Assets/Environments/Buildings/Mobile/metal_store_mobile.fbx
  artifactKey: Guid(3d6a43723b933514d8adf70dfb047caa) Importer(815301076,1909f56bfc062723c751e8b465ee728b)
Start importing Assets/Environments/Buildings/Mobile/metal_store_mobile.fbx using Guid(3d6a43723b933514d8adf70dfb047caa) Importer(815301076,1909f56bfc062723c751e8b465ee728b)  -> (artifact id: '12bc90816ad9ab23806f3929a0e140a8') in 0.117458 seconds 
========================================================================
Received Import Request.
  Time since last request: 0.000028 seconds.
  path: Assets/Environments/Buildings/Mobile/house_2_v_34_mobile.fbx
  artifactKey: Guid(a5b332fb67736ca4e83e44f3e292beed) Importer(815301076,1909f56bfc062723c751e8b465ee728b)
Start importing Assets/Environments/Buildings/Mobile/house_2_v_34_mobile.fbx using Guid(a5b332fb67736ca4e83e44f3e292beed) Importer(815301076,1909f56bfc062723c751e8b465ee728b)  -> (artifact id: 'f148f49b279524431c8596c4cc636047') in 0.065222 seconds 
========================================================================
Received Import Request.
  Time since last request: 0.000036 seconds.
  path: Assets/Environments/Buildings/Mobile/toy_factory_mobile.fbx
  artifactKey: Guid(ef8c402d5152bf847bdc2d854a177287) Importer(815301076,1909f56bfc062723c751e8b465ee728b)
Start importing Assets/Environments/Buildings/Mobile/toy_factory_mobile.fbx using Guid(ef8c402d5152bf847bdc2d854a177287) Importer(815301076,1909f56bfc062723c751e8b465ee728b)  -> (artifact id: 'b373e6b0b9d5e761b4d1b5f3d6684814') in 0.088311 seconds 
========================================================================
Received Import Request.
  Time since last request: 0.000031 seconds.
  path: Assets/Environments/Buildings/Mobile/studio_video_games_mobile.fbx
  artifactKey: Guid(aae4f4f66e900d74d94f786cd80762b7) Importer(815301076,1909f56bfc062723c751e8b465ee728b)
Start importing Assets/Environments/Buildings/Mobile/studio_video_games_mobile.fbx using Guid(aae4f4f66e900d74d94f786cd80762b7) Importer(815301076,1909f56bfc062723c751e8b465ee728b)  -> (artifact id: 'e9085ef0ab5a41d48a029e4011346d36') in 0.069284 seconds 
========================================================================
Received Import Request.
  Time since last request: 0.000041 seconds.
  path: Assets/Environments/Buildings/Mobile/toy_store_mobile.fbx
  artifactKey: Guid(f1366fc1ea165f24aa4d290645eabdd1) Importer(815301076,1909f56bfc062723c751e8b465ee728b)
Start importing Assets/Environments/Buildings/Mobile/toy_store_mobile.fbx using Guid(f1366fc1ea165f24aa4d290645eabdd1) Importer(815301076,1909f56bfc062723c751e8b465ee728b)  -> (artifact id: '6527e7e14e4dff1191d972aa07a33278') in 0.106636 seconds 
========================================================================
Received Import Request.
  Time since last request: 0.000034 seconds.
  path: Assets/Environments/Buildings/Mobile/sport_store_mobile.fbx
  artifactKey: Guid(2045e42716953924190db43bc47c0353) Importer(815301076,1909f56bfc062723c751e8b465ee728b)
Start importing Assets/Environments/Buildings/Mobile/sport_store_mobile.fbx using Guid(2045e42716953924190db43bc47c0353) Importer(815301076,1909f56bfc062723c751e8b465ee728b)  -> (artifact id: 'cd4d24855f31c29b2aa7044fcb34fa48') in 0.067050 seconds 
========================================================================
Received Import Request.
  Time since last request: 0.000027 seconds.
  path: Assets/Environments/Buildings/Mobile/software_company_mobile.fbx
  artifactKey: Guid(a6d3d2a0db1380c41a980eaf94fa931a) Importer(815301076,1909f56bfc062723c751e8b465ee728b)
Start importing Assets/Environments/Buildings/Mobile/software_company_mobile.fbx using Guid(a6d3d2a0db1380c41a980eaf94fa931a) Importer(815301076,1909f56bfc062723c751e8b465ee728b)  -> (artifact id: '7aec9f95941acbbe659a2799afcdcf50') in 0.071838 seconds 
========================================================================
Received Prepare
Registering precompiled user dll's ...
Registered in 0.004710 seconds.
Begin MonoManager ReloadAssembly
Symbol file LoadedFromMemory doesn't match image D:\KULYEAH\5\GAME DESIGN\[PROJECT]\DESGA-PROJ\Library\PackageCache\com.unity.visualscripting@1.7.8\Editor\VisualScripting.Core\Dependencies\YamlDotNet\Unity.VisualScripting.YamlDotNet.dll
Symbol file LoadedFromMemory doesn't match image D:\KULYEAH\5\GAME DESIGN\[PROJECT]\DESGA-PROJ\Library\PackageCache\com.unity.visualscripting@1.7.8\Editor\VisualScripting.Core\Dependencies\DotNetZip\Unity.VisualScripting.IonicZip.dll
Native extension for WindowsStandalone target not found
Native extension for Android target not found
Native extension for WebGL target not found
Refreshing native plugins compatible for Editor in 0.87 ms, found 3 plugins.
Preloading 0 native plugins for Editor in 0.00 ms.
Mono: successfully reloaded assembly
- Completed reload, in  1.271 seconds
Domain Reload Profiling:
	ReloadAssembly (1272ms)
		BeginReloadAssembly (238ms)
			ExecutionOrderSort (0ms)
			DisableScriptedObjects (7ms)
			BackupInstance (0ms)
			ReleaseScriptingObjects (0ms)
			CreateAndSetChildDomain (107ms)
		EndReloadAssembly (917ms)
			LoadAssemblies (113ms)
			RebuildTransferFunctionScriptingTraits (0ms)
			SetupTypeCache (312ms)
			ReleaseScriptCaches (1ms)
			RebuildScriptCaches (46ms)
			SetupLoadedEditorAssemblies (410ms)
				LogAssemblyErrors (0ms)
				InitializePlatformSupportModulesInManaged (30ms)
				SetLoadedEditorAssemblies (1ms)
				RefreshPlugins (1ms)
				BeforeProcessingInitializeOnLoad (82ms)
				ProcessInitializeOnLoadAttributes (253ms)
				ProcessInitializeOnLoadMethodAttributes (34ms)
				AfterProcessingInitializeOnLoad (8ms)
				EditorAssembliesLoaded (1ms)
			ExecutionOrderSort2 (0ms)
			AwakeInstancesAfterBackupRestoration (8ms)
Platform modules already initialized, skipping
Refreshing native plugins compatible for Editor in 1.83 ms, found 3 plugins.
Preloading 0 native plugins for Editor in 0.00 ms.
Unloading 3340 Unused Serialized files (Serialized files now loaded: 0)
Unloading 20 unused Assets / (79.9 KB). Loaded Objects now: 3872.
Memory consumption went from 135.4 MB to 135.3 MB.
Total: 4.546700 ms (FindLiveObjects: 0.500600 ms CreateObjectMapping: 0.111900 ms MarkObjects: 3.808900 ms  DeleteObjects: 0.123100 ms)

AssetImportParameters requested are different than current active one (requested -> active):
  custom:video-decoder-ogg-theora: a1e56fd34408186e4bbccfd4996cb3dc -> 
  custom:container-muxer-webm: aa71ff27fc2769a1b78a27578f13a17b -> 
  custom:container-demuxer-webm: 4f35f7cbe854078d1ac9338744f61a02 -> 
  custom:video-encoder-webm-vp8: eb34c28f22e8b96e1ab97ce403110664 -> 
  custom:audio-encoder-webm-vorbis: bf7c407c2cedff20999df2af8eb42d56 -> 
  custom:framework-win-MediaFoundation: 216162199b28c13a410421893ffa2e32 -> 
  custom:container-demuxer-ogg: 62fdf1f143b41e24485cea50d1cbac27 -> 
  custom:video-decoder-webm-vp8: 9c59270c3fd7afecdb556c50c9e8de78 -> 
  custom:audio-decoder-ogg-vorbis: bf7c407c2cedff20999df2af8eb42d56 -> 
========================================================================
Received Import Request.
  Time since last request: 626.027288 seconds.
  path: Assets/New Terrain 1.asset
  artifactKey: Guid(8c48be01dac880e4d8fd69a51371fe4b) Importer(815301076,1909f56bfc062723c751e8b465ee728b)
Start importing Assets/New Terrain 1.asset using Guid(8c48be01dac880e4d8fd69a51371fe4b) Importer(815301076,1909f56bfc062723c751e8b465ee728b)  -> (artifact id: '8e3a20420bbe7c0b99b03268851b4c5d') in 0.180288 seconds 
========================================================================
Received Import Request.
  Time since last request: 0.000034 seconds.
  path: Assets/New Terrain 12.asset
  artifactKey: Guid(e0be54aef1e1c264780a4c20560e9262) Importer(815301076,1909f56bfc062723c751e8b465ee728b)
Start importing Assets/New Terrain 12.asset using Guid(e0be54aef1e1c264780a4c20560e9262) Importer(815301076,1909f56bfc062723c751e8b465ee728b)  -> (artifact id: '192676805a758a6388d6a188b35ce5da') in 0.096801 seconds 
========================================================================
Received Import Request.
  Time since last request: 0.000033 seconds.
  path: Assets/New Terrain 10.asset
  artifactKey: Guid(3ffc60789044633418e18466313ea027) Importer(815301076,1909f56bfc062723c751e8b465ee728b)
Start importing Assets/New Terrain 10.asset using Guid(3ffc60789044633418e18466313ea027) Importer(815301076,1909f56bfc062723c751e8b465ee728b)  -> (artifact id: 'c4b3ab9afcad8afb56cfa2d1b78ee542') in 0.039231 seconds 
========================================================================
Received Import Request.
  Time since last request: 0.000028 seconds.
  path: Assets/New Terrain 11.asset
  artifactKey: Guid(5dad45c6b53653141af75d475adb9115) Importer(815301076,1909f56bfc062723c751e8b465ee728b)
Start importing Assets/New Terrain 11.asset using Guid(5dad45c6b53653141af75d475adb9115) Importer(815301076,1909f56bfc062723c751e8b465ee728b)  -> (artifact id: '51ea43b8353b50e5363050cf0ee65768') in 0.049025 seconds 
========================================================================
Received Import Request.
  Time since last request: 0.000031 seconds.
  path: Assets/New Terrain 5.asset
  artifactKey: Guid(6124933351c08b4459e526266848b6dd) Importer(815301076,1909f56bfc062723c751e8b465ee728b)
Start importing Assets/New Terrain 5.asset using Guid(6124933351c08b4459e526266848b6dd) Importer(815301076,1909f56bfc062723c751e8b465ee728b)  -> (artifact id: '50e2bd353c37b40259fe02cb78970460') in 0.059138 seconds 
========================================================================
Received Import Request.
  Time since last request: 0.000037 seconds.
  path: Assets/New Terrain 13.asset
  artifactKey: Guid(e34e0172d6dae964c9432571b70248a6) Importer(815301076,1909f56bfc062723c751e8b465ee728b)
Start importing Assets/New Terrain 13.asset using Guid(e34e0172d6dae964c9432571b70248a6) Importer(815301076,1909f56bfc062723c751e8b465ee728b)  -> (artifact id: '058da5e8d07490468cb86dba42f7dc04') in 0.045222 seconds 
========================================================================
Received Import Request.
  Time since last request: 0.000036 seconds.
  path: Assets/New Terrain.asset
  artifactKey: Guid(1ac22079594e11d4a97262dc6386c009) Importer(815301076,1909f56bfc062723c751e8b465ee728b)
Start importing Assets/New Terrain.asset using Guid(1ac22079594e11d4a97262dc6386c009) Importer(815301076,1909f56bfc062723c751e8b465ee728b)  -> (artifact id: '1cc0f12d4e6a35e8bfb43e3377cf591c') in 0.038915 seconds 
========================================================================
Received Prepare
Registering precompiled user dll's ...
Registered in 0.003522 seconds.
Begin MonoManager ReloadAssembly
Symbol file LoadedFromMemory doesn't match image D:\KULYEAH\5\GAME DESIGN\[PROJECT]\DESGA-PROJ\Library\PackageCache\com.unity.visualscripting@1.7.8\Editor\VisualScripting.Core\Dependencies\YamlDotNet\Unity.VisualScripting.YamlDotNet.dll
Symbol file LoadedFromMemory doesn't match image D:\KULYEAH\5\GAME DESIGN\[PROJECT]\DESGA-PROJ\Library\PackageCache\com.unity.visualscripting@1.7.8\Editor\VisualScripting.Core\Dependencies\DotNetZip\Unity.VisualScripting.IonicZip.dll
Native extension for WindowsStandalone target not found
Native extension for Android target not found
Native extension for WebGL target not found
Refreshing native plugins compatible for Editor in 0.84 ms, found 3 plugins.
Preloading 0 native plugins for Editor in 0.00 ms.
Mono: successfully reloaded assembly
- Completed reload, in  1.140 seconds
Domain Reload Profiling:
	ReloadAssembly (1140ms)
		BeginReloadAssembly (153ms)
			ExecutionOrderSort (0ms)
			DisableScriptedObjects (5ms)
			BackupInstance (0ms)
			ReleaseScriptingObjects (0ms)
			CreateAndSetChildDomain (42ms)
		EndReloadAssembly (870ms)
			LoadAssemblies (101ms)
			RebuildTransferFunctionScriptingTraits (0ms)
			SetupTypeCache (347ms)
			ReleaseScriptCaches (1ms)
			RebuildScriptCaches (41ms)
			SetupLoadedEditorAssemblies (350ms)
				LogAssemblyErrors (0ms)
				InitializePlatformSupportModulesInManaged (30ms)
				SetLoadedEditorAssemblies (0ms)
				RefreshPlugins (1ms)
				BeforeProcessingInitializeOnLoad (70ms)
				ProcessInitializeOnLoadAttributes (211ms)
				ProcessInitializeOnLoadMethodAttributes (29ms)
				AfterProcessingInitializeOnLoad (8ms)
				EditorAssembliesLoaded (0ms)
			ExecutionOrderSort2 (0ms)
			AwakeInstancesAfterBackupRestoration (6ms)
Platform modules already initialized, skipping
Refreshing native plugins compatible for Editor in 2.67 ms, found 3 plugins.
Preloading 0 native plugins for Editor in 0.00 ms.
Unloading 3340 Unused Serialized files (Serialized files now loaded: 0)
Unloading 20 unused Assets / (79.9 KB). Loaded Objects now: 3875.
Memory consumption went from 135.4 MB to 135.4 MB.
Total: 3.396500 ms (FindLiveObjects: 0.355300 ms CreateObjectMapping: 0.099200 ms MarkObjects: 2.824000 ms  DeleteObjects: 0.116300 ms)

AssetImportParameters requested are different than current active one (requested -> active):
  custom:video-decoder-ogg-theora: a1e56fd34408186e4bbccfd4996cb3dc -> 
  custom:container-muxer-webm: aa71ff27fc2769a1b78a27578f13a17b -> 
  custom:container-demuxer-webm: 4f35f7cbe854078d1ac9338744f61a02 -> 
  custom:video-encoder-webm-vp8: eb34c28f22e8b96e1ab97ce403110664 -> 
  custom:audio-encoder-webm-vorbis: bf7c407c2cedff20999df2af8eb42d56 -> 
  custom:framework-win-MediaFoundation: 216162199b28c13a410421893ffa2e32 -> 
  custom:container-demuxer-ogg: 62fdf1f143b41e24485cea50d1cbac27 -> 
  custom:video-decoder-webm-vp8: 9c59270c3fd7afecdb556c50c9e8de78 -> 
  custom:audio-decoder-ogg-vorbis: bf7c407c2cedff20999df2af8eb42d56 -> 
========================================================================
Received Import Request.
  Time since last request: 29.889863 seconds.
  path: Assets/Settings.lighiting.lighting
  artifactKey: Guid(4f490da35b7933844a8ab96a9db20c00) Importer(815301076,1909f56bfc062723c751e8b465ee728b)
Start importing Assets/Settings.lighiting.lighting using Guid(4f490da35b7933844a8ab96a9db20c00) Importer(815301076,1909f56bfc062723c751e8b465ee728b) LightingSettings: switching bake backend from 1 to 2.
 -> (artifact id: '690dd794dd9f7281f10d6d4cd7fc255c') in 0.023671 seconds 
========================================================================
Received Import Request.
  Time since last request: 47.758633 seconds.
  path: Assets/Environments/BrokenVector/LowPolyCliffPack/Materials/Red.mat
  artifactKey: Guid(578c4695e2b9d834594e484b9172a95c) Importer(815301076,1909f56bfc062723c751e8b465ee728b)
Start importing Assets/Environments/BrokenVector/LowPolyCliffPack/Materials/Red.mat using Guid(578c4695e2b9d834594e484b9172a95c) Importer(815301076,1909f56bfc062723c751e8b465ee728b)  -> (artifact id: '96be1bdf6f6acc9cd92c0f89c7644695') in 0.066156 seconds 
========================================================================
Received Import Request.
  Time since last request: 0.000037 seconds.
  path: Assets/Environments/BrokenVector/LowPolyCliffPack/Materials/Yellow.mat
  artifactKey: Guid(beede920da5e36440b7872cc014d1016) Importer(815301076,1909f56bfc062723c751e8b465ee728b)
Start importing Assets/Environments/BrokenVector/LowPolyCliffPack/Materials/Yellow.mat using Guid(beede920da5e36440b7872cc014d1016) Importer(815301076,1909f56bfc062723c751e8b465ee728b)  -> (artifact id: '95bcfe8c8fff4a7747cd62c17325b6b3') in 0.013170 seconds 
========================================================================
Received Import Request.
  Time since last request: 2.475254 seconds.
  path: Assets/Environments/BrokenVector/LowPolyCliffPack/Prefabs/Clifftile Connector 1.prefab
  artifactKey: Guid(c0cec80884ebdff49ba16c422cd781ad) Importer(815301076,1909f56bfc062723c751e8b465ee728b)
Start importing Assets/Environments/BrokenVector/LowPolyCliffPack/Prefabs/Clifftile Connector 1.prefab using Guid(c0cec80884ebdff49ba16c422cd781ad) Importer(815301076,1909f56bfc062723c751e8b465ee728b)  -> (artifact id: '6a9c270838db3d9ae3a05858d65df75c') in 0.029761 seconds 
========================================================================
Received Import Request.
  Time since last request: 0.000027 seconds.
  path: Assets/Environments/BrokenVector/LowPolyCliffPack/Prefabs/Rocktile Diagonal.prefab
  artifactKey: Guid(7a160d313e6ca0c4d8d3191f76fc0fce) Importer(815301076,1909f56bfc062723c751e8b465ee728b)
Start importing Assets/Environments/BrokenVector/LowPolyCliffPack/Prefabs/Rocktile Diagonal.prefab using Guid(7a160d313e6ca0c4d8d3191f76fc0fce) Importer(815301076,1909f56bfc062723c751e8b465ee728b)  -> (artifact id: '0c41fc2f6f8c86882955e726aae34754') in 0.015178 seconds 
========================================================================
Received Import Request.
  Time since last request: 0.000032 seconds.
  path: Assets/Environments/BrokenVector/LowPolyCliffPack/Prefabs/Clifftile Diagonal.prefab
  artifactKey: Guid(80e74acf412f1f7419369c6003532087) Importer(815301076,1909f56bfc062723c751e8b465ee728b)
Start importing Assets/Environments/BrokenVector/LowPolyCliffPack/Prefabs/Clifftile Diagonal.prefab using Guid(80e74acf412f1f7419369c6003532087) Importer(815301076,1909f56bfc062723c751e8b465ee728b)  -> (artifact id: '3015521441492ffda378a01d10153743') in 0.016487 seconds 
========================================================================
Received Import Request.
  Time since last request: 0.000044 seconds.
  path: Assets/Environments/BrokenVector/LowPolyCliffPack/Prefabs/Clifftile Straight 2.prefab
  artifactKey: Guid(89628d1fa4c1244408401deb6dcd80c5) Importer(815301076,1909f56bfc062723c751e8b465ee728b)
Start importing Assets/Environments/BrokenVector/LowPolyCliffPack/Prefabs/Clifftile Straight 2.prefab using Guid(89628d1fa4c1244408401deb6dcd80c5) Importer(815301076,1909f56bfc062723c751e8b465ee728b)  -> (artifact id: 'adccf52c8e8800a69880c8164de41d12') in 0.013591 seconds 
========================================================================
Received Import Request.
  Time since last request: 0.000033 seconds.
  path: Assets/Environments/BrokenVector/LowPolyCliffPack/Prefabs/Clifftile Straight 1.prefab
  artifactKey: Guid(655cb50f5ad933442b422e60a97494bb) Importer(815301076,1909f56bfc062723c751e8b465ee728b)
Start importing Assets/Environments/BrokenVector/LowPolyCliffPack/Prefabs/Clifftile Straight 1.prefab using Guid(655cb50f5ad933442b422e60a97494bb) Importer(815301076,1909f56bfc062723c751e8b465ee728b)  -> (artifact id: 'f9c277f221019b0a78414fc93eeadc0a') in 0.015333 seconds 
========================================================================
Received Import Request.
  Time since last request: 0.000041 seconds.
  path: Assets/Environments/BrokenVector/LowPolyCliffPack/Prefabs/Clifftile Pass 1.prefab
  artifactKey: Guid(afaddd4006a62a74abdae8f295e71be9) Importer(815301076,1909f56bfc062723c751e8b465ee728b)
Start importing Assets/Environments/BrokenVector/LowPolyCliffPack/Prefabs/Clifftile Pass 1.prefab using Guid(afaddd4006a62a74abdae8f295e71be9) Importer(815301076,1909f56bfc062723c751e8b465ee728b)  -> (artifact id: '7afdaf3966d1bf665af0331228717f0a') in 0.013510 seconds 
========================================================================
Received Import Request.
  Time since last request: 0.000029 seconds.
  path: Assets/Environments/BrokenVector/LowPolyCliffPack/Prefabs/Rocktile Convex.prefab
  artifactKey: Guid(7b6003e95a5e8044389546d65fb058ec) Importer(815301076,1909f56bfc062723c751e8b465ee728b)
Start importing Assets/Environments/BrokenVector/LowPolyCliffPack/Prefabs/Rocktile Convex.prefab using Guid(7b6003e95a5e8044389546d65fb058ec) Importer(815301076,1909f56bfc062723c751e8b465ee728b)  -> (artifact id: 'b7883205bc5d78e2da55e94631929265') in 0.013548 seconds 
========================================================================
Received Import Request.
  Time since last request: 0.000040 seconds.
  path: Assets/Environments/BrokenVector/LowPolyCliffPack/Prefabs/Grasstile Concave.prefab
  artifactKey: Guid(ae70de9015df2a942a144182d5917ae1) Importer(815301076,1909f56bfc062723c751e8b465ee728b)
Start importing Assets/Environments/BrokenVector/LowPolyCliffPack/Prefabs/Grasstile Concave.prefab using Guid(ae70de9015df2a942a144182d5917ae1) Importer(815301076,1909f56bfc062723c751e8b465ee728b)  -> (artifact id: '2f6630b5eecd29603334b4cf34021c6d') in 0.013899 seconds 
========================================================================
Received Import Request.
  Time since last request: 0.000030 seconds.
  path: Assets/Environments/BrokenVector/LowPolyCliffPack/Prefabs/Grasstile Straight.prefab
  artifactKey: Guid(89d02998542d0c24ea73447f89e6304f) Importer(815301076,1909f56bfc062723c751e8b465ee728b)
Start importing Assets/Environments/BrokenVector/LowPolyCliffPack/Prefabs/Grasstile Straight.prefab using Guid(89d02998542d0c24ea73447f89e6304f) Importer(815301076,1909f56bfc062723c751e8b465ee728b)  -> (artifact id: '955f4b806e38b2df06ceff1903b08397') in 0.014728 seconds 
========================================================================
Received Import Request.
  Time since last request: 610.389252 seconds.
  path: Assets/Environments/BrokenVector/LowPolyCliffPack/Models/Clifftile Connector 1.dae
  artifactKey: Guid(0c22dfcb0ccb47f42871ef4a1ba9e325) Importer(815301076,1909f56bfc062723c751e8b465ee728b)
Start importing Assets/Environments/BrokenVector/LowPolyCliffPack/Models/Clifftile Connector 1.dae using Guid(0c22dfcb0ccb47f42871ef4a1ba9e325) Importer(815301076,1909f56bfc062723c751e8b465ee728b)  -> (artifact id: '7c6485260b35a6f40515004f1d901bea') in 0.036189 seconds 
========================================================================
Received Import Request.
  Time since last request: 0.000029 seconds.
  path: Assets/Environments/BrokenVector/LowPolyCliffPack/Models/Clifftile Diagonal.dae
  artifactKey: Guid(65a0fc083db91114ab4198ec19e86c93) Importer(815301076,1909f56bfc062723c751e8b465ee728b)
Start importing Assets/Environments/BrokenVector/LowPolyCliffPack/Models/Clifftile Diagonal.dae using Guid(65a0fc083db91114ab4198ec19e86c93) Importer(815301076,1909f56bfc062723c751e8b465ee728b)  -> (artifact id: '202ab72b33c8fbb675ad28f1b0374ebb') in 0.019325 seconds 
========================================================================
Received Import Request.
  Time since last request: 0.000053 seconds.
  path: Assets/Environments/BrokenVector/LowPolyCliffPack/Models/Rocktile Straight 1.dae
  artifactKey: Guid(f76e5083330a1774887db1ec18848595) Importer(815301076,1909f56bfc062723c751e8b465ee728b)
Start importing Assets/Environments/BrokenVector/LowPolyCliffPack/Models/Rocktile Straight 1.dae using Guid(f76e5083330a1774887db1ec18848595) Importer(815301076,1909f56bfc062723c751e8b465ee728b)  -> (artifact id: '3c530ab86e088e2639406d67631f53e5') in 0.014672 seconds 
========================================================================
Received Import Request.
  Time since last request: 0.000028 seconds.
  path: Assets/Environments/BrokenVector/LowPolyCliffPack/Models/Rocktile Straight 2.dae
  artifactKey: Guid(d1ed9fd5d302cc345a00651b089e707e) Importer(815301076,1909f56bfc062723c751e8b465ee728b)
Start importing Assets/Environments/BrokenVector/LowPolyCliffPack/Models/Rocktile Straight 2.dae using Guid(d1ed9fd5d302cc345a00651b089e707e) Importer(815301076,1909f56bfc062723c751e8b465ee728b)  -> (artifact id: 'a11d9a1a80dd8cde786520f092a68445') in 0.014817 seconds 
========================================================================
Received Import Request.
  Time since last request: 0.000030 seconds.
  path: Assets/Environments/BrokenVector/LowPolyCliffPack/Models/Rocktile Diagonal.dae
  artifactKey: Guid(08e493f868e98334b9561248a18cf969) Importer(815301076,1909f56bfc062723c751e8b465ee728b)
Start importing Assets/Environments/BrokenVector/LowPolyCliffPack/Models/Rocktile Diagonal.dae using Guid(08e493f868e98334b9561248a18cf969) Importer(815301076,1909f56bfc062723c751e8b465ee728b)  -> (artifact id: 'f3011ba60bed66cb56ae8af85fb49d9e') in 0.014305 seconds 
========================================================================
Received Import Request.
  Time since last request: 0.000026 seconds.
  path: Assets/Environments/BrokenVector/LowPolyCliffPack/Models/Clifftile Straight 2.dae
  artifactKey: Guid(b171fd32029e058429beaee55853e11e) Importer(815301076,1909f56bfc062723c751e8b465ee728b)
Start importing Assets/Environments/BrokenVector/LowPolyCliffPack/Models/Clifftile Straight 2.dae using Guid(b171fd32029e058429beaee55853e11e) Importer(815301076,1909f56bfc062723c751e8b465ee728b)  -> (artifact id: '986015d977440c423a516487865b0c0f') in 0.017490 seconds 
========================================================================
Received Import Request.
  Time since last request: 0.000027 seconds.
  path: Assets/Environments/BrokenVector/LowPolyCliffPack/Models/Clifftile Straight 3.dae
  artifactKey: Guid(5f0bfec1f76234f43b0f098f4827b98b) Importer(815301076,1909f56bfc062723c751e8b465ee728b)
Start importing Assets/Environments/BrokenVector/LowPolyCliffPack/Models/Clifftile Straight 3.dae using Guid(5f0bfec1f76234f43b0f098f4827b98b) Importer(815301076,1909f56bfc062723c751e8b465ee728b)  -> (artifact id: 'e1ad73aaa351a43f41d2575e96c6be9a') in 0.017897 seconds 
========================================================================
Received Import Request.
  Time since last request: 0.000028 seconds.
  path: Assets/Environments/BrokenVector/LowPolyCliffPack/Models/Grasstile Convex.dae
  artifactKey: Guid(89ba98edc5caaff49a3d2c6a7117f260) Importer(815301076,1909f56bfc062723c751e8b465ee728b)
Start importing Assets/Environments/BrokenVector/LowPolyCliffPack/Models/Grasstile Convex.dae using Guid(89ba98edc5caaff49a3d2c6a7117f260) Importer(815301076,1909f56bfc062723c751e8b465ee728b)  -> (artifact id: '2570c63bc46bba7a5c119c0c7c022ea5') in 0.217395 seconds 
========================================================================
Received Import Request.
  Time since last request: 0.000041 seconds.
  path: Assets/Environments/BrokenVector/LowPolyCliffPack/Models/Clifftile Convex.dae
  artifactKey: Guid(e32d5719741f7dd4f972f523484077f3) Importer(815301076,1909f56bfc062723c751e8b465ee728b)
Start importing Assets/Environments/BrokenVector/LowPolyCliffPack/Models/Clifftile Convex.dae using Guid(e32d5719741f7dd4f972f523484077f3) Importer(815301076,1909f56bfc062723c751e8b465ee728b)  -> (artifact id: '3ea7e23bb0d4d9f64729e7aca754f496') in 0.019298 seconds 
========================================================================
Received Import Request.
  Time since last request: 0.000038 seconds.
  path: Assets/Environments/BrokenVector/LowPolyCliffPack/Models/Grasstile Concave.dae
  artifactKey: Guid(422502d5b0dc91d46a25ceb0db689b5d) Importer(815301076,1909f56bfc062723c751e8b465ee728b)
Start importing Assets/Environments/BrokenVector/LowPolyCliffPack/Models/Grasstile Concave.dae using Guid(422502d5b0dc91d46a25ceb0db689b5d) Importer(815301076,1909f56bfc062723c751e8b465ee728b)  -> (artifact id: '37f02f35d4c843b1cd63aafcfbabfaf9') in 0.035693 seconds 
========================================================================
Received Import Request.
  Time since last request: 0.000032 seconds.
  path: Assets/Environments/BrokenVector/LowPolyCliffPack/Models/Clifftile Straight 1.dae
  artifactKey: Guid(42ec1b33cc0ff1045a10129f1ed046f4) Importer(815301076,1909f56bfc062723c751e8b465ee728b)
Start importing Assets/Environments/BrokenVector/LowPolyCliffPack/Models/Clifftile Straight 1.dae using Guid(42ec1b33cc0ff1045a10129f1ed046f4) Importer(815301076,1909f56bfc062723c751e8b465ee728b)  -> (artifact id: 'ba72517779f980b38812f4490653da22') in 0.017287 seconds 
========================================================================
Received Import Request.
  Time since last request: 1.938395 seconds.
  path: Assets/Environments/BrokenVector/LowPolyCliffPack/Textures/Colorscheme Red.png
  artifactKey: Guid(37f5e9544549e6a4aa1a1b40e8da7f80) Importer(815301076,1909f56bfc062723c751e8b465ee728b)
Start importing Assets/Environments/BrokenVector/LowPolyCliffPack/Textures/Colorscheme Red.png using Guid(37f5e9544549e6a4aa1a1b40e8da7f80) Importer(815301076,1909f56bfc062723c751e8b465ee728b)  -> (artifact id: '013f5e10b9a71bf3a6e29bd1039ab803') in 0.042227 seconds 
========================================================================
Received Import Request.
  Time since last request: 0.000044 seconds.
  path: Assets/Environments/BrokenVector/LowPolyCliffPack/Textures/Colorscheme Yellow.png
  artifactKey: Guid(66f98752347ef1e4191665f82ff6af61) Importer(815301076,1909f56bfc062723c751e8b465ee728b)
Start importing Assets/Environments/BrokenVector/LowPolyCliffPack/Textures/Colorscheme Yellow.png using Guid(66f98752347ef1e4191665f82ff6af61) Importer(815301076,1909f56bfc062723c751e8b465ee728b)  -> (artifact id: 'b67ae8996121038b722637dd502ae08e') in 0.011399 seconds 
Editor requested this worker to shutdown with reason: Scaling down because of idle timeout
AssetImportWorker is now disconnected from the server
Process exiting
Exiting without the bug reporter. Application will terminate with return code 0