Using pre-set license
Built from '2021.3/release' branch; Version is '2021.3.12f1 (8af3c3e441b1) revision 9106371'; Using compiler version '192829333'; Build Type 'Release'
OS: 'Windows 10  (10.0.19045) 64bit Core' Language: 'en' Physical Memory: 16253 MB
BatchMode: 1, IsHumanControllingUs: 0, StartBugReporterOnCrash: 0, Is64bit: 1, IsPro: 1

COMMAND LINE ARGUMENTS:
C:\Program Files\Unity\Hub\Editor\2021.3.12f1\Editor\Unity.exe
-adb2
-batchMode
-noUpm
-name
AssetImportWorker13
-projectPath
D:/KULYEAH/5/GAME DESIGN/[PROJECT]/DESGA-PROJ
-logFile
Logs/AssetImportWorker13.log
-srvPort
56072
Successfully changed project path to: D:/KULYEAH/5/GAME DESIGN/[PROJECT]/DESGA-PROJ
D:/KULYEAH/5/GAME DESIGN/[PROJECT]/DESGA-PROJ
[UnityMemory] Configuration Parameters - Can be set up in boot.config
    "memorysetup-bucket-allocator-granularity=16"
    "memorysetup-bucket-allocator-bucket-count=8"
    "memorysetup-bucket-allocator-block-size=33554432"
    "memorysetup-bucket-allocator-block-count=8"
    "memorysetup-main-allocator-block-size=16777216"
    "memorysetup-thread-allocator-block-size=16777216"
    "memorysetup-gfx-main-allocator-block-size=16777216"
    "memorysetup-gfx-thread-allocator-block-size=16777216"
    "memorysetup-cache-allocator-block-size=4194304"
    "memorysetup-typetree-allocator-block-size=2097152"
    "memorysetup-profiler-bucket-allocator-granularity=16"
    "memorysetup-profiler-bucket-allocator-bucket-count=8"
    "memorysetup-profiler-bucket-allocator-block-size=33554432"
    "memorysetup-profiler-bucket-allocator-block-count=8"
    "memorysetup-profiler-allocator-block-size=16777216"
    "memorysetup-profiler-editor-allocator-block-size=1048576"
    "memorysetup-temp-allocator-size-main=16777216"
    "memorysetup-job-temp-allocator-block-size=2097152"
    "memorysetup-job-temp-allocator-block-size-background=1048576"
    "memorysetup-job-temp-allocator-reduction-small-platforms=262144"
    "memorysetup-temp-allocator-size-background-worker=32768"
    "memorysetup-temp-allocator-size-job-worker=262144"
    "memorysetup-temp-allocator-size-preload-manager=33554432"
    "memorysetup-temp-allocator-size-nav-mesh-worker=65536"
    "memorysetup-temp-allocator-size-audio-worker=65536"
    "memorysetup-temp-allocator-size-cloud-worker=32768"
    "memorysetup-temp-allocator-size-gi-baking-worker=262144"
    "memorysetup-temp-allocator-size-gfx=262144"
Refreshing native plugins compatible for Editor in 85.73 ms, found 3 plugins.
Preloading 0 native plugins for Editor in 0.00 ms.
Initialize engine version: 2021.3.12f1 (8af3c3e441b1)
[Subsystems] Discovering subsystems at path C:/Program Files/Unity/Hub/Editor/2021.3.12f1/Editor/Data/Resources/UnitySubsystems
[Subsystems] Discovering subsystems at path D:/KULYEAH/5/GAME DESIGN/[PROJECT]/DESGA-PROJ/Assets
GfxDevice: creating device client; threaded=0; jobified=0
Direct3D:
    Version:  Direct3D 11.0 [level 11.1]
    Renderer: NVIDIA GeForce GTX 1650 Ti (ID=0x1f95)
    Vendor:   NVIDIA
    VRAM:     3949 MB
    Driver:   31.0.15.2756
Initialize mono
Mono path[0] = 'C:/Program Files/Unity/Hub/Editor/2021.3.12f1/Editor/Data/Managed'
Mono path[1] = 'C:/Program Files/Unity/Hub/Editor/2021.3.12f1/Editor/Data/MonoBleedingEdge/lib/mono/unityjit-win32'
Mono config path = 'C:/Program Files/Unity/Hub/Editor/2021.3.12f1/Editor/Data/MonoBleedingEdge/etc'
Using monoOptions --debugger-agent=transport=dt_socket,embedding=1,server=y,suspend=n,address=127.0.0.1:56800
Begin MonoManager ReloadAssembly
Registering precompiled unity dll's ...
Register platform support module: C:/Program Files/Unity/Hub/Editor/2021.3.12f1/Editor/Data/PlaybackEngines/WebGLSupport/UnityEditor.WebGL.Extensions.dll
Register platform support module: C:/Program Files/Unity/Hub/Editor/2021.3.12f1/Editor/Data/PlaybackEngines/AndroidPlayer/UnityEditor.Android.Extensions.dll
Register platform support module: C:/Program Files/Unity/Hub/Editor/2021.3.12f1/Editor/Data/PlaybackEngines/WindowsStandaloneSupport/UnityEditor.WindowsStandalone.Extensions.dll
Registered in 0.008930 seconds.
Native extension for WindowsStandalone target not found
Native extension for Android target not found
Native extension for WebGL target not found
Refreshing native plugins compatible for Editor in 101.87 ms, found 3 plugins.
Preloading 0 native plugins for Editor in 0.00 ms.
Mono: successfully reloaded assembly
- Completed reload, in  0.692 seconds
Domain Reload Profiling:
	ReloadAssembly (693ms)
		BeginReloadAssembly (71ms)
			ExecutionOrderSort (0ms)
			DisableScriptedObjects (0ms)
			BackupInstance (0ms)
			ReleaseScriptingObjects (0ms)
			CreateAndSetChildDomain (1ms)
		EndReloadAssembly (511ms)
			LoadAssemblies (70ms)
			RebuildTransferFunctionScriptingTraits (0ms)
			SetupTypeCache (109ms)
			ReleaseScriptCaches (0ms)
			RebuildScriptCaches (33ms)
			SetupLoadedEditorAssemblies (303ms)
				LogAssemblyErrors (0ms)
				InitializePlatformSupportModulesInManaged (58ms)
				SetLoadedEditorAssemblies (0ms)
				RefreshPlugins (102ms)
				BeforeProcessingInitializeOnLoad (1ms)
				ProcessInitializeOnLoadAttributes (98ms)
				ProcessInitializeOnLoadMethodAttributes (44ms)
				AfterProcessingInitializeOnLoad (0ms)
				EditorAssembliesLoaded (0ms)
			ExecutionOrderSort2 (0ms)
			AwakeInstancesAfterBackupRestoration (0ms)
Platform modules already initialized, skipping
Registering precompiled user dll's ...
Registered in 0.003691 seconds.
Begin MonoManager ReloadAssembly
Symbol file LoadedFromMemory doesn't match image D:\KULYEAH\5\GAME DESIGN\[PROJECT]\DESGA-PROJ\Library\PackageCache\com.unity.visualscripting@1.7.8\Editor\VisualScripting.Core\Dependencies\YamlDotNet\Unity.VisualScripting.YamlDotNet.dll
Symbol file LoadedFromMemory doesn't match image D:\KULYEAH\5\GAME DESIGN\[PROJECT]\DESGA-PROJ\Library\PackageCache\com.unity.visualscripting@1.7.8\Editor\VisualScripting.Core\Dependencies\DotNetZip\Unity.VisualScripting.IonicZip.dll
Native extension for WindowsStandalone target not found
Native extension for Android target not found
Native extension for WebGL target not found
Refreshing native plugins compatible for Editor in 0.75 ms, found 3 plugins.
Preloading 0 native plugins for Editor in 0.00 ms.
Mono: successfully reloaded assembly
- Completed reload, in  1.138 seconds
Domain Reload Profiling:
	ReloadAssembly (1139ms)
		BeginReloadAssembly (218ms)
			ExecutionOrderSort (0ms)
			DisableScriptedObjects (6ms)
			BackupInstance (0ms)
			ReleaseScriptingObjects (0ms)
			CreateAndSetChildDomain (133ms)
		EndReloadAssembly (809ms)
			LoadAssemblies (75ms)
			RebuildTransferFunctionScriptingTraits (0ms)
			SetupTypeCache (263ms)
			ReleaseScriptCaches (1ms)
			RebuildScriptCaches (57ms)
			SetupLoadedEditorAssemblies (371ms)
				LogAssemblyErrors (0ms)
				InitializePlatformSupportModulesInManaged (16ms)
				SetLoadedEditorAssemblies (0ms)
				RefreshPlugins (1ms)
				BeforeProcessingInitializeOnLoad (88ms)
				ProcessInitializeOnLoadAttributes (226ms)
				ProcessInitializeOnLoadMethodAttributes (28ms)
				AfterProcessingInitializeOnLoad (11ms)
				EditorAssembliesLoaded (0ms)
			ExecutionOrderSort2 (0ms)
			AwakeInstancesAfterBackupRestoration (9ms)
Platform modules already initialized, skipping
========================================================================
Worker process is ready to serve import requests
Launched and connected shader compiler UnityShaderCompiler.exe after 0.06 seconds
Refreshing native plugins compatible for Editor in 0.73 ms, found 3 plugins.
Preloading 0 native plugins for Editor in 0.00 ms.
Unloading 3345 Unused Serialized files (Serialized files now loaded: 0)
Unloading 27 unused Assets / (113.4 KB). Loaded Objects now: 3822.
Memory consumption went from 130.5 MB to 130.4 MB.
Total: 3.144800 ms (FindLiveObjects: 0.307400 ms CreateObjectMapping: 0.092400 ms MarkObjects: 2.617400 ms  DeleteObjects: 0.126300 ms)

AssetImportParameters requested are different than current active one (requested -> active):
  custom:video-decoder-ogg-theora: a1e56fd34408186e4bbccfd4996cb3dc -> 
  custom:container-muxer-webm: aa71ff27fc2769a1b78a27578f13a17b -> 
  custom:container-demuxer-webm: 4f35f7cbe854078d1ac9338744f61a02 -> 
  custom:video-encoder-webm-vp8: eb34c28f22e8b96e1ab97ce403110664 -> 
  custom:audio-encoder-webm-vorbis: bf7c407c2cedff20999df2af8eb42d56 -> 
  custom:framework-win-MediaFoundation: 216162199b28c13a410421893ffa2e32 -> 
  custom:container-demuxer-ogg: 62fdf1f143b41e24485cea50d1cbac27 -> 
  custom:video-decoder-webm-vp8: 9c59270c3fd7afecdb556c50c9e8de78 -> 
  custom:audio-decoder-ogg-vorbis: bf7c407c2cedff20999df2af8eb42d56 -> 
========================================================================
Received Import Request.
  Time since last request: 170499.749783 seconds.
  path: Assets/Environments/BrokenVector/LowPolyCliffPack/Models/Clifftile Concave.dae
  artifactKey: Guid(72d3e9c0a8221e84c878c19447c08447) Importer(815301076,1909f56bfc062723c751e8b465ee728b)
Start importing Assets/Environments/BrokenVector/LowPolyCliffPack/Models/Clifftile Concave.dae using Guid(72d3e9c0a8221e84c878c19447c08447) Importer(815301076,1909f56bfc062723c751e8b465ee728b)  -> (artifact id: 'f7ca8b9cb1b7f65cb6d36b3df5a17225') in 0.155237 seconds 
========================================================================
Received Import Request.
  Time since last request: 0.000028 seconds.
  path: Assets/Environments/BrokenVector/LowPolyCliffPack/Models/Clifftile Connector 2.dae
  artifactKey: Guid(bc2d01bc395a03f47ab1dcf946bb9682) Importer(815301076,1909f56bfc062723c751e8b465ee728b)
Start importing Assets/Environments/BrokenVector/LowPolyCliffPack/Models/Clifftile Connector 2.dae using Guid(bc2d01bc395a03f47ab1dcf946bb9682) Importer(815301076,1909f56bfc062723c751e8b465ee728b)  -> (artifact id: '4d1c169cc9ddecaae318e820013f089e') in 0.211768 seconds 
========================================================================
Received Import Request.
  Time since last request: 0.000031 seconds.
  path: Assets/Environments/BrokenVector/LowPolyCliffPack/Models/Grasstile Straight.dae
  artifactKey: Guid(a548c1c528522b04ebaec75903bd2d10) Importer(815301076,1909f56bfc062723c751e8b465ee728b)
Start importing Assets/Environments/BrokenVector/LowPolyCliffPack/Models/Grasstile Straight.dae using Guid(a548c1c528522b04ebaec75903bd2d10) Importer(815301076,1909f56bfc062723c751e8b465ee728b)  -> (artifact id: 'f6bbcec9d8be0871492f4e02bf732bc6') in 0.017361 seconds 
========================================================================
Received Import Request.
  Time since last request: 0.000055 seconds.
  path: Assets/Environments/BrokenVector/LowPolyCliffPack/Models/Clifftile Pass 1.dae
  artifactKey: Guid(4baa6dc1e84640745973ba84f8826e20) Importer(815301076,1909f56bfc062723c751e8b465ee728b)
Start importing Assets/Environments/BrokenVector/LowPolyCliffPack/Models/Clifftile Pass 1.dae using Guid(4baa6dc1e84640745973ba84f8826e20) Importer(815301076,1909f56bfc062723c751e8b465ee728b)  -> (artifact id: '553cc353b8765ecea75fab7ca8fec249') in 0.016021 seconds 
========================================================================
Received Import Request.
  Time since last request: 0.000024 seconds.
  path: Assets/Environments/BrokenVector/LowPolyCliffPack/Models/Clifftile Pass 2.dae
  artifactKey: Guid(b1f16bf1bfcc6d641892093d72002001) Importer(815301076,1909f56bfc062723c751e8b465ee728b)
Start importing Assets/Environments/BrokenVector/LowPolyCliffPack/Models/Clifftile Pass 2.dae using Guid(b1f16bf1bfcc6d641892093d72002001) Importer(815301076,1909f56bfc062723c751e8b465ee728b)  -> (artifact id: '7d0a3cd4c0d14040874957cd1bc58e98') in 0.016696 seconds 
========================================================================
Received Import Request.
  Time since last request: 0.000028 seconds.
  path: Assets/Environments/BrokenVector/LowPolyCliffPack/Models/Rocktile Convex.dae
  artifactKey: Guid(28e76008f620a7e419b42b9a454d6203) Importer(815301076,1909f56bfc062723c751e8b465ee728b)
Start importing Assets/Environments/BrokenVector/LowPolyCliffPack/Models/Rocktile Convex.dae using Guid(28e76008f620a7e419b42b9a454d6203) Importer(815301076,1909f56bfc062723c751e8b465ee728b)  -> (artifact id: 'da0206c0213e058f9df0032ce5b3518c') in 0.026551 seconds 
========================================================================
Received Import Request.
  Time since last request: 0.000024 seconds.
  path: Assets/Environments/BrokenVector/LowPolyCliffPack/Models/Rocktile Pass.dae
  artifactKey: Guid(1edb446e193775447821ee392adf65a0) Importer(815301076,1909f56bfc062723c751e8b465ee728b)
Start importing Assets/Environments/BrokenVector/LowPolyCliffPack/Models/Rocktile Pass.dae using Guid(1edb446e193775447821ee392adf65a0) Importer(815301076,1909f56bfc062723c751e8b465ee728b)  -> (artifact id: 'e1f205274e52924678d0d5f967aab77f') in 0.016245 seconds 
========================================================================
Received Import Request.
  Time since last request: 1.928609 seconds.
  path: Assets/Environments/BrokenVector/LowPolyCliffPack/Textures/Colorscheme Grey.png
  artifactKey: Guid(631c1a6e38334d246a15c2f49d105a9d) Importer(815301076,1909f56bfc062723c751e8b465ee728b)
Start importing Assets/Environments/BrokenVector/LowPolyCliffPack/Textures/Colorscheme Grey.png using Guid(631c1a6e38334d246a15c2f49d105a9d) Importer(815301076,1909f56bfc062723c751e8b465ee728b)  -> (artifact id: 'f549d0401fd4dbf071ae83bc57520ff0') in 0.064754 seconds 
========================================================================
Received Import Request.
  Time since last request: 10.572648 seconds.
  path: Assets/Environments/Playground Low Poly/Textures/T_Generic_colors.psd
  artifactKey: Guid(d0585de31bb7ab74494ca14f49ed62fb) Importer(815301076,1909f56bfc062723c751e8b465ee728b)
Start importing Assets/Environments/Playground Low Poly/Textures/T_Generic_colors.psd using Guid(d0585de31bb7ab74494ca14f49ed62fb) Importer(815301076,1909f56bfc062723c751e8b465ee728b)  -> (artifact id: 'b510e6533b4518a7b5d64ab979918fea') in 0.041829 seconds 
========================================================================
Received Import Request.
  Time since last request: 339.184730 seconds.
  path: Assets/3D Simple Building
  artifactKey: Guid(ec17b2181aefd144b8c1b4da0631ce20) Importer(815301076,1909f56bfc062723c751e8b465ee728b)
Start importing Assets/3D Simple Building using Guid(ec17b2181aefd144b8c1b4da0631ce20) Importer(815301076,1909f56bfc062723c751e8b465ee728b)  -> (artifact id: '8124d0fb6721c9a686a3f39060b6933f') in 0.006139 seconds 
========================================================================
Received Import Request.
  Time since last request: 5.142601 seconds.
  path: Assets/Environments/3D Simple Building/Model
  artifactKey: Guid(5d48e324da5425a418f582611dacde6c) Importer(815301076,1909f56bfc062723c751e8b465ee728b)
Start importing Assets/Environments/3D Simple Building/Model using Guid(5d48e324da5425a418f582611dacde6c) Importer(815301076,1909f56bfc062723c751e8b465ee728b)  -> (artifact id: '4d8f7d49adb1aa12487aeb223a28d646') in 0.006377 seconds 
========================================================================
Received Import Request.
  Time since last request: 0.028739 seconds.
  path: Assets/Environments/3D Simple Building/Model/apartments building (1).fbx
  artifactKey: Guid(b4a81c6cf8e0cd545b6a9e96b64571db) Importer(815301076,1909f56bfc062723c751e8b465ee728b)
Start importing Assets/Environments/3D Simple Building/Model/apartments building (1).fbx using Guid(b4a81c6cf8e0cd545b6a9e96b64571db) Importer(815301076,1909f56bfc062723c751e8b465ee728b)  -> (artifact id: 'cdaf64b79352c9d601faa599ea33c0c7') in 0.117935 seconds 
========================================================================
Received Import Request.
  Time since last request: 53.775813 seconds.
  path: Assets/Environments/Buildings/Materials/dark.mat
  artifactKey: Guid(6149970bab001f3429b5773075400d94) Importer(815301076,1909f56bfc062723c751e8b465ee728b)
Start importing Assets/Environments/Buildings/Materials/dark.mat using Guid(6149970bab001f3429b5773075400d94) Importer(815301076,1909f56bfc062723c751e8b465ee728b)  -> (artifact id: '4893f16b2e581032882712a44f53f84b') in 0.021568 seconds 
========================================================================
Received Import Request.
  Time since last request: 0.000026 seconds.
  path: Assets/Environments/Buildings/Materials/orange.mat
  artifactKey: Guid(4d7a7ecd7349e3c4bbef00f5d17b13bf) Importer(815301076,1909f56bfc062723c751e8b465ee728b)
Start importing Assets/Environments/Buildings/Materials/orange.mat using Guid(4d7a7ecd7349e3c4bbef00f5d17b13bf) Importer(815301076,1909f56bfc062723c751e8b465ee728b)  -> (artifact id: '597534641bbb3acc1b9f7d74dc12c810') in 0.013217 seconds 
========================================================================
Received Import Request.
  Time since last request: 0.000026 seconds.
  path: Assets/Environments/Buildings/Materials/house_roof.mat
  artifactKey: Guid(f753a95fa3d5c7b4a928e262bef41036) Importer(815301076,1909f56bfc062723c751e8b465ee728b)
Start importing Assets/Environments/Buildings/Materials/house_roof.mat using Guid(f753a95fa3d5c7b4a928e262bef41036) Importer(815301076,1909f56bfc062723c751e8b465ee728b)  -> (artifact id: '759513fec25ef1ae417f7ef42bc7b8d2') in 0.014606 seconds 
========================================================================
Received Import Request.
  Time since last request: 0.000030 seconds.
  path: Assets/Environments/Buildings/Materials/mat_032.mat
  artifactKey: Guid(a1f19aa683b403c4390c000c2b7e02d0) Importer(815301076,1909f56bfc062723c751e8b465ee728b)
Start importing Assets/Environments/Buildings/Materials/mat_032.mat using Guid(a1f19aa683b403c4390c000c2b7e02d0) Importer(815301076,1909f56bfc062723c751e8b465ee728b)  -> (artifact id: '108ab02c0d42992c921200da90747a70') in 0.013175 seconds 
========================================================================
Received Import Request.
  Time since last request: 0.000038 seconds.
  path: Assets/Environments/Buildings/Materials/mat_049.mat
  artifactKey: Guid(9d41e7e07fbff8e46913da585402aeff) Importer(815301076,1909f56bfc062723c751e8b465ee728b)
Start importing Assets/Environments/Buildings/Materials/mat_049.mat using Guid(9d41e7e07fbff8e46913da585402aeff) Importer(815301076,1909f56bfc062723c751e8b465ee728b)  -> (artifact id: 'bd365b8283523dc59df0259d45fe2edc') in 0.014381 seconds 
========================================================================
Received Import Request.
  Time since last request: 0.000052 seconds.
  path: Assets/Environments/Buildings/Materials/mat_050.mat
  artifactKey: Guid(b6d03ea09dd4b1143bdc799138b3e161) Importer(815301076,1909f56bfc062723c751e8b465ee728b)
Start importing Assets/Environments/Buildings/Materials/mat_050.mat using Guid(b6d03ea09dd4b1143bdc799138b3e161) Importer(815301076,1909f56bfc062723c751e8b465ee728b)  -> (artifact id: '47959b327efeb1f76946cc21cd3564c8') in 0.019850 seconds 
========================================================================
Received Import Request.
  Time since last request: 0.000034 seconds.
  path: Assets/Environments/Buildings/Materials/mat_021.mat
  artifactKey: Guid(f025fa1036ebf6e4081987ef41674fb2) Importer(815301076,1909f56bfc062723c751e8b465ee728b)
Start importing Assets/Environments/Buildings/Materials/mat_021.mat using Guid(f025fa1036ebf6e4081987ef41674fb2) Importer(815301076,1909f56bfc062723c751e8b465ee728b)  -> (artifact id: '5193f1821d354c1adab713383f785b69') in 0.013280 seconds 
========================================================================
Received Import Request.
  Time since last request: 0.000028 seconds.
  path: Assets/Environments/Buildings/Materials/mat_023.mat
  artifactKey: Guid(559f16d5518f202409846dd06f69956e) Importer(815301076,1909f56bfc062723c751e8b465ee728b)
Start importing Assets/Environments/Buildings/Materials/mat_023.mat using Guid(559f16d5518f202409846dd06f69956e) Importer(815301076,1909f56bfc062723c751e8b465ee728b)  -> (artifact id: 'eb51100d24cd181109a81d8c3a30f80b') in 0.013369 seconds 
========================================================================
Received Import Request.
  Time since last request: 0.000037 seconds.
  path: Assets/Environments/Buildings/Materials/mat_029.mat
  artifactKey: Guid(ecdfb3acf53daa242a788bb0de35d2bf) Importer(815301076,1909f56bfc062723c751e8b465ee728b)
Start importing Assets/Environments/Buildings/Materials/mat_029.mat using Guid(ecdfb3acf53daa242a788bb0de35d2bf) Importer(815301076,1909f56bfc062723c751e8b465ee728b)  -> (artifact id: 'cca7e0211e98e2a7f1327de877dc81e6') in 0.013482 seconds 
========================================================================
Received Import Request.
  Time since last request: 0.000031 seconds.
  path: Assets/Environments/Buildings/Materials/mat_033.mat
  artifactKey: Guid(6c5f18a4d0df475479b0859ba8138b4c) Importer(815301076,1909f56bfc062723c751e8b465ee728b)
Start importing Assets/Environments/Buildings/Materials/mat_033.mat using Guid(6c5f18a4d0df475479b0859ba8138b4c) Importer(815301076,1909f56bfc062723c751e8b465ee728b)  -> (artifact id: 'd93e8e94802eabed151949e8df1a9743') in 0.014664 seconds 
========================================================================
Received Import Request.
  Time since last request: 0.000031 seconds.
  path: Assets/Environments/Buildings/Materials/gray_2.mat
  artifactKey: Guid(485df51a2bedc1840abef572b862ef06) Importer(815301076,1909f56bfc062723c751e8b465ee728b)
Start importing Assets/Environments/Buildings/Materials/gray_2.mat using Guid(485df51a2bedc1840abef572b862ef06) Importer(815301076,1909f56bfc062723c751e8b465ee728b)  -> (artifact id: '1ae1d207f664bad3bcc85a46f81c631e') in 0.013131 seconds 
========================================================================
Received Import Request.
  Time since last request: 0.000038 seconds.
  path: Assets/Environments/Buildings/Materials/green_3.mat
  artifactKey: Guid(a948b4e8ebb6e0a4a9e8baac56597b7a) Importer(815301076,1909f56bfc062723c751e8b465ee728b)
Start importing Assets/Environments/Buildings/Materials/green_3.mat using Guid(a948b4e8ebb6e0a4a9e8baac56597b7a) Importer(815301076,1909f56bfc062723c751e8b465ee728b)  -> (artifact id: '182a8c7c8bb203395efbeee8e9bacc35') in 0.010079 seconds 
========================================================================
Received Import Request.
  Time since last request: 0.000031 seconds.
  path: Assets/Environments/Buildings/Materials/mat_047.mat
  artifactKey: Guid(cf9cae4ed4e1f08449aa35b478179a78) Importer(815301076,1909f56bfc062723c751e8b465ee728b)
Start importing Assets/Environments/Buildings/Materials/mat_047.mat using Guid(cf9cae4ed4e1f08449aa35b478179a78) Importer(815301076,1909f56bfc062723c751e8b465ee728b)  -> (artifact id: '4191d302ac66261563c53a4c4d8b7eb2') in 0.012999 seconds 
========================================================================
Received Import Request.
  Time since last request: 0.000022 seconds.
  path: Assets/Environments/Buildings/Materials/dark_blue.mat
  artifactKey: Guid(102bae77eac3d8747b1ad278ad01d1b7) Importer(815301076,1909f56bfc062723c751e8b465ee728b)
Start importing Assets/Environments/Buildings/Materials/dark_blue.mat using Guid(102bae77eac3d8747b1ad278ad01d1b7) Importer(815301076,1909f56bfc062723c751e8b465ee728b)  -> (artifact id: 'c899d80c1baac488f79d32133087e6b6') in 0.012039 seconds 
========================================================================
Received Import Request.
  Time since last request: 0.000029 seconds.
  path: Assets/Environments/Buildings/Materials/mat_019.mat
  artifactKey: Guid(38bf28e442e792c4fb7dd0f396a767bb) Importer(815301076,1909f56bfc062723c751e8b465ee728b)
Start importing Assets/Environments/Buildings/Materials/mat_019.mat using Guid(38bf28e442e792c4fb7dd0f396a767bb) Importer(815301076,1909f56bfc062723c751e8b465ee728b)  -> (artifact id: 'e242d2c11408b41a2d1175ed84aa5f69') in 0.019186 seconds 
========================================================================
Received Import Request.
  Time since last request: 0.000033 seconds.
  path: Assets/Environments/Buildings/Materials/nowy2.mat
  artifactKey: Guid(0ef04b9868dfc414bb22a1d02cdb3bdf) Importer(815301076,1909f56bfc062723c751e8b465ee728b)
Start importing Assets/Environments/Buildings/Materials/nowy2.mat using Guid(0ef04b9868dfc414bb22a1d02cdb3bdf) Importer(815301076,1909f56bfc062723c751e8b465ee728b)  -> (artifact id: 'aaf6665033558476af85404b203cb9c1') in 0.013916 seconds 
========================================================================
Received Import Request.
  Time since last request: 0.000030 seconds.
  path: Assets/Environments/Buildings/Materials/green_yellow.mat
  artifactKey: Guid(a4d04ebd300cfa74bb449a136a2faf21) Importer(815301076,1909f56bfc062723c751e8b465ee728b)
Start importing Assets/Environments/Buildings/Materials/green_yellow.mat using Guid(a4d04ebd300cfa74bb449a136a2faf21) Importer(815301076,1909f56bfc062723c751e8b465ee728b)  -> (artifact id: '5f350800ad3ac11f231280bf307e0fb6') in 0.012370 seconds 
========================================================================
Received Import Request.
  Time since last request: 0.000035 seconds.
  path: Assets/Environments/Buildings/Materials/No Name.mat
  artifactKey: Guid(26b9948f8f4ddc84794232d853601bde) Importer(815301076,1909f56bfc062723c751e8b465ee728b)
Start importing Assets/Environments/Buildings/Materials/No Name.mat using Guid(26b9948f8f4ddc84794232d853601bde) Importer(815301076,1909f56bfc062723c751e8b465ee728b)  -> (artifact id: '15490159a2b371247bcd51b35a897b3a') in 0.024472 seconds 
========================================================================
Received Import Request.
  Time since last request: 0.000029 seconds.
  path: Assets/Environments/Buildings/Materials/orange_2.mat
  artifactKey: Guid(2397c52e77814aa4797a42b2eb8c57d6) Importer(815301076,1909f56bfc062723c751e8b465ee728b)
Start importing Assets/Environments/Buildings/Materials/orange_2.mat using Guid(2397c52e77814aa4797a42b2eb8c57d6) Importer(815301076,1909f56bfc062723c751e8b465ee728b)  -> (artifact id: '9d5ed16aae35702de5128fad86b1f37b') in 0.012350 seconds 
========================================================================
Received Import Request.
  Time since last request: 0.000036 seconds.
  path: Assets/Environments/Buildings/Materials/mat_054.mat
  artifactKey: Guid(47f45d6570fa3da4aa9981cf37ffc581) Importer(815301076,1909f56bfc062723c751e8b465ee728b)
Start importing Assets/Environments/Buildings/Materials/mat_054.mat using Guid(47f45d6570fa3da4aa9981cf37ffc581) Importer(815301076,1909f56bfc062723c751e8b465ee728b)  -> (artifact id: 'fb62ed2ba8a9a5b30bb0f03cae185c4c') in 0.013858 seconds 
========================================================================
Received Import Request.
  Time since last request: 0.000025 seconds.
  path: Assets/Environments/Buildings/Materials/mat_053.mat
  artifactKey: Guid(52acdecc473bbfc47aa78bbceb4ad8b7) Importer(815301076,1909f56bfc062723c751e8b465ee728b)
Start importing Assets/Environments/Buildings/Materials/mat_053.mat using Guid(52acdecc473bbfc47aa78bbceb4ad8b7) Importer(815301076,1909f56bfc062723c751e8b465ee728b)  -> (artifact id: '2b99ac6c28092b62fd8fdc2f3088a795') in 0.014656 seconds 
========================================================================
Received Import Request.
  Time since last request: 0.000037 seconds.
  path: Assets/Environments/Buildings/Materials/mat_031.mat
  artifactKey: Guid(84488870b9830004ca53ab1f0d4b7c89) Importer(815301076,1909f56bfc062723c751e8b465ee728b)
Start importing Assets/Environments/Buildings/Materials/mat_031.mat using Guid(84488870b9830004ca53ab1f0d4b7c89) Importer(815301076,1909f56bfc062723c751e8b465ee728b)  -> (artifact id: '3b460bdd4489e88c50ef72c3b045ec0c') in 0.015482 seconds 
========================================================================
Received Import Request.
  Time since last request: 0.000040 seconds.
  path: Assets/Environments/Buildings/Materials/mat_001.mat
  artifactKey: Guid(58f7a88f61b67864d903fc8375c5dc1e) Importer(815301076,1909f56bfc062723c751e8b465ee728b)
Start importing Assets/Environments/Buildings/Materials/mat_001.mat using Guid(58f7a88f61b67864d903fc8375c5dc1e) Importer(815301076,1909f56bfc062723c751e8b465ee728b)  -> (artifact id: '5d6f802d4ff0e7bd48ee0cd0ce869b54') in 0.014611 seconds 
========================================================================
Received Import Request.
  Time since last request: 0.000029 seconds.
  path: Assets/Environments/Buildings/Materials/mat_015.mat
  artifactKey: Guid(81d7f85920abf284d95de77f05e78fbf) Importer(815301076,1909f56bfc062723c751e8b465ee728b)
Start importing Assets/Environments/Buildings/Materials/mat_015.mat using Guid(81d7f85920abf284d95de77f05e78fbf) Importer(815301076,1909f56bfc062723c751e8b465ee728b)  -> (artifact id: 'fd285dadb9631ee0fa9b45f8043d3b2d') in 0.015244 seconds 
========================================================================
Received Import Request.
  Time since last request: 0.000032 seconds.
  path: Assets/Environments/Buildings/Materials/mat_042.mat
  artifactKey: Guid(28a696062fa3c8349aa81cc952f8a363) Importer(815301076,1909f56bfc062723c751e8b465ee728b)
Start importing Assets/Environments/Buildings/Materials/mat_042.mat using Guid(28a696062fa3c8349aa81cc952f8a363) Importer(815301076,1909f56bfc062723c751e8b465ee728b)  -> (artifact id: '24a9871625585522493477473782bdd1') in 0.014342 seconds 
========================================================================
Received Import Request.
  Time since last request: 4.225607 seconds.
  path: Assets/Environments/3D Simple Building/Demo Scene B/ReflectionProbe-0.exr
  artifactKey: Guid(70ab59573adc6f34893afc210d9f35d8) Importer(815301076,1909f56bfc062723c751e8b465ee728b)
Start importing Assets/Environments/3D Simple Building/Demo Scene B/ReflectionProbe-0.exr using Guid(70ab59573adc6f34893afc210d9f35d8) Importer(815301076,1909f56bfc062723c751e8b465ee728b)  -> (artifact id: '5ccdb08a614e75016919f3005a74d1d0') in 0.037188 seconds 
========================================================================
Received Prepare
Registering precompiled user dll's ...
Registered in 0.005143 seconds.
Begin MonoManager ReloadAssembly
Symbol file LoadedFromMemory doesn't match image D:\KULYEAH\5\GAME DESIGN\[PROJECT]\DESGA-PROJ\Library\PackageCache\com.unity.visualscripting@1.7.8\Editor\VisualScripting.Core\Dependencies\YamlDotNet\Unity.VisualScripting.YamlDotNet.dll
Symbol file LoadedFromMemory doesn't match image D:\KULYEAH\5\GAME DESIGN\[PROJECT]\DESGA-PROJ\Library\PackageCache\com.unity.visualscripting@1.7.8\Editor\VisualScripting.Core\Dependencies\DotNetZip\Unity.VisualScripting.IonicZip.dll
Native extension for WindowsStandalone target not found
Native extension for Android target not found
Native extension for WebGL target not found
Refreshing native plugins compatible for Editor in 1.29 ms, found 3 plugins.
Preloading 0 native plugins for Editor in 0.00 ms.
Mono: successfully reloaded assembly
- Completed reload, in  1.338 seconds
Domain Reload Profiling:
	ReloadAssembly (1339ms)
		BeginReloadAssembly (146ms)
			ExecutionOrderSort (0ms)
			DisableScriptedObjects (4ms)
			BackupInstance (0ms)
			ReleaseScriptingObjects (0ms)
			CreateAndSetChildDomain (46ms)
		EndReloadAssembly (1084ms)
			LoadAssemblies (87ms)
			RebuildTransferFunctionScriptingTraits (0ms)
			SetupTypeCache (371ms)
			ReleaseScriptCaches (3ms)
			RebuildScriptCaches (89ms)
			SetupLoadedEditorAssemblies (447ms)
				LogAssemblyErrors (0ms)
				InitializePlatformSupportModulesInManaged (37ms)
				SetLoadedEditorAssemblies (1ms)
				RefreshPlugins (1ms)
				BeforeProcessingInitializeOnLoad (82ms)
				ProcessInitializeOnLoadAttributes (277ms)
				ProcessInitializeOnLoadMethodAttributes (40ms)
				AfterProcessingInitializeOnLoad (9ms)
				EditorAssembliesLoaded (0ms)
			ExecutionOrderSort2 (0ms)
			AwakeInstancesAfterBackupRestoration (7ms)
Platform modules already initialized, skipping
Refreshing native plugins compatible for Editor in 2.41 ms, found 3 plugins.
Preloading 0 native plugins for Editor in 0.00 ms.
Unloading 3340 Unused Serialized files (Serialized files now loaded: 0)
Unloading 20 unused Assets / (80.0 KB). Loaded Objects now: 3875.
Memory consumption went from 135.3 MB to 135.2 MB.
Total: 4.268300 ms (FindLiveObjects: 0.387100 ms CreateObjectMapping: 0.395500 ms MarkObjects: 3.382000 ms  DeleteObjects: 0.101600 ms)

AssetImportParameters requested are different than current active one (requested -> active):
  custom:video-decoder-ogg-theora: a1e56fd34408186e4bbccfd4996cb3dc -> 
  custom:container-muxer-webm: aa71ff27fc2769a1b78a27578f13a17b -> 
  custom:container-demuxer-webm: 4f35f7cbe854078d1ac9338744f61a02 -> 
  custom:video-encoder-webm-vp8: eb34c28f22e8b96e1ab97ce403110664 -> 
  custom:audio-encoder-webm-vorbis: bf7c407c2cedff20999df2af8eb42d56 -> 
  custom:framework-win-MediaFoundation: 216162199b28c13a410421893ffa2e32 -> 
  custom:container-demuxer-ogg: 62fdf1f143b41e24485cea50d1cbac27 -> 
  custom:video-decoder-webm-vp8: 9c59270c3fd7afecdb556c50c9e8de78 -> 
  custom:audio-decoder-ogg-vorbis: bf7c407c2cedff20999df2af8eb42d56 -> 
========================================================================
Received Prepare
Registering precompiled user dll's ...
Registered in 0.003419 seconds.
Begin MonoManager ReloadAssembly
Symbol file LoadedFromMemory doesn't match image D:\KULYEAH\5\GAME DESIGN\[PROJECT]\DESGA-PROJ\Library\PackageCache\com.unity.visualscripting@1.7.8\Editor\VisualScripting.Core\Dependencies\YamlDotNet\Unity.VisualScripting.YamlDotNet.dll
Symbol file LoadedFromMemory doesn't match image D:\KULYEAH\5\GAME DESIGN\[PROJECT]\DESGA-PROJ\Library\PackageCache\com.unity.visualscripting@1.7.8\Editor\VisualScripting.Core\Dependencies\DotNetZip\Unity.VisualScripting.IonicZip.dll
Native extension for WindowsStandalone target not found
Native extension for Android target not found
Native extension for WebGL target not found
Refreshing native plugins compatible for Editor in 1.70 ms, found 3 plugins.
Preloading 0 native plugins for Editor in 0.00 ms.
Mono: successfully reloaded assembly
- Completed reload, in  1.262 seconds
Domain Reload Profiling:
	ReloadAssembly (1263ms)
		BeginReloadAssembly (158ms)
			ExecutionOrderSort (0ms)
			DisableScriptedObjects (7ms)
			BackupInstance (0ms)
			ReleaseScriptingObjects (0ms)
			CreateAndSetChildDomain (45ms)
		EndReloadAssembly (991ms)
			LoadAssemblies (100ms)
			RebuildTransferFunctionScriptingTraits (0ms)
			SetupTypeCache (311ms)
			ReleaseScriptCaches (2ms)
			RebuildScriptCaches (57ms)
			SetupLoadedEditorAssemblies (463ms)
				LogAssemblyErrors (0ms)
				InitializePlatformSupportModulesInManaged (35ms)
				SetLoadedEditorAssemblies (1ms)
				RefreshPlugins (2ms)
				BeforeProcessingInitializeOnLoad (93ms)
				ProcessInitializeOnLoadAttributes (288ms)
				ProcessInitializeOnLoadMethodAttributes (35ms)
				AfterProcessingInitializeOnLoad (8ms)
				EditorAssembliesLoaded (0ms)
			ExecutionOrderSort2 (0ms)
			AwakeInstancesAfterBackupRestoration (8ms)
Platform modules already initialized, skipping
Refreshing native plugins compatible for Editor in 1.98 ms, found 3 plugins.
Preloading 0 native plugins for Editor in 0.00 ms.
Unloading 3340 Unused Serialized files (Serialized files now loaded: 0)
Unloading 20 unused Assets / (80.0 KB). Loaded Objects now: 3878.
Memory consumption went from 135.3 MB to 135.2 MB.
Total: 3.772400 ms (FindLiveObjects: 0.308400 ms CreateObjectMapping: 0.090100 ms MarkObjects: 3.258500 ms  DeleteObjects: 0.114200 ms)

AssetImportParameters requested are different than current active one (requested -> active):
  custom:video-decoder-ogg-theora: a1e56fd34408186e4bbccfd4996cb3dc -> 
  custom:container-muxer-webm: aa71ff27fc2769a1b78a27578f13a17b -> 
  custom:container-demuxer-webm: 4f35f7cbe854078d1ac9338744f61a02 -> 
  custom:video-encoder-webm-vp8: eb34c28f22e8b96e1ab97ce403110664 -> 
  custom:audio-encoder-webm-vorbis: bf7c407c2cedff20999df2af8eb42d56 -> 
  custom:framework-win-MediaFoundation: 216162199b28c13a410421893ffa2e32 -> 
  custom:container-demuxer-ogg: 62fdf1f143b41e24485cea50d1cbac27 -> 
  custom:video-decoder-webm-vp8: 9c59270c3fd7afecdb556c50c9e8de78 -> 
  custom:audio-decoder-ogg-vorbis: bf7c407c2cedff20999df2af8eb42d56 -> 
